File "test/parser/test_decr.ml", line 13, characters 74-75:
13 |           assert_equal expected actual ~printer:(fun s -> "\"" ^ s ^ "\""))
                                                                               ^
Error: Syntax error
File "test/parser/test_incr.ml", line 14, characters 74-75:
14 |           assert_equal expected actual ~printer:(fun s -> "\"" ^ s ^ "\""))
                                                                               ^
Error: Syntax error
File "test/parser/test_loops.ml", line 33, characters 74-75:
33 |           assert_equal expected actual ~printer:(fun s -> "\"" ^ s ^ "\""))
                                                                               ^
Error: Syntax error
File "test/parser/dune", line 6, characters 8-19:
6 |   (name test_divide)
            ^^^^^^^^^^^
EEEEEEEE
==============================================================================
Error: testing_divide:7:test8.

File "/Users/txy/Desktop/College Homework/Spring 2025/plt/fly/_build/default/test/parser/oUnit-testing_divide-xiang-2#01.log", line 32, characters 1-1:
Error: testing_divide:7:test8 (in the log).

Raised at Stdlib__Parsing.yyparse.loop in file "parsing.ml", line 139, characters 8-25
Called from Stdlib__Parsing.yyparse in file "parsing.ml", line 165, characters 4-28
Re-raised at Stdlib__Parsing.yyparse in file "parsing.ml", line 184, characters 8-17
Called from Dune__exe__Test_divide.tests.(fun) in file "test/parser/test_divide.ml", line 83, characters 24-67
Called from OUnitRunner.run_one_test.(fun) in file "src/lib/ounit2/advanced/oUnitRunner.ml", line 83, characters 13-26

Stdlib.Parsing.Parse_error
------------------------------------------------------------------------------
==============================================================================
Error: testing_divide:6:test7.

File "/Users/txy/Desktop/College Homework/Spring 2025/plt/fly/_build/default/test/parser/oUnit-testing_divide-xiang-2#02.log", line 32, characters 1-1:
Error: testing_divide:6:test7 (in the log).

Raised at Stdlib__Parsing.yyparse.loop in file "parsing.ml", line 139, characters 8-25
Called from Stdlib__Parsing.yyparse in file "parsing.ml", line 165, characters 4-28
Re-raised at Stdlib__Parsing.yyparse in file "parsing.ml", line 184, characters 8-17
Called from Dune__exe__Test_divide.tests.(fun) in file "test/parser/test_divide.ml", line 70, characters 24-67
Called from OUnitRunner.run_one_test.(fun) in file "src/lib/ounit2/advanced/oUnitRunner.ml", line 83, characters 13-26

Stdlib.Parsing.Parse_error
------------------------------------------------------------------------------
==============================================================================
Error: testing_divide:5:test6.

File "/Users/txy/Desktop/College Homework/Spring 2025/plt/fly/_build/default/test/parser/oUnit-testing_divide-xiang-2#01.log", line 22, characters 1-1:
Error: testing_divide:5:test6 (in the log).

Raised at Stdlib__Parsing.yyparse.loop in file "parsing.ml", line 139, characters 8-25
Called from Stdlib__Parsing.yyparse in file "parsing.ml", line 165, characters 4-28
Re-raised at Stdlib__Parsing.yyparse in file "parsing.ml", line 184, characters 8-17
Called from Dune__exe__Test_divide.tests.(fun) in file "test/parser/test_divide.ml", line 60, characters 24-67
Called from OUnitRunner.run_one_test.(fun) in file "src/lib/ounit2/advanced/oUnitRunner.ml", line 83, characters 13-26

Stdlib.Parsing.Parse_error
------------------------------------------------------------------------------
==============================================================================
Error: testing_divide:4:test5.

File "/Users/txy/Desktop/College Homework/Spring 2025/plt/fly/_build/default/test/parser/oUnit-testing_divide-xiang-2#02.log", line 22, characters 1-1:
Error: testing_divide:4:test5 (in the log).

Raised at Stdlib__Parsing.yyparse.loop in file "parsing.ml", line 139, characters 8-25
Called from Stdlib__Parsing.yyparse in file "parsing.ml", line 165, characters 4-28
Re-raised at Stdlib__Parsing.yyparse in file "parsing.ml", line 184, characters 8-17
Called from Dune__exe__Test_divide.tests.(fun) in file "test/parser/test_divide.ml", line 50, characters 24-67
Called from OUnitRunner.run_one_test.(fun) in file "src/lib/ounit2/advanced/oUnitRunner.ml", line 83, characters 13-26

Stdlib.Parsing.Parse_error
------------------------------------------------------------------------------
==============================================================================
Error: testing_divide:3:test4.

File "/Users/txy/Desktop/College Homework/Spring 2025/plt/fly/_build/default/test/parser/oUnit-testing_divide-xiang-2#02.log", line 12, characters 1-1:
Error: testing_divide:3:test4 (in the log).

Raised at Stdlib__Parsing.yyparse.loop in file "parsing.ml", line 139, characters 8-25
Called from Stdlib__Parsing.yyparse in file "parsing.ml", line 165, characters 4-28
Re-raised at Stdlib__Parsing.yyparse in file "parsing.ml", line 184, characters 8-17
Called from Dune__exe__Test_divide.tests.(fun) in file "test/parser/test_divide.ml", line 40, characters 24-67
Called from OUnitRunner.run_one_test.(fun) in file "src/lib/ounit2/advanced/oUnitRunner.ml", line 83, characters 13-26

Stdlib.Parsing.Parse_error
------------------------------------------------------------------------------
==============================================================================
Error: testing_divide:2:test3.

File "/Users/txy/Desktop/College Homework/Spring 2025/plt/fly/_build/default/test/parser/oUnit-testing_divide-xiang-2#01.log", line 12, characters 1-1:
Error: testing_divide:2:test3 (in the log).

Raised at Stdlib__Parsing.yyparse.loop in file "parsing.ml", line 139, characters 8-25
Called from Stdlib__Parsing.yyparse in file "parsing.ml", line 165, characters 4-28
Re-raised at Stdlib__Parsing.yyparse in file "parsing.ml", line 184, characters 8-17
Called from Dune__exe__Test_divide.tests.(fun) in file "test/parser/test_divide.ml", line 30, characters 24-67
Called from OUnitRunner.run_one_test.(fun) in file "src/lib/ounit2/advanced/oUnitRunner.ml", line 83, characters 13-26

Stdlib.Parsing.Parse_error
------------------------------------------------------------------------------
==============================================================================
Error: testing_divide:1:test2.

File "/Users/txy/Desktop/College Homework/Spring 2025/plt/fly/_build/default/test/parser/oUnit-testing_divide-xiang-2#02.log", line 2, characters 1-1:
Error: testing_divide:1:test2 (in the log).

Raised at Stdlib__Parsing.yyparse.loop in file "parsing.ml", line 139, characters 8-25
Called from Stdlib__Parsing.yyparse in file "parsing.ml", line 165, characters 4-28
Re-raised at Stdlib__Parsing.yyparse in file "parsing.ml", line 184, characters 8-17
Called from Dune__exe__Test_divide.tests.(fun) in file "test/parser/test_divide.ml", line 20, characters 24-67
Called from OUnitRunner.run_one_test.(fun) in file "src/lib/ounit2/advanced/oUnitRunner.ml", line 83, characters 13-26

Stdlib.Parsing.Parse_error
------------------------------------------------------------------------------
==============================================================================
Error: testing_divide:0:test1.

File "/Users/txy/Desktop/College Homework/Spring 2025/plt/fly/_build/default/test/parser/oUnit-testing_divide-xiang-2#01.log", line 2, characters 1-1:
Error: testing_divide:0:test1 (in the log).

Raised at Stdlib__Parsing.yyparse.loop in file "parsing.ml", line 139, characters 8-25
Called from Stdlib__Parsing.yyparse in file "parsing.ml", line 165, characters 4-28
Re-raised at Stdlib__Parsing.yyparse in file "parsing.ml", line 184, characters 8-17
Called from Dune__exe__Test_divide.tests.(fun) in file "test/parser/test_divide.ml", line 10, characters 24-67
Called from OUnitRunner.run_one_test.(fun) in file "src/lib/ounit2/advanced/oUnitRunner.ml", line 83, characters 13-26

Stdlib.Parsing.Parse_error
------------------------------------------------------------------------------
Ran: 8 tests in: 0.11 seconds.
FAILED: Cases: 8 Tried: 8 Errors: 8 Failures: 0 Skip:  0 Todo: 0 Timeouts: 0.
File "test/parser/dune", line 2, characters 8-16:
2 |   (name test_and)
            ^^^^^^^^
EEEEEEEE
==============================================================================
Error: testing_and:7:test8.

File "/Users/txy/Desktop/College Homework/Spring 2025/plt/fly/_build/default/test/parser/oUnit-testing_and-xiang-2#01.log", line 42, characters 1-1:
Error: testing_and:7:test8 (in the log).

Raised at Stdlib__Parsing.yyparse.loop in file "parsing.ml", line 139, characters 8-25
Called from Stdlib__Parsing.yyparse in file "parsing.ml", line 165, characters 4-28
Re-raised at Stdlib__Parsing.yyparse in file "parsing.ml", line 184, characters 8-17
Called from Dune__exe__Test_and.tests.(fun) in file "test/parser/test_and.ml", line 84, characters 24-67
Called from OUnitRunner.run_one_test.(fun) in file "src/lib/ounit2/advanced/oUnitRunner.ml", line 83, characters 13-26

Stdlib.Parsing.Parse_error
------------------------------------------------------------------------------
==============================================================================
Error: testing_and:6:test7.

File "/Users/txy/Desktop/College Homework/Spring 2025/plt/fly/_build/default/test/parser/oUnit-testing_and-xiang-2#01.log", line 32, characters 1-1:
Error: testing_and:6:test7 (in the log).

Raised at Stdlib__Parsing.yyparse.loop in file "parsing.ml", line 139, characters 8-25
Called from Stdlib__Parsing.yyparse in file "parsing.ml", line 165, characters 4-28
Re-raised at Stdlib__Parsing.yyparse in file "parsing.ml", line 184, characters 8-17
Called from Dune__exe__Test_and.tests.(fun) in file "test/parser/test_and.ml", line 73, characters 24-67
Called from OUnitRunner.run_one_test.(fun) in file "src/lib/ounit2/advanced/oUnitRunner.ml", line 83, characters 13-26

Stdlib.Parsing.Parse_error
------------------------------------------------------------------------------
==============================================================================
Error: testing_and:5:test6.

File "/Users/txy/Desktop/College Homework/Spring 2025/plt/fly/_build/default/test/parser/oUnit-testing_and-xiang-2#02.log", line 22, characters 1-1:
Error: testing_and:5:test6 (in the log).

Raised at Stdlib__Parsing.yyparse.loop in file "parsing.ml", line 139, characters 8-25
Called from Stdlib__Parsing.yyparse in file "parsing.ml", line 165, characters 4-28
Re-raised at Stdlib__Parsing.yyparse in file "parsing.ml", line 184, characters 8-17
Called from Dune__exe__Test_and.tests.(fun) in file "test/parser/test_and.ml", line 63, characters 24-67
Called from OUnitRunner.run_one_test.(fun) in file "src/lib/ounit2/advanced/oUnitRunner.ml", line 83, characters 13-26

Stdlib.Parsing.Parse_error
------------------------------------------------------------------------------
==============================================================================
Error: testing_and:4:test5.

File "/Users/txy/Desktop/College Homework/Spring 2025/plt/fly/_build/default/test/parser/oUnit-testing_and-xiang-2#01.log", line 22, characters 1-1:
Error: testing_and:4:test5 (in the log).

Raised at Stdlib__Parsing.yyparse.loop in file "parsing.ml", line 139, characters 8-25
Called from Stdlib__Parsing.yyparse in file "parsing.ml", line 165, characters 4-28
Re-raised at Stdlib__Parsing.yyparse in file "parsing.ml", line 184, characters 8-17
Called from Dune__exe__Test_and.tests.(fun) in file "test/parser/test_and.ml", line 54, characters 24-67
Called from OUnitRunner.run_one_test.(fun) in file "src/lib/ounit2/advanced/oUnitRunner.ml", line 83, characters 13-26

Stdlib.Parsing.Parse_error
------------------------------------------------------------------------------
==============================================================================
Error: testing_and:3:test4.

File "/Users/txy/Desktop/College Homework/Spring 2025/plt/fly/_build/default/test/parser/oUnit-testing_and-xiang-2#02.log", line 12, characters 1-1:
Error: testing_and:3:test4 (in the log).

Raised at Stdlib__Parsing.yyparse.loop in file "parsing.ml", line 139, characters 8-25
Called from Stdlib__Parsing.yyparse in file "parsing.ml", line 165, characters 4-28
Re-raised at Stdlib__Parsing.yyparse in file "parsing.ml", line 184, characters 8-17
Called from Dune__exe__Test_and.tests.(fun) in file "test/parser/test_and.ml", line 43, characters 24-67
Called from OUnitRunner.run_one_test.(fun) in file "src/lib/ounit2/advanced/oUnitRunner.ml", line 83, characters 13-26

Stdlib.Parsing.Parse_error
------------------------------------------------------------------------------
==============================================================================
Error: testing_and:2:test3.

File "/Users/txy/Desktop/College Homework/Spring 2025/plt/fly/_build/default/test/parser/oUnit-testing_and-xiang-2#01.log", line 12, characters 1-1:
Error: testing_and:2:test3 (in the log).

Raised at Stdlib__Parsing.yyparse.loop in file "parsing.ml", line 139, characters 8-25
Called from Stdlib__Parsing.yyparse in file "parsing.ml", line 165, characters 4-28
Re-raised at Stdlib__Parsing.yyparse in file "parsing.ml", line 184, characters 8-17
Called from Dune__exe__Test_and.tests.(fun) in file "test/parser/test_and.ml", line 34, characters 24-67
Called from OUnitRunner.run_one_test.(fun) in file "src/lib/ounit2/advanced/oUnitRunner.ml", line 83, characters 13-26

Stdlib.Parsing.Parse_error
------------------------------------------------------------------------------
==============================================================================
Error: testing_and:1:test2.

File "/Users/txy/Desktop/College Homework/Spring 2025/plt/fly/_build/default/test/parser/oUnit-testing_and-xiang-2#02.log", line 2, characters 1-1:
Error: testing_and:1:test2 (in the log).

Raised at Stdlib__Parsing.yyparse.loop in file "parsing.ml", line 139, characters 8-25
Called from Stdlib__Parsing.yyparse in file "parsing.ml", line 165, characters 4-28
Re-raised at Stdlib__Parsing.yyparse in file "parsing.ml", line 184, characters 8-17
Called from Dune__exe__Test_and.tests.(fun) in file "test/parser/test_and.ml", line 23, characters 24-67
Called from OUnitRunner.run_one_test.(fun) in file "src/lib/ounit2/advanced/oUnitRunner.ml", line 83, characters 13-26

Stdlib.Parsing.Parse_error
------------------------------------------------------------------------------
==============================================================================
Error: testing_and:0:test1.

File "/Users/txy/Desktop/College Homework/Spring 2025/plt/fly/_build/default/test/parser/oUnit-testing_and-xiang-2#01.log", line 2, characters 1-1:
Error: testing_and:0:test1 (in the log).

Raised at Stdlib__Parsing.yyparse.loop in file "parsing.ml", line 139, characters 8-25
Called from Stdlib__Parsing.yyparse in file "parsing.ml", line 165, characters 4-28
Re-raised at Stdlib__Parsing.yyparse in file "parsing.ml", line 184, characters 8-17
Called from Dune__exe__Test_and.tests.(fun) in file "test/parser/test_and.ml", line 12, characters 24-67
Called from OUnitRunner.run_one_test.(fun) in file "src/lib/ounit2/advanced/oUnitRunner.ml", line 83, characters 13-26

Stdlib.Parsing.Parse_error
------------------------------------------------------------------------------
Ran: 8 tests in: 0.11 seconds.
FAILED: Cases: 8 Tried: 8 Errors: 8 Failures: 0 Skip:  0 Todo: 0 Timeouts: 0.
File "test/parser/dune", line 10, characters 8-18:
10 |   (name test_enums)
             ^^^^^^^^^^
EFFFFEEFF
==============================================================================
Error: testing_enums:5:test6.

File "/Users/txy/Desktop/College Homework/Spring 2025/plt/fly/_build/default/test/parser/oUnit-testing_enums-xiang-2#01.log", line 20, characters 1-1:
Error: testing_enums:5:test6 (in the log).

Raised at Stdlib__Parsing.yyparse.loop in file "parsing.ml", line 139, characters 8-25
Called from Stdlib__Parsing.yyparse in file "parsing.ml", line 165, characters 4-28
Re-raised at Stdlib__Parsing.yyparse in file "parsing.ml", line 184, characters 8-17
Called from Dune__exe__Test_enums.tests.(fun) in file "test/parser/test_enums.ml", line 73, characters 24-67
Called from OUnitRunner.run_one_test.(fun) in file "src/lib/ounit2/advanced/oUnitRunner.ml", line 83, characters 13-26

Stdlib.Parsing.Parse_error
------------------------------------------------------------------------------
==============================================================================
Error: testing_enums:6:test7.

File "/Users/txy/Desktop/College Homework/Spring 2025/plt/fly/_build/default/test/parser/oUnit-testing_enums-xiang-2#02.log", line 41, characters 1-1:
Error: testing_enums:6:test7 (in the log).

Raised at Stdlib__Parsing.yyparse.loop in file "parsing.ml", line 139, characters 8-25
Called from Stdlib__Parsing.yyparse in file "parsing.ml", line 165, characters 4-28
Re-raised at Stdlib__Parsing.yyparse in file "parsing.ml", line 184, characters 8-17
Called from Dune__exe__Test_enums.tests.(fun) in file "test/parser/test_enums.ml", line 85, characters 24-67
Called from OUnitRunner.run_one_test.(fun) in file "src/lib/ounit2/advanced/oUnitRunner.ml", line 83, characters 13-26

Stdlib.Parsing.Parse_error
------------------------------------------------------------------------------
==============================================================================
Error: testing_enums:0:test1.

File "/Users/txy/Desktop/College Homework/Spring 2025/plt/fly/_build/default/test/parser/oUnit-testing_enums-xiang-2#01.log", line 2, characters 1-1:
Error: testing_enums:0:test1 (in the log).

Raised at Stdlib__Parsing.yyparse.loop in file "parsing.ml", line 139, characters 8-25
Called from Stdlib__Parsing.yyparse in file "parsing.ml", line 165, characters 4-28
Re-raised at Stdlib__Parsing.yyparse in file "parsing.ml", line 184, characters 8-17
Called from Dune__exe__Test_enums.tests.(fun) in file "test/parser/test_enums.ml", line 10, characters 24-67
Called from OUnitRunner.run_one_test.(fun) in file "src/lib/ounit2/advanced/oUnitRunner.ml", line 83, characters 13-26

Stdlib.Parsing.Parse_error
------------------------------------------------------------------------------
==============================================================================
Error: testing_enums:8:test9.

File "/Users/txy/Desktop/College Homework/Spring 2025/plt/fly/_build/default/test/parser/oUnit-testing_enums-xiang-2#01.log", line 30, characters 1-1:
Error: testing_enums:8:test9 (in the log).

Raised at OUnitAssert.assert_failure in file "src/lib/ounit2/advanced/oUnitAssert.ml", line 45, characters 2-27
Called from OUnitRunner.run_one_test.(fun) in file "src/lib/ounit2/advanced/oUnitRunner.ml", line 83, characters 13-26

expected: "let a5 := !Color.Red;
" but got: "let a5 := !Color.Red"
------------------------------------------------------------------------------
==============================================================================
Error: testing_enums:7:test8.

File "/Users/txy/Desktop/College Homework/Spring 2025/plt/fly/_build/default/test/parser/oUnit-testing_enums-xiang-2#02.log", line 51, characters 1-1:
Error: testing_enums:7:test8 (in the log).

Raised at OUnitAssert.assert_failure in file "src/lib/ounit2/advanced/oUnitAssert.ml", line 45, characters 2-27
Called from OUnitRunner.run_one_test.(fun) in file "src/lib/ounit2/advanced/oUnitRunner.ml", line 83, characters 13-26

expected: "let a4 := Color.Red + Color.Green;
"
but got: "let a4 := Color.Red + Color.Green"
------------------------------------------------------------------------------
==============================================================================
Error: testing_enums:4:test5.

File "/Users/txy/Desktop/College Homework/Spring 2025/plt/fly/_build/default/test/parser/oUnit-testing_enums-xiang-2#02.log", line 27, characters 1-1:
Error: testing_enums:4:test5 (in the log).

Raised at OUnitAssert.assert_failure in file "src/lib/ounit2/advanced/oUnitAssert.ml", line 45, characters 2-27
Called from OUnitRunner.run_one_test.(fun) in file "src/lib/ounit2/advanced/oUnitRunner.ml", line 83, characters 13-26

expected: "if (b1 == Color.Green) {
} else {
}
"
but got: "if (b1 == Color.Green) {
else {
}
}"
------------------------------------------------------------------------------
==============================================================================
Error: testing_enums:3:test4.

File "/Users/txy/Desktop/College Homework/Spring 2025/plt/fly/_build/default/test/parser/oUnit-testing_enums-xiang-2#01.log", line 12, characters 1-1:
Error: testing_enums:3:test4 (in the log).

Raised at OUnitAssert.assert_failure in file "src/lib/ounit2/advanced/oUnitAssert.ml", line 45, characters 2-27
Called from OUnitRunner.run_one_test.(fun) in file "src/lib/ounit2/advanced/oUnitRunner.ml", line 83, characters 13-26

expected: "let a2 := Color.Yellow;
" but got: "let a2 := Color.Yellow"
------------------------------------------------------------------------------
==============================================================================
Error: testing_enums:2:test3.

File "/Users/txy/Desktop/College Homework/Spring 2025/plt/fly/_build/default/test/parser/oUnit-testing_enums-xiang-2#02.log", line 13, characters 1-1:
Error: testing_enums:2:test3 (in the log).

Raised at OUnitAssert.assert_failure in file "src/lib/ounit2/advanced/oUnitAssert.ml", line 45, characters 2-27
Called from OUnitRunner.run_one_test.(fun) in file "src/lib/ounit2/advanced/oUnitRunner.ml", line 83, characters 13-26

expected: "if (a1 == Color.Red) {
} else {
}
"
but got: "if (a1 == Color.Red) {
else {
}
}"
------------------------------------------------------------------------------
==============================================================================
Error: testing_enums:1:test2.

File "/Users/txy/Desktop/College Homework/Spring 2025/plt/fly/_build/default/test/parser/oUnit-testing_enums-xiang-2#02.log", line 2, characters 1-1:
Error: testing_enums:1:test2 (in the log).

Raised at OUnitAssert.assert_failure in file "src/lib/ounit2/advanced/oUnitAssert.ml", line 45, characters 2-27
Called from OUnitRunner.run_one_test.(fun) in file "src/lib/ounit2/advanced/oUnitRunner.ml", line 83, characters 13-26

expected: "let a1 := Color.Red;
let b1 := Color.Green;
let c1 := Color.Blue;
"
but got: "let a1 := Color.Redlet b1 := Color.Greenlet c1 := Color.Blue"
------------------------------------------------------------------------------
Ran: 9 tests in: 0.12 seconds.
FAILED: Cases: 9 Tried: 9 Errors: 3 Failures: 6 Skip:  0 Todo: 0 Timeouts: 0.
File "test/parser/dune", line 31, characters 8-31:
31 |   (name test_func_def_and_call2)
             ^^^^^^^^^^^^^^^^^^^^^^^
.FEEE
==============================================================================
Error: testing_func_def_and_call2:4:test5.

File "/Users/txy/Desktop/College Homework/Spring 2025/plt/fly/_build/default/test/parser/oUnit-testing_func_def_and_call2-xiang-2#02.log", line 12, characters 1-1:
Error: testing_func_def_and_call2:4:test5 (in the log).

Raised at Stdlib__Parsing.yyparse.loop in file "parsing.ml", line 139, characters 8-25
Called from Stdlib__Parsing.yyparse in file "parsing.ml", line 165, characters 4-28
Re-raised at Stdlib__Parsing.yyparse in file "parsing.ml", line 184, characters 8-17
Called from Dune__exe__Test_func_def_and_call2.tests.(fun) in file "test/parser/test_func_def_and_call2.ml", line 68, characters 24-67
Called from OUnitRunner.run_one_test.(fun) in file "src/lib/ounit2/advanced/oUnitRunner.ml", line 83, characters 13-26

Stdlib.Parsing.Parse_error
------------------------------------------------------------------------------
==============================================================================
Error: testing_func_def_and_call2:3:test4.

File "/Users/txy/Desktop/College Homework/Spring 2025/plt/fly/_build/default/test/parser/oUnit-testing_func_def_and_call2-xiang-2#01.log", line 14, characters 1-1:
Error: testing_func_def_and_call2:3:test4 (in the log).

Raised at Stdlib__Parsing.yyparse.loop in file "parsing.ml", line 139, characters 8-25
Called from Stdlib__Parsing.yyparse in file "parsing.ml", line 165, characters 4-28
Re-raised at Stdlib__Parsing.yyparse in file "parsing.ml", line 184, characters 8-17
Called from Dune__exe__Test_func_def_and_call2.tests.(fun) in file "test/parser/test_func_def_and_call2.ml", line 57, characters 24-67
Called from OUnitRunner.run_one_test.(fun) in file "src/lib/ounit2/advanced/oUnitRunner.ml", line 83, characters 13-26

Stdlib.Parsing.Parse_error
------------------------------------------------------------------------------
==============================================================================
Error: testing_func_def_and_call2:1:test2.

File "/Users/txy/Desktop/College Homework/Spring 2025/plt/fly/_build/default/test/parser/oUnit-testing_func_def_and_call2-xiang-2#02.log", line 2, characters 1-1:
Error: testing_func_def_and_call2:1:test2 (in the log).

Raised at Stdlib__Parsing.yyparse.loop in file "parsing.ml", line 139, characters 8-25
Called from Stdlib__Parsing.yyparse in file "parsing.ml", line 165, characters 4-28
Re-raised at Stdlib__Parsing.yyparse in file "parsing.ml", line 184, characters 8-17
Called from Dune__exe__Test_func_def_and_call2.tests.(fun) in file "test/parser/test_func_def_and_call2.ml", line 27, characters 24-67
Called from OUnitRunner.run_one_test.(fun) in file "src/lib/ounit2/advanced/oUnitRunner.ml", line 83, characters 13-26

Stdlib.Parsing.Parse_error
------------------------------------------------------------------------------
==============================================================================
Error: testing_func_def_and_call2:2:test3.

File "/Users/txy/Desktop/College Homework/Spring 2025/plt/fly/_build/default/test/parser/oUnit-testing_func_def_and_call2-xiang-2#01.log", line 5, characters 1-1:
Error: testing_func_def_and_call2:2:test3 (in the log).

Raised at OUnitAssert.assert_failure in file "src/lib/ounit2/advanced/oUnitAssert.ml", line 45, characters 2-27
Called from OUnitRunner.run_one_test.(fun) in file "src/lib/ounit2/advanced/oUnitRunner.ml", line 83, characters 13-26

expected: "let lst: list<int> = [0,1,2,3,4];
"
but got: "let lst: list<int> = [0, 1, 2, 3, 4]"
------------------------------------------------------------------------------
Ran: 5 tests in: 0.11 seconds.
FAILED: Cases: 5 Tried: 5 Errors: 3 Failures: 1 Skip:  0 Todo: 0 Timeouts: 0.
File "test/parser/dune", line 27, characters 8-31:
27 |   (name test_func_def_and_call1)
             ^^^^^^^^^^^^^^^^^^^^^^^
FE
==============================================================================
Error: testing_func_def_and_call1:1:test2.

File "/Users/txy/Desktop/College Homework/Spring 2025/plt/fly/_build/default/test/parser/oUnit-testing_func_def_and_call1-xiang-2#02.log", line 2, characters 1-1:
Error: testing_func_def_and_call1:1:test2 (in the log).

Raised at Stdlib__Parsing.yyparse.loop in file "parsing.ml", line 139, characters 8-25
Called from Stdlib__Parsing.yyparse in file "parsing.ml", line 165, characters 4-28
Re-raised at Stdlib__Parsing.yyparse in file "parsing.ml", line 184, characters 8-17
Called from Dune__exe__Test_func_def_and_call1.tests.(fun) in file "test/parser/test_func_def_and_call1.ml", line 29, characters 24-67
Called from OUnitRunner.run_one_test.(fun) in file "src/lib/ounit2/advanced/oUnitRunner.ml", line 83, characters 13-26

Stdlib.Parsing.Parse_error
------------------------------------------------------------------------------
==============================================================================
Error: testing_func_def_and_call1:0:test1.

File "/Users/txy/Desktop/College Homework/Spring 2025/plt/fly/_build/default/test/parser/oUnit-testing_func_def_and_call1-xiang-2#01.log", line 2, characters 1-1:
Error: testing_func_def_and_call1:0:test1 (in the log).

Raised at OUnitAssert.assert_failure in file "src/lib/ounit2/advanced/oUnitAssert.ml", line 45, characters 2-27
Called from OUnitRunner.run_one_test.(fun) in file "src/lib/ounit2/advanced/oUnitRunner.ml", line 83, characters 13-26

expected: "FUN ID(countdown) LPAREN ID(timer) COLON INT RPAREN LBRACE WHILE LPAREN ID(timer) GT LITERAL(0) RPAREN LBRACE ID(timer) MINUS_ASSIGN LITERAL(1) SEMI RBRACE RBRACE"
but got: "fun countdown(timer: int, ) -> (){
while (timer > 0) {
timer-=1
}
}"
------------------------------------------------------------------------------
Ran: 2 tests in: 0.11 seconds.
FAILED: Cases: 2 Tried: 2 Errors: 1 Failures: 1 Skip:  0 Todo: 0 Timeouts: 0.
File "test/parser/dune", line 14, characters 8-15:
14 |   (name test_eq)
             ^^^^^^^
FFFFFFFFF
==============================================================================
Error: testing_eq:8:test9.

File "/Users/txy/Desktop/College Homework/Spring 2025/plt/fly/_build/default/test/parser/oUnit-testing_eq-xiang-2#02.log", line 50, characters 1-1:
Error: testing_eq:8:test9 (in the log).

Raised at OUnitAssert.assert_failure in file "src/lib/ounit2/advanced/oUnitAssert.ml", line 45, characters 2-27
Called from OUnitRunner.run_one_test.(fun) in file "src/lib/ounit2/advanced/oUnitRunner.ml", line 83, characters 13-26

expected: "let a3 := 5;
let b3 := "5";
if (a3 == b3) {
} else {
}
"
but got: "let a3 := 5let b3 := 5if (a3 == b3) {
else {
}
}"
------------------------------------------------------------------------------
==============================================================================
Error: testing_eq:7:test8.

File "/Users/txy/Desktop/College Homework/Spring 2025/plt/fly/_build/default/test/parser/oUnit-testing_eq-xiang-2#01.log", line 66, characters 1-1:
Error: testing_eq:7:test8 (in the log).

Raised at OUnitAssert.assert_failure in file "src/lib/ounit2/advanced/oUnitAssert.ml", line 45, characters 2-27
Called from OUnitRunner.run_one_test.(fun) in file "src/lib/ounit2/advanced/oUnitRunner.ml", line 83, characters 13-26

expected: "let g2 := true;
let h2 := false;
if (g2 == h2) {
} else {
}
"
but got: "let g2 := Truelet h2 := Falseif (g2 == h2) {
else {
}
}"
------------------------------------------------------------------------------
==============================================================================
Error: testing_eq:6:test7.

File "/Users/txy/Desktop/College Homework/Spring 2025/plt/fly/_build/default/test/parser/oUnit-testing_eq-xiang-2#01.log", line 50, characters 1-1:
Error: testing_eq:6:test7 (in the log).

Raised at OUnitAssert.assert_failure in file "src/lib/ounit2/advanced/oUnitAssert.ml", line 45, characters 2-27
Called from OUnitRunner.run_one_test.(fun) in file "src/lib/ounit2/advanced/oUnitRunner.ml", line 83, characters 13-26

expected: "let e2 := "Hello";
let f2 := "World";
if (e2 == f2) {
} else {
}
"
but got: "let e2 := Hellolet f2 := Worldif (e2 == f2) {
else {
}
}"
------------------------------------------------------------------------------
==============================================================================
Error: testing_eq:5:test6.

File "/Users/txy/Desktop/College Homework/Spring 2025/plt/fly/_build/default/test/parser/oUnit-testing_eq-xiang-2#02.log", line 34, characters 1-1:
Error: testing_eq:5:test6 (in the log).

Raised at OUnitAssert.assert_failure in file "src/lib/ounit2/advanced/oUnitAssert.ml", line 45, characters 2-27
Called from OUnitRunner.run_one_test.(fun) in file "src/lib/ounit2/advanced/oUnitRunner.ml", line 83, characters 13-26

expected: "let c2 := 3.14;
let d2 := 2.71;
if (c2 == d2) {
} else {
}
"
but got: "let c2 := 3.14let d2 := 2.71if (c2 == d2) {
else {
}
}"
------------------------------------------------------------------------------
==============================================================================
Error: testing_eq:4:test5.

File "/Users/txy/Desktop/College Homework/Spring 2025/plt/fly/_build/default/test/parser/oUnit-testing_eq-xiang-2#02.log", line 18, characters 1-1:
Error: testing_eq:4:test5 (in the log).

Raised at OUnitAssert.assert_failure in file "src/lib/ounit2/advanced/oUnitAssert.ml", line 45, characters 2-27
Called from OUnitRunner.run_one_test.(fun) in file "src/lib/ounit2/advanced/oUnitRunner.ml", line 83, characters 13-26

expected: "let a2 := 5;
let b2 := 10;
if (a2 == b2) {
} else {
}
"
but got: "let a2 := 5let b2 := 10if (a2 == b2) {
else {
}
}"
------------------------------------------------------------------------------
==============================================================================
Error: testing_eq:3:test4.

File "/Users/txy/Desktop/College Homework/Spring 2025/plt/fly/_build/default/test/parser/oUnit-testing_eq-xiang-2#01.log", line 34, characters 1-1:
Error: testing_eq:3:test4 (in the log).

Raised at OUnitAssert.assert_failure in file "src/lib/ounit2/advanced/oUnitAssert.ml", line 45, characters 2-27
Called from OUnitRunner.run_one_test.(fun) in file "src/lib/ounit2/advanced/oUnitRunner.ml", line 83, characters 13-26

expected: "let g1 := true;
let h1 := true;
if (g1 == h1) {
} else {
}
"
but got: "let g1 := Truelet h1 := Trueif (g1 == h1) {
else {
}
}"
------------------------------------------------------------------------------
==============================================================================
Error: testing_eq:2:test3.

File "/Users/txy/Desktop/College Homework/Spring 2025/plt/fly/_build/default/test/parser/oUnit-testing_eq-xiang-2#01.log", line 18, characters 1-1:
Error: testing_eq:2:test3 (in the log).

Raised at OUnitAssert.assert_failure in file "src/lib/ounit2/advanced/oUnitAssert.ml", line 45, characters 2-27
Called from OUnitRunner.run_one_test.(fun) in file "src/lib/ounit2/advanced/oUnitRunner.ml", line 83, characters 13-26

expected: "let e1 := "Hello";
let f1 := "Hello";
if (e1 == f1) {
} else {
}
"
but got: "let e1 := Hellolet f1 := Helloif (e1 == f1) {
else {
}
}"
------------------------------------------------------------------------------
==============================================================================
Error: testing_eq:1:test2.

File "/Users/txy/Desktop/College Homework/Spring 2025/plt/fly/_build/default/test/parser/oUnit-testing_eq-xiang-2#02.log", line 2, characters 1-1:
Error: testing_eq:1:test2 (in the log).

Raised at OUnitAssert.assert_failure in file "src/lib/ounit2/advanced/oUnitAssert.ml", line 45, characters 2-27
Called from OUnitRunner.run_one_test.(fun) in file "src/lib/ounit2/advanced/oUnitRunner.ml", line 83, characters 13-26

expected: "let c1 := 3.14;
let d1 := 3.14;
if (c1 == d1) {
} else {
}
"
but got: "let c1 := 3.14let d1 := 3.14if (c1 == d1) {
else {
}
}"
------------------------------------------------------------------------------
==============================================================================
Error: testing_eq:0:test1.

File "/Users/txy/Desktop/College Homework/Spring 2025/plt/fly/_build/default/test/parser/oUnit-testing_eq-xiang-2#01.log", line 2, characters 1-1:
Error: testing_eq:0:test1 (in the log).

Raised at OUnitAssert.assert_failure in file "src/lib/ounit2/advanced/oUnitAssert.ml", line 45, characters 2-27
Called from OUnitRunner.run_one_test.(fun) in file "src/lib/ounit2/advanced/oUnitRunner.ml", line 83, characters 13-26

expected: "let a1 := 5;
let b1 := 5;
if (a1 == b1) {
} else {
}
"
but got: "let a1 := 5let b1 := 5if (a1 == b1) {
else {
}
}"
------------------------------------------------------------------------------
Ran: 9 tests in: 0.12 seconds.
FAILED: Cases: 9 Tried: 9 Errors: 0 Failures: 9 Skip:  0 Todo: 0 Timeouts: 0.
File "test/parser/dune", line 22, characters 8-22:
22 |   (name test_func_bind)
             ^^^^^^^^^^^^^^
FFEEE
==============================================================================
Error: testing_func_bind:4:test5.

File "/Users/txy/Desktop/College Homework/Spring 2025/plt/fly/_build/default/test/parser/oUnit-testing_func_bind-xiang-2#01.log", line 26, characters 1-1:
Error: testing_func_bind:4:test5 (in the log).

Raised at Stdlib__Parsing.yyparse.loop in file "parsing.ml", line 139, characters 8-25
Called from Stdlib__Parsing.yyparse in file "parsing.ml", line 165, characters 4-28
Re-raised at Stdlib__Parsing.yyparse in file "parsing.ml", line 184, characters 8-17
Called from Dune__exe__Test_func_bind.tests.(fun) in file "test/parser/test_func_bind.ml", line 72, characters 24-67
Called from OUnitRunner.run_one_test.(fun) in file "src/lib/ounit2/advanced/oUnitRunner.ml", line 83, characters 13-26

Stdlib.Parsing.Parse_error
------------------------------------------------------------------------------
==============================================================================
Error: testing_func_bind:3:test4.

File "/Users/txy/Desktop/College Homework/Spring 2025/plt/fly/_build/default/test/parser/oUnit-testing_func_bind-xiang-2#01.log", line 16, characters 1-1:
Error: testing_func_bind:3:test4 (in the log).

Raised at Stdlib__Parsing.yyparse.loop in file "parsing.ml", line 139, characters 8-25
Called from Stdlib__Parsing.yyparse in file "parsing.ml", line 165, characters 4-28
Re-raised at Stdlib__Parsing.yyparse in file "parsing.ml", line 184, characters 8-17
Called from Dune__exe__Test_func_bind.tests.(fun) in file "test/parser/test_func_bind.ml", line 57, characters 24-67
Called from OUnitRunner.run_one_test.(fun) in file "src/lib/ounit2/advanced/oUnitRunner.ml", line 83, characters 13-26

Stdlib.Parsing.Parse_error
------------------------------------------------------------------------------
==============================================================================
Error: testing_func_bind:2:test3.

File "/Users/txy/Desktop/College Homework/Spring 2025/plt/fly/_build/default/test/parser/oUnit-testing_func_bind-xiang-2#02.log", line 10, characters 1-1:
Error: testing_func_bind:2:test3 (in the log).

Raised at Stdlib__Parsing.yyparse.loop in file "parsing.ml", line 139, characters 8-25
Called from Stdlib__Parsing.yyparse in file "parsing.ml", line 165, characters 4-28
Re-raised at Stdlib__Parsing.yyparse in file "parsing.ml", line 184, characters 8-17
Called from Dune__exe__Test_func_bind.tests.(fun) in file "test/parser/test_func_bind.ml", line 40, characters 24-67
Called from OUnitRunner.run_one_test.(fun) in file "src/lib/ounit2/advanced/oUnitRunner.ml", line 83, characters 13-26

Stdlib.Parsing.Parse_error
------------------------------------------------------------------------------
==============================================================================
Error: testing_func_bind:0:test1.

File "/Users/txy/Desktop/College Homework/Spring 2025/plt/fly/_build/default/test/parser/oUnit-testing_func_bind-xiang-2#01.log", line 2, characters 1-1:
Error: testing_func_bind:0:test1 (in the log).

Raised at OUnitAssert.assert_failure in file "src/lib/ounit2/advanced/oUnitAssert.ml", line 45, characters 2-27
Called from OUnitRunner.run_one_test.(fun) in file "src/lib/ounit2/advanced/oUnitRunner.ml", line 83, characters 13-26

expected: "type Person {
	name: string,
	age: int
}
"
but got: "type Person{
name: string, age: int, 
}"
------------------------------------------------------------------------------
==============================================================================
Error: testing_func_bind:1:test2.

File "/Users/txy/Desktop/College Homework/Spring 2025/plt/fly/_build/default/test/parser/oUnit-testing_func_bind-xiang-2#02.log", line 2, characters 1-1:
Error: testing_func_bind:1:test2 (in the log).

Raised at OUnitAssert.assert_failure in file "src/lib/ounit2/advanced/oUnitAssert.ml", line 45, characters 2-27
Called from OUnitRunner.run_one_test.(fun) in file "src/lib/ounit2/advanced/oUnitRunner.ml", line 83, characters 13-26

expected: "LET ID(p1) COLON ID(Person) EQUAL ID(Person) LBRACE ID(name) COLON SLIT(John) COMMA ID(age) COLON LITERAL(12) RBRACE SEMI"
but got: "let p1: Person = Person{name: John, age: 12, }"
------------------------------------------------------------------------------
Ran: 5 tests in: 0.11 seconds.
FAILED: Cases: 5 Tried: 5 Errors: 3 Failures: 2 Skip:  0 Todo: 0 Timeouts: 0.
File "test/parser/dune", line 18, characters 8-16:
18 |   (name test_exp)
             ^^^^^^^^
FFFFFFFEFFFFFF
==============================================================================
Error: testing_exp:7:test8.

File "/Users/txy/Desktop/College Homework/Spring 2025/plt/fly/_build/default/test/parser/oUnit-testing_exp-xiang-2#01.log", line 34, characters 1-1:
Error: testing_exp:7:test8 (in the log).

Raised at Stdlib__Parsing.yyparse.loop in file "parsing.ml", line 139, characters 8-25
Called from Stdlib__Parsing.yyparse in file "parsing.ml", line 165, characters 4-28
Re-raised at Stdlib__Parsing.yyparse in file "parsing.ml", line 184, characters 8-17
Called from Dune__exe__Test_exp.tests.(fun) in file "test/parser/test_exp.ml", line 108, characters 24-67
Called from OUnitRunner.run_one_test.(fun) in file "src/lib/ounit2/advanced/oUnitRunner.ml", line 83, characters 13-26

Stdlib.Parsing.Parse_error
------------------------------------------------------------------------------
==============================================================================
Error: testing_exp:13:test14.

File "/Users/txy/Desktop/College Homework/Spring 2025/plt/fly/_build/default/test/parser/oUnit-testing_exp-xiang-2#01.log", line 60, characters 1-1:
Error: testing_exp:13:test14 (in the log).

Raised at OUnitAssert.assert_failure in file "src/lib/ounit2/advanced/oUnitAssert.ml", line 45, characters 2-27
Called from OUnitRunner.run_one_test.(fun) in file "src/lib/ounit2/advanced/oUnitRunner.ml", line 83, characters 13-26

expected: "LET ID(a14) WALRUS FLIT(-2.500000) SEMI LET ID(b14) WALRUS LITERAL(2) SEMI LET ID(result14) WALRUS ID(a14) EXPONENT ID(b14) SEMI"
but got: "let a14 := -2.5let b14 := 2let result14 := a14 ** b14"
------------------------------------------------------------------------------
==============================================================================
Error: testing_exp:12:test13.

File "/Users/txy/Desktop/College Homework/Spring 2025/plt/fly/_build/default/test/parser/oUnit-testing_exp-xiang-2#02.log", line 42, characters 1-1:
Error: testing_exp:12:test13 (in the log).

Raised at OUnitAssert.assert_failure in file "src/lib/ounit2/advanced/oUnitAssert.ml", line 45, characters 2-27
Called from OUnitRunner.run_one_test.(fun) in file "src/lib/ounit2/advanced/oUnitRunner.ml", line 83, characters 13-26

expected: "LET ID(a13) WALRUS LITERAL(-2) SEMI LET ID(b13) WALRUS LITERAL(3) SEMI LET ID(result13) WALRUS ID(a13) EXPONENT ID(b13) SEMI"
but got: "let a13 := -2let b13 := 3let result13 := a13 ** b13"
------------------------------------------------------------------------------
==============================================================================
Error: testing_exp:11:test12.

File "/Users/txy/Desktop/College Homework/Spring 2025/plt/fly/_build/default/test/parser/oUnit-testing_exp-xiang-2#01.log", line 52, characters 1-1:
Error: testing_exp:11:test12 (in the log).

Raised at OUnitAssert.assert_failure in file "src/lib/ounit2/advanced/oUnitAssert.ml", line 45, characters 2-27
Called from OUnitRunner.run_one_test.(fun) in file "src/lib/ounit2/advanced/oUnitRunner.ml", line 83, characters 13-26

expected: "LET ID(a12) WALRUS LITERAL(1) SEMI LET ID(b12) WALRUS LITERAL(1000) SEMI LET ID(result12) WALRUS ID(a12) EXPONENT ID(b12) SEMI"
but got: "let a12 := 1let b12 := 1000let result12 := a12 ** b12"
------------------------------------------------------------------------------
==============================================================================
Error: testing_exp:10:test11.

File "/Users/txy/Desktop/College Homework/Spring 2025/plt/fly/_build/default/test/parser/oUnit-testing_exp-xiang-2#02.log", line 34, characters 1-1:
Error: testing_exp:10:test11 (in the log).

Raised at OUnitAssert.assert_failure in file "src/lib/ounit2/advanced/oUnitAssert.ml", line 45, characters 2-27
Called from OUnitRunner.run_one_test.(fun) in file "src/lib/ounit2/advanced/oUnitRunner.ml", line 83, characters 13-26

expected: "LET ID(a11) WALRUS FLIT(5.000000) SEMI LET ID(b11) WALRUS LITERAL(-3) SEMI LET ID(result11) WALRUS ID(a11) EXPONENT ID(b11) SEMI"
but got: "let a11 := 5.let b11 := -3let result11 := a11 ** b11"
------------------------------------------------------------------------------
==============================================================================
Error: testing_exp:8:test9.

File "/Users/txy/Desktop/College Homework/Spring 2025/plt/fly/_build/default/test/parser/oUnit-testing_exp-xiang-2#01.log", line 44, characters 1-1:
Error: testing_exp:8:test9 (in the log).

Raised at OUnitAssert.assert_failure in file "src/lib/ounit2/advanced/oUnitAssert.ml", line 45, characters 2-27
Called from OUnitRunner.run_one_test.(fun) in file "src/lib/ounit2/advanced/oUnitRunner.ml", line 83, characters 13-26

expected: "LET ID(a9) WALRUS LITERAL(0) SEMI LET ID(b9) WALRUS LITERAL(5) SEMI LET ID(result9) WALRUS ID(a9) EXPONENT ID(b9) SEMI"
but got: "let a9 := 0let b9 := 5let result9 := a9 ** b9"
------------------------------------------------------------------------------
==============================================================================
Error: testing_exp:9:test10.

File "/Users/txy/Desktop/College Homework/Spring 2025/plt/fly/_build/default/test/parser/oUnit-testing_exp-xiang-2#02.log", line 26, characters 1-1:
Error: testing_exp:9:test10 (in the log).

Raised at OUnitAssert.assert_failure in file "src/lib/ounit2/advanced/oUnitAssert.ml", line 45, characters 2-27
Called from OUnitRunner.run_one_test.(fun) in file "src/lib/ounit2/advanced/oUnitRunner.ml", line 83, characters 13-26

expected: "LET ID(a10) WALRUS LITERAL(4) SEMI LET ID(b10) WALRUS LITERAL(-2) SEMI LET ID(result10) WALRUS ID(a10) EXPONENT ID(b10) SEMI"
but got: "let a10 := 4let b10 := -2let result10 := a10 ** b10"
------------------------------------------------------------------------------
==============================================================================
Error: testing_exp:6:test7.

File "/Users/txy/Desktop/College Homework/Spring 2025/plt/fly/_build/default/test/parser/oUnit-testing_exp-xiang-2#02.log", line 18, characters 1-1:
Error: testing_exp:6:test7 (in the log).

Raised at OUnitAssert.assert_failure in file "src/lib/ounit2/advanced/oUnitAssert.ml", line 45, characters 2-27
Called from OUnitRunner.run_one_test.(fun) in file "src/lib/ounit2/advanced/oUnitRunner.ml", line 83, characters 13-26

expected: "LET ID(a7) WALRUS LBRACKET LITERAL(1) COMMA LITERAL(2) COMMA LITERAL(3) RBRACKET SEMI LET ID(b7) WALRUS LITERAL(3) SEMI LET ID(result7) WALRUS ID(a7) EXPONENT ID(b7) SEMI"
but got: "let a7 := [1, 2, 3]let b7 := 3let result7 := a7 ** b7"
------------------------------------------------------------------------------
==============================================================================
Error: testing_exp:4:test5.

File "/Users/txy/Desktop/College Homework/Spring 2025/plt/fly/_build/default/test/parser/oUnit-testing_exp-xiang-2#01.log", line 26, characters 1-1:
Error: testing_exp:4:test5 (in the log).

Raised at OUnitAssert.assert_failure in file "src/lib/ounit2/advanced/oUnitAssert.ml", line 45, characters 2-27
Called from OUnitRunner.run_one_test.(fun) in file "src/lib/ounit2/advanced/oUnitRunner.ml", line 83, characters 13-26

expected: "LET ID(a5) WALRUS LITERAL(2) SEMI LET ID(b5) WALRUS BLIT(true) SEMI LET ID(result5) WALRUS ID(a5) EXPONENT ID(b5) SEMI"
but got: "let a5 := 2let b5 := Truelet result5 := a5 ** b5"
------------------------------------------------------------------------------
==============================================================================
Error: testing_exp:5:test6.

File "/Users/txy/Desktop/College Homework/Spring 2025/plt/fly/_build/default/test/parser/oUnit-testing_exp-xiang-2#02.log", line 10, characters 1-1:
Error: testing_exp:5:test6 (in the log).

Raised at OUnitAssert.assert_failure in file "src/lib/ounit2/advanced/oUnitAssert.ml", line 45, characters 2-27
Called from OUnitRunner.run_one_test.(fun) in file "src/lib/ounit2/advanced/oUnitRunner.ml", line 83, characters 13-26

expected: "LET ID(a6) WALRUS LPAREN LITERAL(1) COMMA LITERAL(2) RPAREN SEMI LET ID(b6) WALRUS LITERAL(2) SEMI LET ID(result6) WALRUS ID(a6) EXPONENT ID(b6) SEMI"
but got: "let a6 := (1, 2)let b6 := 2let result6 := a6 ** b6"
------------------------------------------------------------------------------
==============================================================================
Error: testing_exp:1:test2.

File "/Users/txy/Desktop/College Homework/Spring 2025/plt/fly/_build/default/test/parser/oUnit-testing_exp-xiang-2#02.log", line 2, characters 1-1:
Error: testing_exp:1:test2 (in the log).

Raised at OUnitAssert.assert_failure in file "src/lib/ounit2/advanced/oUnitAssert.ml", line 45, characters 2-27
Called from OUnitRunner.run_one_test.(fun) in file "src/lib/ounit2/advanced/oUnitRunner.ml", line 83, characters 13-26

expected: "LET ID(a2) WALRUS FLIT(2.500000) SEMI LET ID(b2) WALRUS LITERAL(2) SEMI LET ID(result2) WALRUS ID(a2) EXPONENT ID(b2) SEMI"
but got: "let a2 := 2.5let b2 := 2let result2 := a2 ** b2"
------------------------------------------------------------------------------
==============================================================================
Error: testing_exp:3:test4.

File "/Users/txy/Desktop/College Homework/Spring 2025/plt/fly/_build/default/test/parser/oUnit-testing_exp-xiang-2#01.log", line 18, characters 1-1:
Error: testing_exp:3:test4 (in the log).

Raised at OUnitAssert.assert_failure in file "src/lib/ounit2/advanced/oUnitAssert.ml", line 45, characters 2-27
Called from OUnitRunner.run_one_test.(fun) in file "src/lib/ounit2/advanced/oUnitRunner.ml", line 83, characters 13-26

expected: "LET ID(a4) WALRUS LITERAL(2) SEMI LET ID(b4) WALRUS SLIT(3) SEMI LET ID(result4) WALRUS ID(a4) EXPONENT ID(b4) SEMI"
but got: "let a4 := 2let b4 := 3let result4 := a4 ** b4"
------------------------------------------------------------------------------
==============================================================================
Error: testing_exp:2:test3.

File "/Users/txy/Desktop/College Homework/Spring 2025/plt/fly/_build/default/test/parser/oUnit-testing_exp-xiang-2#01.log", line 10, characters 1-1:
Error: testing_exp:2:test3 (in the log).

Raised at OUnitAssert.assert_failure in file "src/lib/ounit2/advanced/oUnitAssert.ml", line 45, characters 2-27
Called from OUnitRunner.run_one_test.(fun) in file "src/lib/ounit2/advanced/oUnitRunner.ml", line 83, characters 13-26

expected: "LET ID(a3) WALRUS LITERAL(2) SEMI LET ID(b3) WALRUS FLIT(3.500000) SEMI LET ID(result3) WALRUS ID(a3) EXPONENT ID(b3) SEMI"
but got: "let a3 := 2let b3 := 3.5let result3 := a3 ** b3"
------------------------------------------------------------------------------
==============================================================================
Error: testing_exp:0:test1.

File "/Users/txy/Desktop/College Homework/Spring 2025/plt/fly/_build/default/test/parser/oUnit-testing_exp-xiang-2#01.log", line 2, characters 1-1:
Error: testing_exp:0:test1 (in the log).

Raised at OUnitAssert.assert_failure in file "src/lib/ounit2/advanced/oUnitAssert.ml", line 45, characters 2-27
Called from OUnitRunner.run_one_test.(fun) in file "src/lib/ounit2/advanced/oUnitRunner.ml", line 83, characters 13-26

expected: "LET ID(a1) WALRUS LITERAL(2) SEMI LET ID(b1) WALRUS LITERAL(3) SEMI LET ID(result1) WALRUS ID(a1) EXPONENT ID(b1) SEMI"
but got: "let a1 := 2let b1 := 3let result1 := a1 ** b1"
------------------------------------------------------------------------------
Ran: 14 tests in: 0.13 seconds.
FAILED: Cases: 14 Tried: 14 Errors: 1 Failures: 13 Skip:  0 Todo: 0 Timeouts: 0.
File "test/parser/dune", line 60, characters 8-19:
60 |   (name test_ifelse)
             ^^^^^^^^^^^
F
==============================================================================
Error: testing_ifelse:0:test1.

File "/Users/txy/Desktop/College Homework/Spring 2025/plt/fly/_build/default/test/parser/oUnit-testing_ifelse-xiang-2#01.log", line 2, characters 1-1:
Error: testing_ifelse:0:test1 (in the log).

Raised at OUnitAssert.assert_failure in file "src/lib/ounit2/advanced/oUnitAssert.ml", line 45, characters 2-27
Called from OUnitRunner.run_one_test.(fun) in file "src/lib/ounit2/advanced/oUnitRunner.ml", line 83, characters 13-26

expected: "LET ID(x) WALRUS LITERAL(10) SEMI IF LPAREN ID(x) GT LITERAL(5) RPAREN LBRACE RBRACE ELSE IF LPAREN ID(x) GT LITERAL(4) RPAREN LBRACE RBRACE ELSE LBRACE RBRACE"
but got: "let x := 10if (x > 5) {
else if (x > 4) {
else {
}
}
}"
------------------------------------------------------------------------------
Ran: 1 tests in: 0.00 seconds.
FAILED: Cases: 1 Tried: 1 Errors: 0 Failures: 1 Skip:  0 Todo: 0 Timeouts: 0.
File "test/parser/dune", line 51, characters 8-15:
51 |   (name test_lt)
             ^^^^^^^
FFFFFFFFFEFFFFEFF
==============================================================================
Error: testing_lt:14:test15.

File "/Users/txy/Desktop/College Homework/Spring 2025/plt/fly/_build/default/test/parser/oUnit-testing_lt-xiang-2#01.log", line 58, characters 1-1:
Error: testing_lt:14:test15 (in the log).

Raised at Stdlib__Parsing.yyparse.loop in file "parsing.ml", line 139, characters 8-25
Called from Stdlib__Parsing.yyparse in file "parsing.ml", line 165, characters 4-28
Re-raised at Stdlib__Parsing.yyparse in file "parsing.ml", line 184, characters 8-17
Called from Dune__exe__Test_lt.tests.(fun) in file "test/parser/test_lt.ml", line 210, characters 24-67
Called from OUnitRunner.run_one_test.(fun) in file "src/lib/ounit2/advanced/oUnitRunner.ml", line 83, characters 13-26

Stdlib.Parsing.Parse_error
------------------------------------------------------------------------------
==============================================================================
Error: testing_lt:9:test10.

File "/Users/txy/Desktop/College Homework/Spring 2025/plt/fly/_build/default/test/parser/oUnit-testing_lt-xiang-2#02.log", line 34, characters 1-1:
Error: testing_lt:9:test10 (in the log).

Raised at Stdlib__Parsing.yyparse.loop in file "parsing.ml", line 139, characters 8-25
Called from Stdlib__Parsing.yyparse in file "parsing.ml", line 165, characters 4-28
Re-raised at Stdlib__Parsing.yyparse in file "parsing.ml", line 184, characters 8-17
Called from Dune__exe__Test_lt.tests.(fun) in file "test/parser/test_lt.ml", line 137, characters 24-67
Called from OUnitRunner.run_one_test.(fun) in file "src/lib/ounit2/advanced/oUnitRunner.ml", line 83, characters 13-26

Stdlib.Parsing.Parse_error
------------------------------------------------------------------------------
==============================================================================
Error: testing_lt:16:test17.

File "/Users/txy/Desktop/College Homework/Spring 2025/plt/fly/_build/default/test/parser/oUnit-testing_lt-xiang-2#01.log", line 68, characters 1-1:
Error: testing_lt:16:test17 (in the log).

Raised at OUnitAssert.assert_failure in file "src/lib/ounit2/advanced/oUnitAssert.ml", line 45, characters 2-27
Called from OUnitRunner.run_one_test.(fun) in file "src/lib/ounit2/advanced/oUnitRunner.ml", line 83, characters 13-26

expected: "LET ID(a17) WALRUS BLIT(false) SEMI LET ID(b17) WALRUS SLIT(world) SEMI LET ID(result17) WALRUS ID(a17) LT ID(b17) SEMI"
but got: "let a17 := Falselet b17 := worldlet result17 := a17 < b17"
------------------------------------------------------------------------------
==============================================================================
Error: testing_lt:15:test16.

File "/Users/txy/Desktop/College Homework/Spring 2025/plt/fly/_build/default/test/parser/oUnit-testing_lt-xiang-2#02.log", line 60, characters 1-1:
Error: testing_lt:15:test16 (in the log).

Raised at OUnitAssert.assert_failure in file "src/lib/ounit2/advanced/oUnitAssert.ml", line 45, characters 2-27
Called from OUnitRunner.run_one_test.(fun) in file "src/lib/ounit2/advanced/oUnitRunner.ml", line 83, characters 13-26

expected: "LET ID(a16) WALRUS BLIT(true) SEMI LET ID(b16) WALRUS LITERAL(5) SEMI LET ID(result16) WALRUS ID(a16) LT ID(b16) SEMI"
but got: "let a16 := Truelet b16 := 5let result16 := a16 < b16"
------------------------------------------------------------------------------
==============================================================================
Error: testing_lt:13:test14.

File "/Users/txy/Desktop/College Homework/Spring 2025/plt/fly/_build/default/test/parser/oUnit-testing_lt-xiang-2#02.log", line 52, characters 1-1:
Error: testing_lt:13:test14 (in the log).

Raised at OUnitAssert.assert_failure in file "src/lib/ounit2/advanced/oUnitAssert.ml", line 45, characters 2-27
Called from OUnitRunner.run_one_test.(fun) in file "src/lib/ounit2/advanced/oUnitRunner.ml", line 83, characters 13-26

expected: "LET ID(a14) WALRUS LBRACKET LITERAL(1) COMMA LITERAL(2) COMMA LITERAL(3) RBRACKET SEMI LET ID(b14) WALRUS LITERAL(5) SEMI LET ID(result14) WALRUS ID(a14) LT ID(b14) SEMI"
but got: "let a14 := [1, 2, 3]let b14 := 5let result14 := a14 < b14"
------------------------------------------------------------------------------
==============================================================================
Error: testing_lt:12:test13.

File "/Users/txy/Desktop/College Homework/Spring 2025/plt/fly/_build/default/test/parser/oUnit-testing_lt-xiang-2#01.log", line 50, characters 1-1:
Error: testing_lt:12:test13 (in the log).

Raised at OUnitAssert.assert_failure in file "src/lib/ounit2/advanced/oUnitAssert.ml", line 45, characters 2-27
Called from OUnitRunner.run_one_test.(fun) in file "src/lib/ounit2/advanced/oUnitRunner.ml", line 83, characters 13-26

expected: "LET ID(a13) WALRUS LPAREN LITERAL(1) COMMA LITERAL(2) RPAREN SEMI LET ID(b13) WALRUS LITERAL(5) SEMI LET ID(result13) WALRUS ID(a13) LT ID(b13) SEMI"
but got: "let a13 := (1, 2)let b13 := 5let result13 := a13 < b13"
------------------------------------------------------------------------------
==============================================================================
Error: testing_lt:10:test11.

File "/Users/txy/Desktop/College Homework/Spring 2025/plt/fly/_build/default/test/parser/oUnit-testing_lt-xiang-2#02.log", line 44, characters 1-1:
Error: testing_lt:10:test11 (in the log).

Raised at OUnitAssert.assert_failure in file "src/lib/ounit2/advanced/oUnitAssert.ml", line 45, characters 2-27
Called from OUnitRunner.run_one_test.(fun) in file "src/lib/ounit2/advanced/oUnitRunner.ml", line 83, characters 13-26

expected: "LET ID(a11) WALRUS LITERAL(5) SEMI LET ID(b11) WALRUS SLIT(string) SEMI LET ID(result11) WALRUS ID(a11) LT ID(b11) SEMI"
but got: "let a11 := 5let b11 := stringlet result11 := a11 < b11"
------------------------------------------------------------------------------
==============================================================================
Error: testing_lt:11:test12.

File "/Users/txy/Desktop/College Homework/Spring 2025/plt/fly/_build/default/test/parser/oUnit-testing_lt-xiang-2#01.log", line 42, characters 1-1:
Error: testing_lt:11:test12 (in the log).

Raised at OUnitAssert.assert_failure in file "src/lib/ounit2/advanced/oUnitAssert.ml", line 45, characters 2-27
Called from OUnitRunner.run_one_test.(fun) in file "src/lib/ounit2/advanced/oUnitRunner.ml", line 83, characters 13-26

expected: "LET ID(a12) WALRUS SLIT(hello) SEMI LET ID(b12) WALRUS LITERAL(5) SEMI LET ID(result12) WALRUS ID(a12) LT ID(b12) SEMI"
but got: "let a12 := hellolet b12 := 5let result12 := a12 < b12"
------------------------------------------------------------------------------
==============================================================================
Error: testing_lt:8:test9.

File "/Users/txy/Desktop/College Homework/Spring 2025/plt/fly/_build/default/test/parser/oUnit-testing_lt-xiang-2#01.log", line 34, characters 1-1:
Error: testing_lt:8:test9 (in the log).

Raised at OUnitAssert.assert_failure in file "src/lib/ounit2/advanced/oUnitAssert.ml", line 45, characters 2-27
Called from OUnitRunner.run_one_test.(fun) in file "src/lib/ounit2/advanced/oUnitRunner.ml", line 83, characters 13-26

expected: "LET ID(a9) WALRUS LBRACKET LITERAL(1) COMMA LITERAL(2) COMMA LITERAL(3) RBRACKET SEMI LET ID(b9) WALRUS LBRACKET LITERAL(4) COMMA LITERAL(5) COMMA LITERAL(6) RBRACKET SEMI LET ID(result9) WALRUS ID(a9) LT ID(b9) SEMI"
but got: "let a9 := [1, 2, 3]let b9 := [4, 5, 6]let result9 := a9 < b9"
------------------------------------------------------------------------------
==============================================================================
Error: testing_lt:7:test8.

File "/Users/txy/Desktop/College Homework/Spring 2025/plt/fly/_build/default/test/parser/oUnit-testing_lt-xiang-2#01.log", line 26, characters 1-1:
Error: testing_lt:7:test8 (in the log).

Raised at OUnitAssert.assert_failure in file "src/lib/ounit2/advanced/oUnitAssert.ml", line 45, characters 2-27
Called from OUnitRunner.run_one_test.(fun) in file "src/lib/ounit2/advanced/oUnitRunner.ml", line 83, characters 13-26

expected: "LET ID(a8) WALRUS LPAREN LITERAL(1) COMMA LITERAL(2) RPAREN SEMI LET ID(b8) WALRUS LPAREN LITERAL(2) COMMA LITERAL(3) RPAREN SEMI LET ID(result8) WALRUS ID(a8) LT ID(b8) SEMI"
but got: "let a8 := (1, 2)let b8 := (2, 3)let result8 := a8 < b8"
------------------------------------------------------------------------------
==============================================================================
Error: testing_lt:6:test7.

File "/Users/txy/Desktop/College Homework/Spring 2025/plt/fly/_build/default/test/parser/oUnit-testing_lt-xiang-2#02.log", line 26, characters 1-1:
Error: testing_lt:6:test7 (in the log).

Raised at OUnitAssert.assert_failure in file "src/lib/ounit2/advanced/oUnitAssert.ml", line 45, characters 2-27
Called from OUnitRunner.run_one_test.(fun) in file "src/lib/ounit2/advanced/oUnitRunner.ml", line 83, characters 13-26

expected: "LET ID(a7) WALRUS BLIT(true) SEMI LET ID(b7) WALRUS BLIT(false) SEMI LET ID(result7) WALRUS ID(a7) LT ID(b7) SEMI"
but got: "let a7 := Truelet b7 := Falselet result7 := a7 < b7"
------------------------------------------------------------------------------
==============================================================================
Error: testing_lt:5:test6.

File "/Users/txy/Desktop/College Homework/Spring 2025/plt/fly/_build/default/test/parser/oUnit-testing_lt-xiang-2#01.log", line 18, characters 1-1:
Error: testing_lt:5:test6 (in the log).

Raised at OUnitAssert.assert_failure in file "src/lib/ounit2/advanced/oUnitAssert.ml", line 45, characters 2-27
Called from OUnitRunner.run_one_test.(fun) in file "src/lib/ounit2/advanced/oUnitRunner.ml", line 83, characters 13-26

expected: "LET ID(a6) WALRUS SLIT(hello) SEMI LET ID(b6) WALRUS SLIT(world) SEMI LET ID(result6) WALRUS ID(a6) LT ID(b6) SEMI"
but got: "let a6 := hellolet b6 := worldlet result6 := a6 < b6"
------------------------------------------------------------------------------
==============================================================================
Error: testing_lt:4:test5.

File "/Users/txy/Desktop/College Homework/Spring 2025/plt/fly/_build/default/test/parser/oUnit-testing_lt-xiang-2#02.log", line 18, characters 1-1:
Error: testing_lt:4:test5 (in the log).

Raised at OUnitAssert.assert_failure in file "src/lib/ounit2/advanced/oUnitAssert.ml", line 45, characters 2-27
Called from OUnitRunner.run_one_test.(fun) in file "src/lib/ounit2/advanced/oUnitRunner.ml", line 83, characters 13-26

expected: "LET ID(a5) WALRUS LITERAL(10) SEMI LET ID(b5) WALRUS LITERAL(5) SEMI LET ID(result5) WALRUS ID(a5) LT ID(b5) SEMI"
but got: "let a5 := 10let b5 := 5let result5 := a5 < b5"
------------------------------------------------------------------------------
==============================================================================
Error: testing_lt:3:test4.

File "/Users/txy/Desktop/College Homework/Spring 2025/plt/fly/_build/default/test/parser/oUnit-testing_lt-xiang-2#01.log", line 10, characters 1-1:
Error: testing_lt:3:test4 (in the log).

Raised at OUnitAssert.assert_failure in file "src/lib/ounit2/advanced/oUnitAssert.ml", line 45, characters 2-27
Called from OUnitRunner.run_one_test.(fun) in file "src/lib/ounit2/advanced/oUnitRunner.ml", line 83, characters 13-26

expected: "LET ID(a4) WALRUS FLIT(5.500000) SEMI LET ID(b4) WALRUS FLIT(5.500000) SEMI LET ID(result4) WALRUS ID(a4) LT ID(b4) SEMI"
but got: "let a4 := 5.5let b4 := 5.5let result4 := a4 < b4"
------------------------------------------------------------------------------
==============================================================================
Error: testing_lt:2:test3.

File "/Users/txy/Desktop/College Homework/Spring 2025/plt/fly/_build/default/test/parser/oUnit-testing_lt-xiang-2#02.log", line 10, characters 1-1:
Error: testing_lt:2:test3 (in the log).

Raised at OUnitAssert.assert_failure in file "src/lib/ounit2/advanced/oUnitAssert.ml", line 45, characters 2-27
Called from OUnitRunner.run_one_test.(fun) in file "src/lib/ounit2/advanced/oUnitRunner.ml", line 83, characters 13-26

expected: "LET ID(a3) WALRUS LITERAL(5) SEMI LET ID(b3) WALRUS LITERAL(5) SEMI LET ID(result3) WALRUS ID(a3) LT ID(b3) SEMI"
but got: "let a3 := 5let b3 := 5let result3 := a3 < b3"
------------------------------------------------------------------------------
==============================================================================
Error: testing_lt:1:test2.

File "/Users/txy/Desktop/College Homework/Spring 2025/plt/fly/_build/default/test/parser/oUnit-testing_lt-xiang-2#02.log", line 2, characters 1-1:
Error: testing_lt:1:test2 (in the log).

Raised at OUnitAssert.assert_failure in file "src/lib/ounit2/advanced/oUnitAssert.ml", line 45, characters 2-27
Called from OUnitRunner.run_one_test.(fun) in file "src/lib/ounit2/advanced/oUnitRunner.ml", line 83, characters 13-26

expected: "LET ID(a2) WALRUS FLIT(3.500000) SEMI LET ID(b2) WALRUS FLIT(4.200000) SEMI LET ID(result2) WALRUS ID(a2) LT ID(b2) SEMI"
but got: "let a2 := 3.5let b2 := 4.2let result2 := a2 < b2"
------------------------------------------------------------------------------
==============================================================================
Error: testing_lt:0:test1.

File "/Users/txy/Desktop/College Homework/Spring 2025/plt/fly/_build/default/test/parser/oUnit-testing_lt-xiang-2#01.log", line 2, characters 1-1:
Error: testing_lt:0:test1 (in the log).

Raised at OUnitAssert.assert_failure in file "src/lib/ounit2/advanced/oUnitAssert.ml", line 45, characters 2-27
Called from OUnitRunner.run_one_test.(fun) in file "src/lib/ounit2/advanced/oUnitRunner.ml", line 83, characters 13-26

expected: "LET ID(a1) WALRUS LITERAL(5) SEMI LET ID(b1) WALRUS LITERAL(10) SEMI LET ID(result1) WALRUS ID(a1) LT ID(b1) SEMI"
but got: "let a1 := 5let b1 := 10let result1 := a1 < b1"
------------------------------------------------------------------------------
Ran: 17 tests in: 0.03 seconds.
FAILED: Cases: 17 Tried: 17 Errors: 2 Failures: 15 Skip:  0 Todo: 0 Timeouts: 0.
File "test/parser/dune", line 43, characters 8-17:
43 |   (name test_list)
             ^^^^^^^^^
EEEEFFEFFFF
==============================================================================
Error: testing_list:6:test7.

File "/Users/txy/Desktop/College Homework/Spring 2025/plt/fly/_build/default/test/parser/oUnit-testing_list-xiang-2#02.log", line 30, characters 1-1:
Error: testing_list:6:test7 (in the log).

Raised at Stdlib__Parsing.yyparse.loop in file "parsing.ml", line 139, characters 8-25
Called from Stdlib__Parsing.yyparse in file "parsing.ml", line 165, characters 4-28
Re-raised at Stdlib__Parsing.yyparse in file "parsing.ml", line 184, characters 8-17
Called from Dune__exe__Test_list.tests.(fun) in file "test/parser/test_list.ml", line 87, characters 24-67
Called from OUnitRunner.run_one_test.(fun) in file "src/lib/ounit2/advanced/oUnitRunner.ml", line 83, characters 13-26

Stdlib.Parsing.Parse_error
------------------------------------------------------------------------------
==============================================================================
Error: testing_list:3:test4.

File "/Users/txy/Desktop/College Homework/Spring 2025/plt/fly/_build/default/test/parser/oUnit-testing_list-xiang-2#01.log", line 12, characters 1-1:
Error: testing_list:3:test4 (in the log).

Raised at Stdlib__Parsing.yyparse.loop in file "parsing.ml", line 139, characters 8-25
Called from Stdlib__Parsing.yyparse in file "parsing.ml", line 165, characters 4-28
Re-raised at Stdlib__Parsing.yyparse in file "parsing.ml", line 184, characters 8-17
Called from Dune__exe__Test_list.tests.(fun) in file "test/parser/test_list.ml", line 47, characters 24-67
Called from OUnitRunner.run_one_test.(fun) in file "src/lib/ounit2/advanced/oUnitRunner.ml", line 83, characters 13-26

Stdlib.Parsing.Parse_error
------------------------------------------------------------------------------
==============================================================================
Error: testing_list:2:test3.

File "/Users/txy/Desktop/College Homework/Spring 2025/plt/fly/_build/default/test/parser/oUnit-testing_list-xiang-2#02.log", line 12, characters 1-1:
Error: testing_list:2:test3 (in the log).

Raised at Stdlib__Parsing.yyparse.loop in file "parsing.ml", line 139, characters 8-25
Called from Stdlib__Parsing.yyparse in file "parsing.ml", line 165, characters 4-28
Re-raised at Stdlib__Parsing.yyparse in file "parsing.ml", line 184, characters 8-17
Called from Dune__exe__Test_list.tests.(fun) in file "test/parser/test_list.ml", line 35, characters 24-67
Called from OUnitRunner.run_one_test.(fun) in file "src/lib/ounit2/advanced/oUnitRunner.ml", line 83, characters 13-26

Stdlib.Parsing.Parse_error
------------------------------------------------------------------------------
==============================================================================
Error: testing_list:0:test1.

File "/Users/txy/Desktop/College Homework/Spring 2025/plt/fly/_build/default/test/parser/oUnit-testing_list-xiang-2#01.log", line 2, characters 1-1:
Error: testing_list:0:test1 (in the log).

Raised at Stdlib__Parsing.yyparse.loop in file "parsing.ml", line 139, characters 8-25
Called from Stdlib__Parsing.yyparse in file "parsing.ml", line 165, characters 4-28
Re-raised at Stdlib__Parsing.yyparse in file "parsing.ml", line 184, characters 8-17
Called from Dune__exe__Test_list.tests.(fun) in file "test/parser/test_list.ml", line 11, characters 24-67
Called from OUnitRunner.run_one_test.(fun) in file "src/lib/ounit2/advanced/oUnitRunner.ml", line 83, characters 13-26

Stdlib.Parsing.Parse_error
------------------------------------------------------------------------------
==============================================================================
Error: testing_list:1:test2.

File "/Users/txy/Desktop/College Homework/Spring 2025/plt/fly/_build/default/test/parser/oUnit-testing_list-xiang-2#02.log", line 2, characters 1-1:
Error: testing_list:1:test2 (in the log).

Raised at Stdlib__Parsing.yyparse.loop in file "parsing.ml", line 139, characters 8-25
Called from Stdlib__Parsing.yyparse in file "parsing.ml", line 165, characters 4-28
Re-raised at Stdlib__Parsing.yyparse in file "parsing.ml", line 184, characters 8-17
Called from Dune__exe__Test_list.tests.(fun) in file "test/parser/test_list.ml", line 22, characters 24-67
Called from OUnitRunner.run_one_test.(fun) in file "src/lib/ounit2/advanced/oUnitRunner.ml", line 83, characters 13-26

Stdlib.Parsing.Parse_error
------------------------------------------------------------------------------
==============================================================================
Error: testing_list:10:test11.

File "/Users/txy/Desktop/College Homework/Spring 2025/plt/fly/_build/default/test/parser/oUnit-testing_list-xiang-2#02.log", line 48, characters 1-1:
Error: testing_list:10:test11 (in the log).

Raised at OUnitAssert.assert_failure in file "src/lib/ounit2/advanced/oUnitAssert.ml", line 45, characters 2-27
Called from OUnitRunner.run_one_test.(fun) in file "src/lib/ounit2/advanced/oUnitRunner.ml", line 83, characters 13-26

expected: "LET ID(a13) COLON LIST LT CHAR GT EQUAL LBRACKET CLIT(a) COMMA CLIT(b) COMMA CLIT(c) RBRACKET SEMI"
but got: "let a13: list<char> = [a, b, c]"
------------------------------------------------------------------------------
==============================================================================
Error: testing_list:9:test10.

File "/Users/txy/Desktop/College Homework/Spring 2025/plt/fly/_build/default/test/parser/oUnit-testing_list-xiang-2#02.log", line 40, characters 1-1:
Error: testing_list:9:test10 (in the log).

Raised at OUnitAssert.assert_failure in file "src/lib/ounit2/advanced/oUnitAssert.ml", line 45, characters 2-27
Called from OUnitRunner.run_one_test.(fun) in file "src/lib/ounit2/advanced/oUnitRunner.ml", line 83, characters 13-26

expected: "LET ID(a12) COLON LIST LT INT GT EQUAL LBRACKET LITERAL(1) COMMA LITERAL(2) COMMA LITERAL(3) RBRACKET SEMI"
but got: "let a12: list<int> = [1, 2, 3]"
------------------------------------------------------------------------------
==============================================================================
Error: testing_list:8:test9.

File "/Users/txy/Desktop/College Homework/Spring 2025/plt/fly/_build/default/test/parser/oUnit-testing_list-xiang-2#01.log", line 38, characters 1-1:
Error: testing_list:8:test9 (in the log).

Raised at OUnitAssert.assert_failure in file "src/lib/ounit2/advanced/oUnitAssert.ml", line 45, characters 2-27
Called from OUnitRunner.run_one_test.(fun) in file "src/lib/ounit2/advanced/oUnitRunner.ml", line 83, characters 13-26

expected: "LET MUT ID(a11) WALRUS LBRACKET LITERAL(1) COMMA LITERAL(2) COMMA LITERAL(3) RBRACKET SEMI LET ID(b11) WALRUS ID(a11) LBRACKET LITERAL(0) RBRACKET BEQ LITERAL(1) SEMI"
but got: "let mut a11 := [1, 2, 3]let b11 := a11[0] == 1"
------------------------------------------------------------------------------
==============================================================================
Error: testing_list:7:test8.

File "/Users/txy/Desktop/College Homework/Spring 2025/plt/fly/_build/default/test/parser/oUnit-testing_list-xiang-2#01.log", line 30, characters 1-1:
Error: testing_list:7:test8 (in the log).

Raised at OUnitAssert.assert_failure in file "src/lib/ounit2/advanced/oUnitAssert.ml", line 45, characters 2-27
Called from OUnitRunner.run_one_test.(fun) in file "src/lib/ounit2/advanced/oUnitRunner.ml", line 83, characters 13-26

expected: "LET MUT ID(a10) WALRUS LBRACKET BLIT(true) COMMA BLIT(false) RBRACKET SEMI LET ID(b10) WALRUS NOT ID(a10) LBRACKET LITERAL(0) RBRACKET SEMI"
but got: "let mut a10 := [True, False]let b10 := !a10[0]"
------------------------------------------------------------------------------
==============================================================================
Error: testing_list:5:test6.

File "/Users/txy/Desktop/College Homework/Spring 2025/plt/fly/_build/default/test/parser/oUnit-testing_list-xiang-2#02.log", line 22, characters 1-1:
Error: testing_list:5:test6 (in the log).

Raised at OUnitAssert.assert_failure in file "src/lib/ounit2/advanced/oUnitAssert.ml", line 45, characters 2-27
Called from OUnitRunner.run_one_test.(fun) in file "src/lib/ounit2/advanced/oUnitRunner.ml", line 83, characters 13-26

expected: "LET MUT ID(a8) WALRUS LBRACKET LITERAL(1) COMMA LITERAL(2) COMMA LITERAL(3) RBRACKET SEMI LET ID(b8) WALRUS ID(a8) BEQ LBRACKET LITERAL(1) COMMA LITERAL(2) COMMA LITERAL(3) RBRACKET SEMI"
but got: "let mut a8 := [1, 2, 3]let b8 := a8 == [1, 2, 3]"
------------------------------------------------------------------------------
==============================================================================
Error: testing_list:4:test5.

File "/Users/txy/Desktop/College Homework/Spring 2025/plt/fly/_build/default/test/parser/oUnit-testing_list-xiang-2#01.log", line 22, characters 1-1:
Error: testing_list:4:test5 (in the log).

Raised at OUnitAssert.assert_failure in file "src/lib/ounit2/advanced/oUnitAssert.ml", line 45, characters 2-27
Called from OUnitRunner.run_one_test.(fun) in file "src/lib/ounit2/advanced/oUnitRunner.ml", line 83, characters 13-26

expected: "LET MUT ID(a7) WALRUS LBRACKET LITERAL(1) COMMA LITERAL(2) COMMA LITERAL(3) RBRACKET SEMI LET ID(b7) WALRUS ID(a7) LBRACKET LITERAL(2) RBRACKET SEMI"
but got: "let mut a7 := [1, 2, 3]let b7 := a7[2]"
------------------------------------------------------------------------------
Ran: 11 tests in: 0.13 seconds.
FAILED: Cases: 11 Tried: 11 Errors: 5 Failures: 6 Skip:  0 Todo: 0 Timeouts: 0.
File "test/parser/dune", line 63, characters 8-18:
63 |   (name test_match)
             ^^^^^^^^^^
E
==============================================================================
Error: testing_match:0:test1.

File "/Users/txy/Desktop/College Homework/Spring 2025/plt/fly/_build/default/test/parser/oUnit-testing_match-xiang-2#01.log", line 2, characters 1-1:
Error: testing_match:0:test1 (in the log).

Raised at Stdlib__Parsing.yyparse.loop in file "parsing.ml", line 139, characters 8-25
Called from Stdlib__Parsing.yyparse in file "parsing.ml", line 165, characters 4-28
Re-raised at Stdlib__Parsing.yyparse in file "parsing.ml", line 184, characters 8-17
Called from Dune__exe__Test_match.tests.(fun) in file "test/parser/test_match.ml", line 17, characters 24-67
Called from OUnitRunner.run_one_test.(fun) in file "src/lib/ounit2/advanced/oUnitRunner.ml", line 83, characters 13-26

Stdlib.Parsing.Parse_error
------------------------------------------------------------------------------
Ran: 1 tests in: 0.11 seconds.
FAILED: Cases: 1 Tried: 1 Errors: 1 Failures: 0 Skip:  0 Todo: 0 Timeouts: 0.
File "test/parser/dune", line 56, characters 8-15:
56 |   (name test_le)
             ^^^^^^^
FFFFFFFFEFFFFFEFF
==============================================================================
Error: testing_le:14:test15.

File "/Users/txy/Desktop/College Homework/Spring 2025/plt/fly/_build/default/test/parser/oUnit-testing_le-xiang-2#01.log", line 10, characters 1-1:
Error: testing_le:14:test15 (in the log).

Raised at Stdlib__Parsing.yyparse.loop in file "parsing.ml", line 139, characters 8-25
Called from Stdlib__Parsing.yyparse in file "parsing.ml", line 165, characters 4-28
Re-raised at Stdlib__Parsing.yyparse in file "parsing.ml", line 184, characters 8-17
Called from Dune__exe__Test_le.tests.(fun) in file "test/parser/test_le.ml", line 214, characters 24-67
Called from OUnitRunner.run_one_test.(fun) in file "src/lib/ounit2/advanced/oUnitRunner.ml", line 83, characters 13-26

Stdlib.Parsing.Parse_error
------------------------------------------------------------------------------
==============================================================================
Error: testing_le:9:test10.

File "/Users/txy/Desktop/College Homework/Spring 2025/plt/fly/_build/default/test/parser/oUnit-testing_le-xiang-2#02.log", line 66, characters 1-1:
Error: testing_le:9:test10 (in the log).

Raised at Stdlib__Parsing.yyparse.loop in file "parsing.ml", line 139, characters 8-25
Called from Stdlib__Parsing.yyparse in file "parsing.ml", line 165, characters 4-28
Re-raised at Stdlib__Parsing.yyparse in file "parsing.ml", line 184, characters 8-17
Called from Dune__exe__Test_le.tests.(fun) in file "test/parser/test_le.ml", line 141, characters 24-67
Called from OUnitRunner.run_one_test.(fun) in file "src/lib/ounit2/advanced/oUnitRunner.ml", line 83, characters 13-26

Stdlib.Parsing.Parse_error
------------------------------------------------------------------------------
==============================================================================
Error: testing_le:16:test17.

File "/Users/txy/Desktop/College Homework/Spring 2025/plt/fly/_build/default/test/parser/oUnit-testing_le-xiang-2#02.log", line 108, characters 1-1:
Error: testing_le:16:test17 (in the log).

Raised at OUnitAssert.assert_failure in file "src/lib/ounit2/advanced/oUnitAssert.ml", line 45, characters 2-27
Called from OUnitRunner.run_one_test.(fun) in file "src/lib/ounit2/advanced/oUnitRunner.ml", line 83, characters 13-26

expected: "LET ID(a17) WALRUS BLIT(false) SEMI LET ID(b17) WALRUS SLIT(world) SEMI LET ID(result17) WALRUS ID(a17) LEQ ID(b17) SEMI"
but got: "let a17 := Falselet b17 := worldlet result17 := a17 <= b17"
------------------------------------------------------------------------------
==============================================================================
Error: testing_le:15:test16.

File "/Users/txy/Desktop/College Homework/Spring 2025/plt/fly/_build/default/test/parser/oUnit-testing_le-xiang-2#01.log", line 20, characters 1-1:
Error: testing_le:15:test16 (in the log).

Raised at OUnitAssert.assert_failure in file "src/lib/ounit2/advanced/oUnitAssert.ml", line 45, characters 2-27
Called from OUnitRunner.run_one_test.(fun) in file "src/lib/ounit2/advanced/oUnitRunner.ml", line 83, characters 13-26

expected: "LET ID(a16) WALRUS BLIT(true) SEMI LET ID(b16) WALRUS LITERAL(5) SEMI LET ID(result16) WALRUS ID(a16) LEQ ID(b16) SEMI"
but got: "let a16 := Truelet b16 := 5let result16 := a16 <= b16"
------------------------------------------------------------------------------
==============================================================================
Error: testing_le:13:test14.

File "/Users/txy/Desktop/College Homework/Spring 2025/plt/fly/_build/default/test/parser/oUnit-testing_le-xiang-2#02.log", line 100, characters 1-1:
Error: testing_le:13:test14 (in the log).

Raised at OUnitAssert.assert_failure in file "src/lib/ounit2/advanced/oUnitAssert.ml", line 45, characters 2-27
Called from OUnitRunner.run_one_test.(fun) in file "src/lib/ounit2/advanced/oUnitRunner.ml", line 83, characters 13-26

expected: "LET ID(a14) WALRUS LBRACKET LITERAL(1) COMMA LITERAL(2) COMMA LITERAL(3) RBRACKET SEMI LET ID(b14) WALRUS LITERAL(5) SEMI LET ID(result14) WALRUS ID(a14) LEQ ID(b14) SEMI"
but got: "let a14 := [1, 2, 3]let b14 := 5let result14 := a14 <= b14"
------------------------------------------------------------------------------
==============================================================================
Error: testing_le:0:test1.

File "/Users/txy/Desktop/College Homework/Spring 2025/plt/fly/_build/default/test/parser/oUnit-testing_le-xiang-2#01.log", line 2, characters 1-1:
Error: testing_le:0:test1 (in the log).

Raised at OUnitAssert.assert_failure in file "src/lib/ounit2/advanced/oUnitAssert.ml", line 45, characters 2-27
Called from OUnitRunner.run_one_test.(fun) in file "src/lib/ounit2/advanced/oUnitRunner.ml", line 83, characters 13-26

expected: "LET ID(a1) WALRUS LITERAL(5) SEMI LET ID(b1) WALRUS LITERAL(10) SEMI LET ID(result1) WALRUS ID(a1) LEQ ID(b1) SEMI"
but got: "let a1 := 5let b1 := 10let result1 := a1 <= b1"
------------------------------------------------------------------------------
==============================================================================
Error: testing_le:12:test13.

File "/Users/txy/Desktop/College Homework/Spring 2025/plt/fly/_build/default/test/parser/oUnit-testing_le-xiang-2#02.log", line 92, characters 1-1:
Error: testing_le:12:test13 (in the log).

Raised at OUnitAssert.assert_failure in file "src/lib/ounit2/advanced/oUnitAssert.ml", line 45, characters 2-27
Called from OUnitRunner.run_one_test.(fun) in file "src/lib/ounit2/advanced/oUnitRunner.ml", line 83, characters 13-26

expected: "LET ID(a13) WALRUS LPAREN LITERAL(1) COMMA LITERAL(2) RPAREN SEMI LET ID(b13) WALRUS LITERAL(5) SEMI LET ID(result13) WALRUS ID(a13) LEQ ID(b13) SEMI"
but got: "let a13 := (1, 2)let b13 := 5let result13 := a13 <= b13"
------------------------------------------------------------------------------
==============================================================================
Error: testing_le:11:test12.

File "/Users/txy/Desktop/College Homework/Spring 2025/plt/fly/_build/default/test/parser/oUnit-testing_le-xiang-2#02.log", line 84, characters 1-1:
Error: testing_le:11:test12 (in the log).

Raised at OUnitAssert.assert_failure in file "src/lib/ounit2/advanced/oUnitAssert.ml", line 45, characters 2-27
Called from OUnitRunner.run_one_test.(fun) in file "src/lib/ounit2/advanced/oUnitRunner.ml", line 83, characters 13-26

expected: "LET ID(a12) WALRUS SLIT(hello) SEMI LET ID(b12) WALRUS LITERAL(5) SEMI LET ID(result12) WALRUS ID(a12) LEQ ID(b12) SEMI"
but got: "let a12 := hellolet b12 := 5let result12 := a12 <= b12"
------------------------------------------------------------------------------
==============================================================================
Error: testing_le:10:test11.

File "/Users/txy/Desktop/College Homework/Spring 2025/plt/fly/_build/default/test/parser/oUnit-testing_le-xiang-2#02.log", line 76, characters 1-1:
Error: testing_le:10:test11 (in the log).

Raised at OUnitAssert.assert_failure in file "src/lib/ounit2/advanced/oUnitAssert.ml", line 45, characters 2-27
Called from OUnitRunner.run_one_test.(fun) in file "src/lib/ounit2/advanced/oUnitRunner.ml", line 83, characters 13-26

expected: "LET ID(a11) WALRUS LITERAL(5) SEMI LET ID(b11) WALRUS SLIT(string) SEMI LET ID(result11) WALRUS ID(a11) LEQ ID(b11) SEMI"
but got: "let a11 := 5let b11 := stringlet result11 := a11 <= b11"
------------------------------------------------------------------------------
==============================================================================
Error: testing_le:8:test9.

File "/Users/txy/Desktop/College Homework/Spring 2025/plt/fly/_build/default/test/parser/oUnit-testing_le-xiang-2#02.log", line 58, characters 1-1:
Error: testing_le:8:test9 (in the log).

Raised at OUnitAssert.assert_failure in file "src/lib/ounit2/advanced/oUnitAssert.ml", line 45, characters 2-27
Called from OUnitRunner.run_one_test.(fun) in file "src/lib/ounit2/advanced/oUnitRunner.ml", line 83, characters 13-26

expected: "LET ID(a9) WALRUS LBRACKET LITERAL(1) COMMA LITERAL(2) COMMA LITERAL(3) RBRACKET SEMI LET ID(b9) WALRUS LBRACKET LITERAL(4) COMMA LITERAL(5) COMMA LITERAL(6) RBRACKET SEMI LET ID(result9) WALRUS ID(a9) LEQ ID(b9) SEMI"
but got: "let a9 := [1, 2, 3]let b9 := [4, 5, 6]let result9 := a9 <= b9"
------------------------------------------------------------------------------
==============================================================================
Error: testing_le:7:test8.

File "/Users/txy/Desktop/College Homework/Spring 2025/plt/fly/_build/default/test/parser/oUnit-testing_le-xiang-2#02.log", line 50, characters 1-1:
Error: testing_le:7:test8 (in the log).

Raised at OUnitAssert.assert_failure in file "src/lib/ounit2/advanced/oUnitAssert.ml", line 45, characters 2-27
Called from OUnitRunner.run_one_test.(fun) in file "src/lib/ounit2/advanced/oUnitRunner.ml", line 83, characters 13-26

expected: "LET ID(a8) WALRUS LPAREN LITERAL(1) COMMA LITERAL(2) RPAREN SEMI LET ID(b8) WALRUS LPAREN LITERAL(2) COMMA LITERAL(3) RPAREN SEMI LET ID(result8) WALRUS ID(a8) LEQ ID(b8) SEMI"
but got: "let a8 := (1, 2)let b8 := (2, 3)let result8 := a8 <= b8"
------------------------------------------------------------------------------
==============================================================================
Error: testing_le:6:test7.

File "/Users/txy/Desktop/College Homework/Spring 2025/plt/fly/_build/default/test/parser/oUnit-testing_le-xiang-2#02.log", line 42, characters 1-1:
Error: testing_le:6:test7 (in the log).

Raised at OUnitAssert.assert_failure in file "src/lib/ounit2/advanced/oUnitAssert.ml", line 45, characters 2-27
Called from OUnitRunner.run_one_test.(fun) in file "src/lib/ounit2/advanced/oUnitRunner.ml", line 83, characters 13-26

expected: "LET ID(a7) WALRUS BLIT(true) SEMI LET ID(b7) WALRUS BLIT(false) SEMI LET ID(result7) WALRUS ID(a7) LEQ ID(b7) SEMI"
but got: "let a7 := Truelet b7 := Falselet result7 := a7 <= b7"
------------------------------------------------------------------------------
==============================================================================
Error: testing_le:5:test6.

File "/Users/txy/Desktop/College Homework/Spring 2025/plt/fly/_build/default/test/parser/oUnit-testing_le-xiang-2#02.log", line 34, characters 1-1:
Error: testing_le:5:test6 (in the log).

Raised at OUnitAssert.assert_failure in file "src/lib/ounit2/advanced/oUnitAssert.ml", line 45, characters 2-27
Called from OUnitRunner.run_one_test.(fun) in file "src/lib/ounit2/advanced/oUnitRunner.ml", line 83, characters 13-26

expected: "LET ID(a6) WALRUS SLIT(hello) SEMI LET ID(b6) WALRUS SLIT(world) SEMI LET ID(result6) WALRUS ID(a6) LEQ ID(b6) SEMI"
but got: "let a6 := hellolet b6 := worldlet result6 := a6 <= b6"
------------------------------------------------------------------------------
==============================================================================
Error: testing_le:4:test5.

File "/Users/txy/Desktop/College Homework/Spring 2025/plt/fly/_build/default/test/parser/oUnit-testing_le-xiang-2#02.log", line 26, characters 1-1:
Error: testing_le:4:test5 (in the log).

Raised at OUnitAssert.assert_failure in file "src/lib/ounit2/advanced/oUnitAssert.ml", line 45, characters 2-27
Called from OUnitRunner.run_one_test.(fun) in file "src/lib/ounit2/advanced/oUnitRunner.ml", line 83, characters 13-26

expected: "LET ID(a5) WALRUS LITERAL(10) SEMI LET ID(b5) WALRUS LITERAL(5) SEMI LET ID(result5) WALRUS ID(a5) LEQ ID(b5) SEMI"
but got: "let a5 := 10let b5 := 5let result5 := a5 <= b5"
------------------------------------------------------------------------------
==============================================================================
Error: testing_le:3:test4.

File "/Users/txy/Desktop/College Homework/Spring 2025/plt/fly/_build/default/test/parser/oUnit-testing_le-xiang-2#02.log", line 18, characters 1-1:
Error: testing_le:3:test4 (in the log).

Raised at OUnitAssert.assert_failure in file "src/lib/ounit2/advanced/oUnitAssert.ml", line 45, characters 2-27
Called from OUnitRunner.run_one_test.(fun) in file "src/lib/ounit2/advanced/oUnitRunner.ml", line 83, characters 13-26

expected: "LET ID(a4) WALRUS FLIT(5.500000) SEMI LET ID(b4) WALRUS FLIT(5.500000) SEMI LET ID(result4) WALRUS ID(a4) LEQ ID(b4) SEMI"
but got: "let a4 := 5.5let b4 := 5.5let result4 := a4 <= b4"
------------------------------------------------------------------------------
==============================================================================
Error: testing_le:2:test3.

File "/Users/txy/Desktop/College Homework/Spring 2025/plt/fly/_build/default/test/parser/oUnit-testing_le-xiang-2#02.log", line 10, characters 1-1:
Error: testing_le:2:test3 (in the log).

Raised at OUnitAssert.assert_failure in file "src/lib/ounit2/advanced/oUnitAssert.ml", line 45, characters 2-27
Called from OUnitRunner.run_one_test.(fun) in file "src/lib/ounit2/advanced/oUnitRunner.ml", line 83, characters 13-26

expected: "LET ID(a3) WALRUS LITERAL(5) SEMI LET ID(b3) WALRUS LITERAL(5) SEMI LET ID(result3) WALRUS ID(a3) LEQ ID(b3) SEMI"
but got: "let a3 := 5let b3 := 5let result3 := a3 <= b3"
------------------------------------------------------------------------------
==============================================================================
Error: testing_le:1:test2.

File "/Users/txy/Desktop/College Homework/Spring 2025/plt/fly/_build/default/test/parser/oUnit-testing_le-xiang-2#02.log", line 2, characters 1-1:
Error: testing_le:1:test2 (in the log).

Raised at OUnitAssert.assert_failure in file "src/lib/ounit2/advanced/oUnitAssert.ml", line 45, characters 2-27
Called from OUnitRunner.run_one_test.(fun) in file "src/lib/ounit2/advanced/oUnitRunner.ml", line 83, characters 13-26

expected: "LET ID(a2) WALRUS FLIT(3.500000) SEMI LET ID(b2) WALRUS FLIT(4.200000) SEMI LET ID(result2) WALRUS ID(a2) LEQ ID(b2) SEMI"
but got: "let a2 := 3.5let b2 := 4.2let result2 := a2 <= b2"
------------------------------------------------------------------------------
Ran: 17 tests in: 0.13 seconds.
FAILED: Cases: 17 Tried: 17 Errors: 2 Failures: 15 Skip:  0 Todo: 0 Timeouts: 0.
File "test/parser/dune", line 35, characters 8-15:
35 |   (name test_gt)
             ^^^^^^^
FFFFFFFEFFFFFF
==============================================================================
Error: testing_gt:7:test8.

File "/Users/txy/Desktop/College Homework/Spring 2025/plt/fly/_build/default/test/parser/oUnit-testing_gt-xiang-2#01.log", line 26, characters 1-1:
Error: testing_gt:7:test8 (in the log).

Raised at Stdlib__Parsing.yyparse.loop in file "parsing.ml", line 139, characters 8-25
Called from Stdlib__Parsing.yyparse in file "parsing.ml", line 165, characters 4-28
Re-raised at Stdlib__Parsing.yyparse in file "parsing.ml", line 184, characters 8-17
Called from Dune__exe__Test_gt.tests.(fun) in file "test/parser/test_gt.ml", line 109, characters 24-67
Called from OUnitRunner.run_one_test.(fun) in file "src/lib/ounit2/advanced/oUnitRunner.ml", line 83, characters 13-26

Stdlib.Parsing.Parse_error
------------------------------------------------------------------------------
==============================================================================
Error: testing_gt:13:test14.

File "/Users/txy/Desktop/College Homework/Spring 2025/plt/fly/_build/default/test/parser/oUnit-testing_gt-xiang-2#02.log", line 50, characters 1-1:
Error: testing_gt:13:test14 (in the log).

Raised at OUnitAssert.assert_failure in file "src/lib/ounit2/advanced/oUnitAssert.ml", line 45, characters 2-27
Called from OUnitRunner.run_one_test.(fun) in file "src/lib/ounit2/advanced/oUnitRunner.ml", line 83, characters 13-26

expected: "LET ID(a14) WALRUS FLIT(3.500000) SEMI LET ID(b14) WALRUS FLIT(-1.100000) SEMI LET ID(result14) WALRUS ID(a14) GT ID(b14) SEMI"
but got: "let a14 := 3.5let b14 := -1.1let result14 := a14 > b14"
------------------------------------------------------------------------------
==============================================================================
Error: testing_gt:12:test13.

File "/Users/txy/Desktop/College Homework/Spring 2025/plt/fly/_build/default/test/parser/oUnit-testing_gt-xiang-2#01.log", line 52, characters 1-1:
Error: testing_gt:12:test13 (in the log).

Raised at OUnitAssert.assert_failure in file "src/lib/ounit2/advanced/oUnitAssert.ml", line 45, characters 2-27
Called from OUnitRunner.run_one_test.(fun) in file "src/lib/ounit2/advanced/oUnitRunner.ml", line 83, characters 13-26

expected: "LET ID(a13) WALRUS LITERAL(2) SEMI LET ID(b13) WALRUS LITERAL(-2) SEMI LET ID(result13) WALRUS ID(a13) GT ID(b13) SEMI"
but got: "let a13 := 2let b13 := -2let result13 := a13 > b13"
------------------------------------------------------------------------------
==============================================================================
Error: testing_gt:11:test12.

File "/Users/txy/Desktop/College Homework/Spring 2025/plt/fly/_build/default/test/parser/oUnit-testing_gt-xiang-2#01.log", line 44, characters 1-1:
Error: testing_gt:11:test12 (in the log).

Raised at OUnitAssert.assert_failure in file "src/lib/ounit2/advanced/oUnitAssert.ml", line 45, characters 2-27
Called from OUnitRunner.run_one_test.(fun) in file "src/lib/ounit2/advanced/oUnitRunner.ml", line 83, characters 13-26

expected: "LET ID(a12) WALRUS FLIT(-2.500000) SEMI LET ID(b12) WALRUS FLIT(-3.300000) SEMI LET ID(result12) WALRUS ID(a12) GT ID(b12) SEMI"
but got: "let a12 := -2.5let b12 := -3.3let result12 := a12 > b12"
------------------------------------------------------------------------------
==============================================================================
Error: testing_gt:10:test11.

File "/Users/txy/Desktop/College Homework/Spring 2025/plt/fly/_build/default/test/parser/oUnit-testing_gt-xiang-2#02.log", line 42, characters 1-1:
Error: testing_gt:10:test11 (in the log).

Raised at OUnitAssert.assert_failure in file "src/lib/ounit2/advanced/oUnitAssert.ml", line 45, characters 2-27
Called from OUnitRunner.run_one_test.(fun) in file "src/lib/ounit2/advanced/oUnitRunner.ml", line 83, characters 13-26

expected: "LET ID(a11) WALRUS LITERAL(-2) SEMI LET ID(b11) WALRUS LITERAL(-5) SEMI LET ID(result11) WALRUS ID(a11) GT ID(b11) SEMI"
but got: "let a11 := -2let b11 := -5let result11 := a11 > b11"
------------------------------------------------------------------------------
==============================================================================
Error: testing_gt:8:test9.

File "/Users/txy/Desktop/College Homework/Spring 2025/plt/fly/_build/default/test/parser/oUnit-testing_gt-xiang-2#01.log", line 36, characters 1-1:
Error: testing_gt:8:test9 (in the log).

Raised at OUnitAssert.assert_failure in file "src/lib/ounit2/advanced/oUnitAssert.ml", line 45, characters 2-27
Called from OUnitRunner.run_one_test.(fun) in file "src/lib/ounit2/advanced/oUnitRunner.ml", line 83, characters 13-26

expected: "LET ID(a9) WALRUS LITERAL(4) SEMI LET ID(b9) WALRUS LITERAL(4) SEMI LET ID(result9) WALRUS ID(a9) GT ID(b9) SEMI"
but got: "let a9 := 4let b9 := 4let result9 := a9 > b9"
------------------------------------------------------------------------------
==============================================================================
Error: testing_gt:9:test10.

File "/Users/txy/Desktop/College Homework/Spring 2025/plt/fly/_build/default/test/parser/oUnit-testing_gt-xiang-2#02.log", line 34, characters 1-1:
Error: testing_gt:9:test10 (in the log).

Raised at OUnitAssert.assert_failure in file "src/lib/ounit2/advanced/oUnitAssert.ml", line 45, characters 2-27
Called from OUnitRunner.run_one_test.(fun) in file "src/lib/ounit2/advanced/oUnitRunner.ml", line 83, characters 13-26

expected: "LET ID(a10) WALRUS FLIT(4.400000) SEMI LET ID(b10) WALRUS FLIT(4.400000) SEMI LET ID(result10) WALRUS ID(a10) GT ID(b10) SEMI"
but got: "let a10 := 4.4let b10 := 4.4let result10 := a10 > b10"
------------------------------------------------------------------------------
==============================================================================
Error: testing_gt:6:test7.

File "/Users/txy/Desktop/College Homework/Spring 2025/plt/fly/_build/default/test/parser/oUnit-testing_gt-xiang-2#02.log", line 26, characters 1-1:
Error: testing_gt:6:test7 (in the log).

Raised at OUnitAssert.assert_failure in file "src/lib/ounit2/advanced/oUnitAssert.ml", line 45, characters 2-27
Called from OUnitRunner.run_one_test.(fun) in file "src/lib/ounit2/advanced/oUnitRunner.ml", line 83, characters 13-26

expected: "LET ID(a7) WALRUS LBRACKET LITERAL(1) COMMA LITERAL(2) COMMA LITERAL(3) RBRACKET SEMI LET ID(b7) WALRUS LITERAL(2) SEMI LET ID(result7) WALRUS ID(a7) GT ID(b7) SEMI"
but got: "let a7 := [1, 2, 3]let b7 := 2let result7 := a7 > b7"
------------------------------------------------------------------------------
==============================================================================
Error: testing_gt:5:test6.

File "/Users/txy/Desktop/College Homework/Spring 2025/plt/fly/_build/default/test/parser/oUnit-testing_gt-xiang-2#02.log", line 18, characters 1-1:
Error: testing_gt:5:test6 (in the log).

Raised at OUnitAssert.assert_failure in file "src/lib/ounit2/advanced/oUnitAssert.ml", line 45, characters 2-27
Called from OUnitRunner.run_one_test.(fun) in file "src/lib/ounit2/advanced/oUnitRunner.ml", line 83, characters 13-26

expected: "LET ID(a6) WALRUS LPAREN LITERAL(1) COMMA LITERAL(2) RPAREN SEMI LET ID(b6) WALRUS LITERAL(3) SEMI LET ID(result6) WALRUS ID(a6) GT ID(b6) SEMI"
but got: "let a6 := (1, 2)let b6 := 3let result6 := a6 > b6"
------------------------------------------------------------------------------
==============================================================================
Error: testing_gt:4:test5.

File "/Users/txy/Desktop/College Homework/Spring 2025/plt/fly/_build/default/test/parser/oUnit-testing_gt-xiang-2#01.log", line 18, characters 1-1:
Error: testing_gt:4:test5 (in the log).

Raised at OUnitAssert.assert_failure in file "src/lib/ounit2/advanced/oUnitAssert.ml", line 45, characters 2-27
Called from OUnitRunner.run_one_test.(fun) in file "src/lib/ounit2/advanced/oUnitRunner.ml", line 83, characters 13-26

expected: "LET ID(a5) WALRUS BLIT(true) SEMI LET ID(b5) WALRUS BLIT(false) SEMI LET ID(result5) WALRUS ID(a5) GT ID(b5) SEMI"
but got: "let a5 := Truelet b5 := Falselet result5 := a5 > b5"
------------------------------------------------------------------------------
==============================================================================
Error: testing_gt:3:test4.

File "/Users/txy/Desktop/College Homework/Spring 2025/plt/fly/_build/default/test/parser/oUnit-testing_gt-xiang-2#01.log", line 10, characters 1-1:
Error: testing_gt:3:test4 (in the log).

Raised at OUnitAssert.assert_failure in file "src/lib/ounit2/advanced/oUnitAssert.ml", line 45, characters 2-27
Called from OUnitRunner.run_one_test.(fun) in file "src/lib/ounit2/advanced/oUnitRunner.ml", line 83, characters 13-26

expected: "LET ID(a4) WALRUS SLIT(hello) SEMI LET ID(b4) WALRUS SLIT(world) SEMI LET ID(result4) WALRUS ID(a4) GT ID(b4) SEMI"
but got: "let a4 := hellolet b4 := worldlet result4 := a4 > b4"
------------------------------------------------------------------------------
==============================================================================
Error: testing_gt:2:test3.

File "/Users/txy/Desktop/College Homework/Spring 2025/plt/fly/_build/default/test/parser/oUnit-testing_gt-xiang-2#02.log", line 10, characters 1-1:
Error: testing_gt:2:test3 (in the log).

Raised at OUnitAssert.assert_failure in file "src/lib/ounit2/advanced/oUnitAssert.ml", line 45, characters 2-27
Called from OUnitRunner.run_one_test.(fun) in file "src/lib/ounit2/advanced/oUnitRunner.ml", line 83, characters 13-26

expected: "LET ID(a3) WALRUS LITERAL(5) SEMI LET ID(b3) WALRUS FLIT(3.700000) SEMI LET ID(result3) WALRUS ID(a3) GT ID(b3) SEMI"
but got: "let a3 := 5let b3 := 3.7let result3 := a3 > b3"
------------------------------------------------------------------------------
==============================================================================
Error: testing_gt:1:test2.

File "/Users/txy/Desktop/College Homework/Spring 2025/plt/fly/_build/default/test/parser/oUnit-testing_gt-xiang-2#02.log", line 2, characters 1-1:
Error: testing_gt:1:test2 (in the log).

Raised at OUnitAssert.assert_failure in file "src/lib/ounit2/advanced/oUnitAssert.ml", line 45, characters 2-27
Called from OUnitRunner.run_one_test.(fun) in file "src/lib/ounit2/advanced/oUnitRunner.ml", line 83, characters 13-26

expected: "LET ID(a2) WALRUS FLIT(5.500000) SEMI LET ID(b2) WALRUS FLIT(3.300000) SEMI LET ID(result2) WALRUS ID(a2) GT ID(b2) SEMI"
but got: "let a2 := 5.5let b2 := 3.3let result2 := a2 > b2"
------------------------------------------------------------------------------
==============================================================================
Error: testing_gt:0:test1.

File "/Users/txy/Desktop/College Homework/Spring 2025/plt/fly/_build/default/test/parser/oUnit-testing_gt-xiang-2#01.log", line 2, characters 1-1:
Error: testing_gt:0:test1 (in the log).

Raised at OUnitAssert.assert_failure in file "src/lib/ounit2/advanced/oUnitAssert.ml", line 45, characters 2-27
Called from OUnitRunner.run_one_test.(fun) in file "src/lib/ounit2/advanced/oUnitRunner.ml", line 83, characters 13-26

expected: "LET ID(a1) WALRUS LITERAL(5) SEMI LET ID(b1) WALRUS LITERAL(3) SEMI LET ID(result1) WALRUS ID(a1) GT ID(b1) SEMI"
but got: "let a1 := 5let b1 := 3let result1 := a1 > b1"
------------------------------------------------------------------------------
Ran: 14 tests in: 0.11 seconds.
FAILED: Cases: 14 Tried: 14 Errors: 1 Failures: 13 Skip:  0 Todo: 0 Timeouts: 0.
File "test/parser/dune", line 67, characters 8-24:
67 |   (name test_minusassign)
             ^^^^^^^^^^^^^^^^
FFFFFFFFEFFF
==============================================================================
Error: testing_minusassign:8:test9.

File "/Users/txy/Desktop/College Homework/Spring 2025/plt/fly/_build/default/test/parser/oUnit-testing_minusassign-xiang-2#02.log", line 26, characters 1-1:
Error: testing_minusassign:8:test9 (in the log).

Raised at Stdlib__Parsing.yyparse.loop in file "parsing.ml", line 139, characters 8-25
Called from Stdlib__Parsing.yyparse in file "parsing.ml", line 165, characters 4-28
Re-raised at Stdlib__Parsing.yyparse in file "parsing.ml", line 184, characters 8-17
Called from Dune__exe__Test_minusassign.tests.(fun) in file "test/parser/test_minusassign.ml", line 96, characters 24-67
Called from OUnitRunner.run_one_test.(fun) in file "src/lib/ounit2/advanced/oUnitRunner.ml", line 83, characters 13-26

Stdlib.Parsing.Parse_error
------------------------------------------------------------------------------
==============================================================================
Error: testing_minusassign:11:test12.

File "/Users/txy/Desktop/College Homework/Spring 2025/plt/fly/_build/default/test/parser/oUnit-testing_minusassign-xiang-2#02.log", line 44, characters 1-1:
Error: testing_minusassign:11:test12 (in the log).

Raised at OUnitAssert.assert_failure in file "src/lib/ounit2/advanced/oUnitAssert.ml", line 45, characters 2-27
Called from OUnitRunner.run_one_test.(fun) in file "src/lib/ounit2/advanced/oUnitRunner.ml", line 83, characters 13-26

expected: "LET MUT ID(a12) WALRUS FLIT(5.500000) SEMI ID(a12) MINUS_ASSIGN LBRACKET LITERAL(1) COMMA LITERAL(2) RBRACKET SEMI"
but got: "let mut a12 := 5.5a12-=[1, 2]"
------------------------------------------------------------------------------
==============================================================================
Error: testing_minusassign:10:test11.

File "/Users/txy/Desktop/College Homework/Spring 2025/plt/fly/_build/default/test/parser/oUnit-testing_minusassign-xiang-2#02.log", line 36, characters 1-1:
Error: testing_minusassign:10:test11 (in the log).

Raised at OUnitAssert.assert_failure in file "src/lib/ounit2/advanced/oUnitAssert.ml", line 45, characters 2-27
Called from OUnitRunner.run_one_test.(fun) in file "src/lib/ounit2/advanced/oUnitRunner.ml", line 83, characters 13-26

expected: "LET MUT ID(a11) WALRUS LITERAL(10) SEMI ID(a11) MINUS_ASSIGN SLIT(string) SEMI"
but got: "let mut a11 := 10a11-=string"
------------------------------------------------------------------------------
==============================================================================
Error: testing_minusassign:9:test10.

File "/Users/txy/Desktop/College Homework/Spring 2025/plt/fly/_build/default/test/parser/oUnit-testing_minusassign-xiang-2#01.log", line 42, characters 1-1:
Error: testing_minusassign:9:test10 (in the log).

Raised at OUnitAssert.assert_failure in file "src/lib/ounit2/advanced/oUnitAssert.ml", line 45, characters 2-27
Called from OUnitRunner.run_one_test.(fun) in file "src/lib/ounit2/advanced/oUnitRunner.ml", line 83, characters 13-26

expected: "LET MUT ID(a10) WALRUS BLIT(true) SEMI ID(a10) MINUS_ASSIGN LITERAL(5) SEMI"
but got: "let mut a10 := Truea10-=5"
------------------------------------------------------------------------------
==============================================================================
Error: testing_minusassign:7:test8.

File "/Users/txy/Desktop/College Homework/Spring 2025/plt/fly/_build/default/test/parser/oUnit-testing_minusassign-xiang-2#01.log", line 34, characters 1-1:
Error: testing_minusassign:7:test8 (in the log).

Raised at OUnitAssert.assert_failure in file "src/lib/ounit2/advanced/oUnitAssert.ml", line 45, characters 2-27
Called from OUnitRunner.run_one_test.(fun) in file "src/lib/ounit2/advanced/oUnitRunner.ml", line 83, characters 13-26

expected: "LET MUT ID(a8) WALRUS LBRACKET LITERAL(1) COMMA LITERAL(2) COMMA LITERAL(3) RBRACKET SEMI ID(a8) MINUS_ASSIGN LITERAL(5) SEMI"
but got: "let mut a8 := [1, 2, 3]a8-=5"
------------------------------------------------------------------------------
==============================================================================
Error: testing_minusassign:6:test7.

File "/Users/txy/Desktop/College Homework/Spring 2025/plt/fly/_build/default/test/parser/oUnit-testing_minusassign-xiang-2#01.log", line 26, characters 1-1:
Error: testing_minusassign:6:test7 (in the log).

Raised at OUnitAssert.assert_failure in file "src/lib/ounit2/advanced/oUnitAssert.ml", line 45, characters 2-27
Called from OUnitRunner.run_one_test.(fun) in file "src/lib/ounit2/advanced/oUnitRunner.ml", line 83, characters 13-26

expected: "LET MUT ID(a7) WALRUS LPAREN LITERAL(1) COMMA LITERAL(2) RPAREN SEMI ID(a7) MINUS_ASSIGN LITERAL(5) SEMI"
but got: "let mut a7 := (1, 2)a7-=5"
------------------------------------------------------------------------------
==============================================================================
Error: testing_minusassign:5:test6.

File "/Users/txy/Desktop/College Homework/Spring 2025/plt/fly/_build/default/test/parser/oUnit-testing_minusassign-xiang-2#02.log", line 18, characters 1-1:
Error: testing_minusassign:5:test6 (in the log).

Raised at OUnitAssert.assert_failure in file "src/lib/ounit2/advanced/oUnitAssert.ml", line 45, characters 2-27
Called from OUnitRunner.run_one_test.(fun) in file "src/lib/ounit2/advanced/oUnitRunner.ml", line 83, characters 13-26

expected: "LET MUT ID(a6) WALRUS SLIT(hello) SEMI ID(a6) MINUS_ASSIGN LITERAL(5) SEMI"
but got: "let mut a6 := helloa6-=5"
------------------------------------------------------------------------------
==============================================================================
Error: testing_minusassign:4:test5.

File "/Users/txy/Desktop/College Homework/Spring 2025/plt/fly/_build/default/test/parser/oUnit-testing_minusassign-xiang-2#01.log", line 18, characters 1-1:
Error: testing_minusassign:4:test5 (in the log).

Raised at OUnitAssert.assert_failure in file "src/lib/ounit2/advanced/oUnitAssert.ml", line 45, characters 2-27
Called from OUnitRunner.run_one_test.(fun) in file "src/lib/ounit2/advanced/oUnitRunner.ml", line 83, characters 13-26

expected: "LET MUT ID(a5) WALRUS LITERAL(5) SEMI ID(a5) MINUS_ASSIGN SLIT(string) SEMI"
but got: "let mut a5 := 5a5-=string"
------------------------------------------------------------------------------
==============================================================================
Error: testing_minusassign:3:test4.

File "/Users/txy/Desktop/College Homework/Spring 2025/plt/fly/_build/default/test/parser/oUnit-testing_minusassign-xiang-2#02.log", line 10, characters 1-1:
Error: testing_minusassign:3:test4 (in the log).

Raised at OUnitAssert.assert_failure in file "src/lib/ounit2/advanced/oUnitAssert.ml", line 45, characters 2-27
Called from OUnitRunner.run_one_test.(fun) in file "src/lib/ounit2/advanced/oUnitRunner.ml", line 83, characters 13-26

expected: "LET MUT ID(a4) WALRUS FLIT(3.500000) SEMI ID(a4) MINUS_ASSIGN LITERAL(2) SEMI"
but got: "let mut a4 := 3.5a4-=2"
------------------------------------------------------------------------------
==============================================================================
Error: testing_minusassign:2:test3.

File "/Users/txy/Desktop/College Homework/Spring 2025/plt/fly/_build/default/test/parser/oUnit-testing_minusassign-xiang-2#01.log", line 10, characters 1-1:
Error: testing_minusassign:2:test3 (in the log).

Raised at OUnitAssert.assert_failure in file "src/lib/ounit2/advanced/oUnitAssert.ml", line 45, characters 2-27
Called from OUnitRunner.run_one_test.(fun) in file "src/lib/ounit2/advanced/oUnitRunner.ml", line 83, characters 13-26

expected: "LET MUT ID(a3) WALRUS LITERAL(5) SEMI ID(a3) MINUS_ASSIGN FLIT(3.500000) SEMI"
but got: "let mut a3 := 5a3-=3.5"
------------------------------------------------------------------------------
==============================================================================
Error: testing_minusassign:1:test2.

File "/Users/txy/Desktop/College Homework/Spring 2025/plt/fly/_build/default/test/parser/oUnit-testing_minusassign-xiang-2#02.log", line 2, characters 1-1:
Error: testing_minusassign:1:test2 (in the log).

Raised at OUnitAssert.assert_failure in file "src/lib/ounit2/advanced/oUnitAssert.ml", line 45, characters 2-27
Called from OUnitRunner.run_one_test.(fun) in file "src/lib/ounit2/advanced/oUnitRunner.ml", line 83, characters 13-26

expected: "LET MUT ID(a2) WALRUS FLIT(5.500000) SEMI ID(a2) MINUS_ASSIGN FLIT(3.200000) SEMI"
but got: "let mut a2 := 5.5a2-=3.2"
------------------------------------------------------------------------------
==============================================================================
Error: testing_minusassign:0:test1.

File "/Users/txy/Desktop/College Homework/Spring 2025/plt/fly/_build/default/test/parser/oUnit-testing_minusassign-xiang-2#01.log", line 2, characters 1-1:
Error: testing_minusassign:0:test1 (in the log).

Raised at OUnitAssert.assert_failure in file "src/lib/ounit2/advanced/oUnitAssert.ml", line 45, characters 2-27
Called from OUnitRunner.run_one_test.(fun) in file "src/lib/ounit2/advanced/oUnitRunner.ml", line 83, characters 13-26

expected: "LET MUT ID(a1) WALRUS LITERAL(10) SEMI ID(a1) MINUS_ASSIGN LITERAL(5) SEMI"
but got: "let mut a1 := 10a1-=5"
------------------------------------------------------------------------------
Ran: 12 tests in: 0.11 seconds.
FAILED: Cases: 12 Tried: 12 Errors: 1 Failures: 11 Skip:  0 Todo: 0 Timeouts: 0.
File "test/parser/dune", line 71, characters 8-16:
71 |   (name test_mut)
             ^^^^^^^^
FEF.
==============================================================================
Error: testing_mut:2:test3.

File "/Users/txy/Desktop/College Homework/Spring 2025/plt/fly/_build/default/test/parser/oUnit-testing_mut-xiang-2#01.log", line 10, characters 1-1:
Error: testing_mut:2:test3 (in the log).

Raised at Stdlib__Parsing.yyparse.loop in file "parsing.ml", line 139, characters 8-25
Called from Stdlib__Parsing.yyparse in file "parsing.ml", line 165, characters 4-28
Re-raised at Stdlib__Parsing.yyparse in file "parsing.ml", line 184, characters 8-17
Called from Dune__exe__Test_mut.tests.(fun) in file "test/parser/test_mut.ml", line 35, characters 24-67
Called from OUnitRunner.run_one_test.(fun) in file "src/lib/ounit2/advanced/oUnitRunner.ml", line 83, characters 13-26

Stdlib.Parsing.Parse_error
------------------------------------------------------------------------------
==============================================================================
Error: testing_mut:1:test2.

File "/Users/txy/Desktop/College Homework/Spring 2025/plt/fly/_build/default/test/parser/oUnit-testing_mut-xiang-2#02.log", line 2, characters 1-1:
Error: testing_mut:1:test2 (in the log).

Raised at OUnitAssert.assert_failure in file "src/lib/ounit2/advanced/oUnitAssert.ml", line 45, characters 2-27
Called from OUnitRunner.run_one_test.(fun) in file "src/lib/ounit2/advanced/oUnitRunner.ml", line 83, characters 13-26

expected: "LET MUT ID(y) WALRUS LITERAL(4) SEMI ID(y) PLUS_ASSIGN LITERAL(8) SEMI"
but got: "let mut y := 4y+=8"
------------------------------------------------------------------------------
==============================================================================
Error: testing_mut:0:test1.

File "/Users/txy/Desktop/College Homework/Spring 2025/plt/fly/_build/default/test/parser/oUnit-testing_mut-xiang-2#01.log", line 2, characters 1-1:
Error: testing_mut:0:test1 (in the log).

Raised at OUnitAssert.assert_failure in file "src/lib/ounit2/advanced/oUnitAssert.ml", line 45, characters 2-27
Called from OUnitRunner.run_one_test.(fun) in file "src/lib/ounit2/advanced/oUnitRunner.ml", line 83, characters 13-26

expected: "LET ID(x) WALRUS LITERAL(5) SEMI ID(x) MINUS_ASSIGN LITERAL(4) SEMI"
but got: "let x := 5x-=4"
------------------------------------------------------------------------------
Ran: 4 tests in: 0.10 seconds.
FAILED: Cases: 4 Tried: 4 Errors: 1 Failures: 2 Skip:  0 Todo: 0 Timeouts: 0.
File "test/parser/dune", line 75, characters 8-16:
75 |   (name test_neq)
             ^^^^^^^^
FFFFFFFFFFEF
==============================================================================
Error: testing_neq:11:test12.

File "/Users/txy/Desktop/College Homework/Spring 2025/plt/fly/_build/default/test/parser/oUnit-testing_neq-xiang-2#01.log", line 50, characters 1-1:
Error: testing_neq:11:test12 (in the log).

Raised at Stdlib__Parsing.yyparse.loop in file "parsing.ml", line 139, characters 8-25
Called from Stdlib__Parsing.yyparse in file "parsing.ml", line 165, characters 4-28
Re-raised at Stdlib__Parsing.yyparse in file "parsing.ml", line 184, characters 8-17
Called from Dune__exe__Test_neq.tests.(fun) in file "test/parser/test_neq.ml", line 169, characters 24-67
Called from OUnitRunner.run_one_test.(fun) in file "src/lib/ounit2/advanced/oUnitRunner.ml", line 83, characters 13-26

Stdlib.Parsing.Parse_error
------------------------------------------------------------------------------
==============================================================================
Error: testing_neq:10:test11.

File "/Users/txy/Desktop/College Homework/Spring 2025/plt/fly/_build/default/test/parser/oUnit-testing_neq-xiang-2#02.log", line 34, characters 1-1:
Error: testing_neq:10:test11 (in the log).

Raised at OUnitAssert.assert_failure in file "src/lib/ounit2/advanced/oUnitAssert.ml", line 45, characters 2-27
Called from OUnitRunner.run_one_test.(fun) in file "src/lib/ounit2/advanced/oUnitRunner.ml", line 83, characters 13-26

expected: "LET ID(a10) WALRUS LBRACKET LITERAL(1) COMMA LITERAL(2) COMMA LITERAL(3) RBRACKET SEMI LET ID(b10) WALRUS LBRACKET LITERAL(1) COMMA LITERAL(2) COMMA LITERAL(3) RBRACKET SEMI LET ID(result10) WALRUS ID(a10) NEQ ID(b10) SEMI"
but got: "let a10 := [1, 2, 3]let b10 := [1, 2, 3]let result10 := a10 != b10"
------------------------------------------------------------------------------
==============================================================================
Error: testing_neq:9:test10.

File "/Users/txy/Desktop/College Homework/Spring 2025/plt/fly/_build/default/test/parser/oUnit-testing_neq-xiang-2#01.log", line 42, characters 1-1:
Error: testing_neq:9:test10 (in the log).

Raised at OUnitAssert.assert_failure in file "src/lib/ounit2/advanced/oUnitAssert.ml", line 45, characters 2-27
Called from OUnitRunner.run_one_test.(fun) in file "src/lib/ounit2/advanced/oUnitRunner.ml", line 83, characters 13-26

expected: "LET ID(a9) WALRUS SLIT() SEMI LET ID(b9) WALRUS SLIT() SEMI LET ID(result9) WALRUS ID(a9) NEQ ID(b9) SEMI"
but got: "let a9 := let b9 := let result9 := a9 != b9"
------------------------------------------------------------------------------
==============================================================================
Error: testing_neq:8:test9.

File "/Users/txy/Desktop/College Homework/Spring 2025/plt/fly/_build/default/test/parser/oUnit-testing_neq-xiang-2#02.log", line 26, characters 1-1:
Error: testing_neq:8:test9 (in the log).

Raised at OUnitAssert.assert_failure in file "src/lib/ounit2/advanced/oUnitAssert.ml", line 45, characters 2-27
Called from OUnitRunner.run_one_test.(fun) in file "src/lib/ounit2/advanced/oUnitRunner.ml", line 83, characters 13-26

expected: "LET ID(a8) WALRUS BLIT(true) SEMI LET ID(b8) WALRUS BLIT(true) SEMI LET ID(result8) WALRUS ID(a8) NEQ ID(b8) SEMI"
but got: "let a8 := Truelet b8 := Truelet result8 := a8 != b8"
------------------------------------------------------------------------------
==============================================================================
Error: testing_neq:7:test8.

File "/Users/txy/Desktop/College Homework/Spring 2025/plt/fly/_build/default/test/parser/oUnit-testing_neq-xiang-2#01.log", line 34, characters 1-1:
Error: testing_neq:7:test8 (in the log).

Raised at OUnitAssert.assert_failure in file "src/lib/ounit2/advanced/oUnitAssert.ml", line 45, characters 2-27
Called from OUnitRunner.run_one_test.(fun) in file "src/lib/ounit2/advanced/oUnitRunner.ml", line 83, characters 13-26

expected: "LET ID(a7) WALRUS LITERAL(5) SEMI LET ID(b7) WALRUS SLIT(hello) SEMI LET ID(result7) WALRUS ID(a7) NEQ ID(b7) SEMI"
but got: "let a7 := 5let b7 := hellolet result7 := a7 != b7"
------------------------------------------------------------------------------
==============================================================================
Error: testing_neq:6:test7.

File "/Users/txy/Desktop/College Homework/Spring 2025/plt/fly/_build/default/test/parser/oUnit-testing_neq-xiang-2#02.log", line 18, characters 1-1:
Error: testing_neq:6:test7 (in the log).

Raised at OUnitAssert.assert_failure in file "src/lib/ounit2/advanced/oUnitAssert.ml", line 45, characters 2-27
Called from OUnitRunner.run_one_test.(fun) in file "src/lib/ounit2/advanced/oUnitRunner.ml", line 83, characters 13-26

expected: "LET ID(a6) WALRUS LITERAL(10) SEMI LET ID(b6) WALRUS LITERAL(10) SEMI LET ID(result6) WALRUS ID(a6) NEQ ID(b6) SEMI"
but got: "let a6 := 10let b6 := 10let result6 := a6 != b6"
------------------------------------------------------------------------------
==============================================================================
Error: testing_neq:5:test6.

File "/Users/txy/Desktop/College Homework/Spring 2025/plt/fly/_build/default/test/parser/oUnit-testing_neq-xiang-2#01.log", line 26, characters 1-1:
Error: testing_neq:5:test6 (in the log).

Raised at OUnitAssert.assert_failure in file "src/lib/ounit2/advanced/oUnitAssert.ml", line 45, characters 2-27
Called from OUnitRunner.run_one_test.(fun) in file "src/lib/ounit2/advanced/oUnitRunner.ml", line 83, characters 13-26

expected: "LET ID(a5) WALRUS CLIT(a) SEMI LET ID(b5) WALRUS CLIT(b) SEMI LET ID(result5) WALRUS ID(a5) NEQ ID(b5) SEMI"
but got: "let a5 := alet b5 := blet result5 := a5 != b5"
------------------------------------------------------------------------------
==============================================================================
Error: testing_neq:4:test5.

File "/Users/txy/Desktop/College Homework/Spring 2025/plt/fly/_build/default/test/parser/oUnit-testing_neq-xiang-2#02.log", line 10, characters 1-1:
Error: testing_neq:4:test5 (in the log).

Raised at OUnitAssert.assert_failure in file "src/lib/ounit2/advanced/oUnitAssert.ml", line 45, characters 2-27
Called from OUnitRunner.run_one_test.(fun) in file "src/lib/ounit2/advanced/oUnitRunner.ml", line 83, characters 13-26

expected: "LET ID(a4) WALRUS SLIT(hello) SEMI LET ID(b4) WALRUS SLIT(world) SEMI LET ID(result4) WALRUS ID(a4) NEQ ID(b4) SEMI"
but got: "let a4 := hellolet b4 := worldlet result4 := a4 != b4"
------------------------------------------------------------------------------
==============================================================================
Error: testing_neq:3:test4.

File "/Users/txy/Desktop/College Homework/Spring 2025/plt/fly/_build/default/test/parser/oUnit-testing_neq-xiang-2#01.log", line 18, characters 1-1:
Error: testing_neq:3:test4 (in the log).

Raised at OUnitAssert.assert_failure in file "src/lib/ounit2/advanced/oUnitAssert.ml", line 45, characters 2-27
Called from OUnitRunner.run_one_test.(fun) in file "src/lib/ounit2/advanced/oUnitRunner.ml", line 83, characters 13-26

expected: "LET ID(a3) WALRUS BLIT(true) SEMI LET ID(b3) WALRUS BLIT(false) SEMI LET ID(result3) WALRUS ID(a3) NEQ ID(b3) SEMI"
but got: "let a3 := Truelet b3 := Falselet result3 := a3 != b3"
------------------------------------------------------------------------------
==============================================================================
Error: testing_neq:1:test2.

File "/Users/txy/Desktop/College Homework/Spring 2025/plt/fly/_build/default/test/parser/oUnit-testing_neq-xiang-2#02.log", line 2, characters 1-1:
Error: testing_neq:1:test2 (in the log).

Raised at OUnitAssert.assert_failure in file "src/lib/ounit2/advanced/oUnitAssert.ml", line 45, characters 2-27
Called from OUnitRunner.run_one_test.(fun) in file "src/lib/ounit2/advanced/oUnitRunner.ml", line 83, characters 13-26

expected: "LET ID(a1) WALRUS FLIT(5.000000) SEMI LET ID(b1) WALRUS FLIT(3.000000) SEMI LET ID(result1) WALRUS ID(a1) NEQ ID(b1) SEMI"
but got: "let a1 := 5.let b1 := 3.let result1 := a1 != b1"
------------------------------------------------------------------------------
==============================================================================
Error: testing_neq:2:test3.

File "/Users/txy/Desktop/College Homework/Spring 2025/plt/fly/_build/default/test/parser/oUnit-testing_neq-xiang-2#01.log", line 10, characters 1-1:
Error: testing_neq:2:test3 (in the log).

Raised at OUnitAssert.assert_failure in file "src/lib/ounit2/advanced/oUnitAssert.ml", line 45, characters 2-27
Called from OUnitRunner.run_one_test.(fun) in file "src/lib/ounit2/advanced/oUnitRunner.ml", line 83, characters 13-26

expected: "LET ID(a2) WALRUS LITERAL(5) SEMI LET ID(b2) WALRUS FLIT(5.000000) SEMI LET ID(result2) WALRUS ID(a2) NEQ ID(b2) SEMI"
but got: "let a2 := 5let b2 := 5.let result2 := a2 != b2"
------------------------------------------------------------------------------
==============================================================================
Error: testing_neq:0:test1.

File "/Users/txy/Desktop/College Homework/Spring 2025/plt/fly/_build/default/test/parser/oUnit-testing_neq-xiang-2#01.log", line 2, characters 1-1:
Error: testing_neq:0:test1 (in the log).

Raised at OUnitAssert.assert_failure in file "src/lib/ounit2/advanced/oUnitAssert.ml", line 45, characters 2-27
Called from OUnitRunner.run_one_test.(fun) in file "src/lib/ounit2/advanced/oUnitRunner.ml", line 83, characters 13-26

expected: "LET ID(a) WALRUS LITERAL(5) SEMI LET ID(b) WALRUS LITERAL(3) SEMI LET ID(result) WALRUS ID(a) NEQ ID(b) SEMI"
but got: "let a := 5let b := 3let result := a != b"
------------------------------------------------------------------------------
Ran: 12 tests in: 0.10 seconds.
FAILED: Cases: 12 Tried: 12 Errors: 1 Failures: 11 Skip:  0 Todo: 0 Timeouts: 0.
File "test/parser/dune", line 39, characters 8-15:
39 |   (name test_ge)
             ^^^^^^^
FFFFFFFEFFFFFFF
==============================================================================
Error: testing_ge:7:test8.

File "/Users/txy/Desktop/College Homework/Spring 2025/plt/fly/_build/default/test/parser/oUnit-testing_ge-xiang-2#02.log", line 26, characters 1-1:
Error: testing_ge:7:test8 (in the log).

Raised at Stdlib__Parsing.yyparse.loop in file "parsing.ml", line 139, characters 8-25
Called from Stdlib__Parsing.yyparse in file "parsing.ml", line 165, characters 4-28
Re-raised at Stdlib__Parsing.yyparse in file "parsing.ml", line 184, characters 8-17
Called from Dune__exe__Test_ge.tests.(fun) in file "test/parser/test_ge.ml", line 110, characters 24-67
Called from OUnitRunner.run_one_test.(fun) in file "src/lib/ounit2/advanced/oUnitRunner.ml", line 83, characters 13-26

Stdlib.Parsing.Parse_error
------------------------------------------------------------------------------
==============================================================================
Error: testing_ge:14:test15.

File "/Users/txy/Desktop/College Homework/Spring 2025/plt/fly/_build/default/test/parser/oUnit-testing_ge-xiang-2#01.log", line 58, characters 1-1:
Error: testing_ge:14:test15 (in the log).

Raised at OUnitAssert.assert_failure in file "src/lib/ounit2/advanced/oUnitAssert.ml", line 45, characters 2-27
Called from OUnitRunner.run_one_test.(fun) in file "src/lib/ounit2/advanced/oUnitRunner.ml", line 83, characters 13-26

expected: "LET ID(a15) WALRUS SLIT(hello) SEMI LET ID(b15) WALRUS LITERAL(5) SEMI LET ID(result15) WALRUS ID(a15) GEQ ID(b15) SEMI"
but got: "let a15 := hellolet b15 := 5let result15 := a15 >= b15"
------------------------------------------------------------------------------
==============================================================================
Error: testing_ge:13:test14.

File "/Users/txy/Desktop/College Homework/Spring 2025/plt/fly/_build/default/test/parser/oUnit-testing_ge-xiang-2#02.log", line 52, characters 1-1:
Error: testing_ge:13:test14 (in the log).

Raised at OUnitAssert.assert_failure in file "src/lib/ounit2/advanced/oUnitAssert.ml", line 45, characters 2-27
Called from OUnitRunner.run_one_test.(fun) in file "src/lib/ounit2/advanced/oUnitRunner.ml", line 83, characters 13-26

expected: "LET ID(a14) WALRUS FLIT(3.500000) SEMI LET ID(b14) WALRUS FLIT(-1.100000) SEMI LET ID(result14) WALRUS ID(a14) GEQ ID(b14) SEMI"
but got: "let a14 := 3.5let b14 := -1.1let result14 := a14 >= b14"
------------------------------------------------------------------------------
==============================================================================
Error: testing_ge:11:test12.

File "/Users/txy/Desktop/College Homework/Spring 2025/plt/fly/_build/default/test/parser/oUnit-testing_ge-xiang-2#01.log", line 50, characters 1-1:
Error: testing_ge:11:test12 (in the log).

Raised at OUnitAssert.assert_failure in file "src/lib/ounit2/advanced/oUnitAssert.ml", line 45, characters 2-27
Called from OUnitRunner.run_one_test.(fun) in file "src/lib/ounit2/advanced/oUnitRunner.ml", line 83, characters 13-26

expected: "LET ID(a12) WALRUS FLIT(-2.500000) SEMI LET ID(b12) WALRUS FLIT(-3.300000) SEMI LET ID(result12) WALRUS ID(a12) GEQ ID(b12) SEMI"
but got: "let a12 := -2.5let b12 := -3.3let result12 := a12 >= b12"
------------------------------------------------------------------------------
==============================================================================
Error: testing_ge:12:test13.

File "/Users/txy/Desktop/College Homework/Spring 2025/plt/fly/_build/default/test/parser/oUnit-testing_ge-xiang-2#02.log", line 44, characters 1-1:
Error: testing_ge:12:test13 (in the log).

Raised at OUnitAssert.assert_failure in file "src/lib/ounit2/advanced/oUnitAssert.ml", line 45, characters 2-27
Called from OUnitRunner.run_one_test.(fun) in file "src/lib/ounit2/advanced/oUnitRunner.ml", line 83, characters 13-26

expected: "LET ID(a13) WALRUS LITERAL(2) SEMI LET ID(b13) WALRUS LITERAL(-2) SEMI LET ID(result13) WALRUS ID(a13) GEQ ID(b13) SEMI"
but got: "let a13 := 2let b13 := -2let result13 := a13 >= b13"
------------------------------------------------------------------------------
==============================================================================
Error: testing_ge:10:test11.

File "/Users/txy/Desktop/College Homework/Spring 2025/plt/fly/_build/default/test/parser/oUnit-testing_ge-xiang-2#01.log", line 42, characters 1-1:
Error: testing_ge:10:test11 (in the log).

Raised at OUnitAssert.assert_failure in file "src/lib/ounit2/advanced/oUnitAssert.ml", line 45, characters 2-27
Called from OUnitRunner.run_one_test.(fun) in file "src/lib/ounit2/advanced/oUnitRunner.ml", line 83, characters 13-26

expected: "LET ID(a11) WALRUS LITERAL(-2) SEMI LET ID(b11) WALRUS LITERAL(-5) SEMI LET ID(result11) WALRUS ID(a11) GEQ ID(b11) SEMI"
but got: "let a11 := -2let b11 := -5let result11 := a11 >= b11"
------------------------------------------------------------------------------
==============================================================================
Error: testing_ge:9:test10.

File "/Users/txy/Desktop/College Homework/Spring 2025/plt/fly/_build/default/test/parser/oUnit-testing_ge-xiang-2#02.log", line 36, characters 1-1:
Error: testing_ge:9:test10 (in the log).

Raised at OUnitAssert.assert_failure in file "src/lib/ounit2/advanced/oUnitAssert.ml", line 45, characters 2-27
Called from OUnitRunner.run_one_test.(fun) in file "src/lib/ounit2/advanced/oUnitRunner.ml", line 83, characters 13-26

expected: "LET ID(a10) WALRUS FLIT(4.400000) SEMI LET ID(b10) WALRUS FLIT(4.400000) SEMI LET ID(result10) WALRUS ID(a10) GEQ ID(b10) SEMI"
but got: "let a10 := 4.4let b10 := 4.4let result10 := a10 >= b10"
------------------------------------------------------------------------------
==============================================================================
Error: testing_ge:8:test9.

File "/Users/txy/Desktop/College Homework/Spring 2025/plt/fly/_build/default/test/parser/oUnit-testing_ge-xiang-2#01.log", line 34, characters 1-1:
Error: testing_ge:8:test9 (in the log).

Raised at OUnitAssert.assert_failure in file "src/lib/ounit2/advanced/oUnitAssert.ml", line 45, characters 2-27
Called from OUnitRunner.run_one_test.(fun) in file "src/lib/ounit2/advanced/oUnitRunner.ml", line 83, characters 13-26

expected: "LET ID(a9) WALRUS LITERAL(4) SEMI LET ID(b9) WALRUS LITERAL(4) SEMI LET ID(result9) WALRUS ID(a9) GEQ ID(b9) SEMI"
but got: "let a9 := 4let b9 := 4let result9 := a9 >= b9"
------------------------------------------------------------------------------
==============================================================================
Error: testing_ge:6:test7.

File "/Users/txy/Desktop/College Homework/Spring 2025/plt/fly/_build/default/test/parser/oUnit-testing_ge-xiang-2#01.log", line 26, characters 1-1:
Error: testing_ge:6:test7 (in the log).

Raised at OUnitAssert.assert_failure in file "src/lib/ounit2/advanced/oUnitAssert.ml", line 45, characters 2-27
Called from OUnitRunner.run_one_test.(fun) in file "src/lib/ounit2/advanced/oUnitRunner.ml", line 83, characters 13-26

expected: "LET ID(a7) WALRUS LBRACKET LITERAL(1) COMMA LITERAL(2) COMMA LITERAL(3) RBRACKET SEMI LET ID(b7) WALRUS LITERAL(2) SEMI LET ID(result7) WALRUS ID(a7) GEQ ID(b7) SEMI"
but got: "let a7 := [1, 2, 3]let b7 := 2let result7 := a7 >= b7"
------------------------------------------------------------------------------
==============================================================================
Error: testing_ge:5:test6.

File "/Users/txy/Desktop/College Homework/Spring 2025/plt/fly/_build/default/test/parser/oUnit-testing_ge-xiang-2#02.log", line 18, characters 1-1:
Error: testing_ge:5:test6 (in the log).

Raised at OUnitAssert.assert_failure in file "src/lib/ounit2/advanced/oUnitAssert.ml", line 45, characters 2-27
Called from OUnitRunner.run_one_test.(fun) in file "src/lib/ounit2/advanced/oUnitRunner.ml", line 83, characters 13-26

expected: "LET ID(a6) WALRUS LPAREN LITERAL(1) COMMA LITERAL(2) RPAREN SEMI LET ID(b6) WALRUS LITERAL(3) SEMI LET ID(result6) WALRUS ID(a6) GEQ ID(b6) SEMI"
but got: "let a6 := (1, 2)let b6 := 3let result6 := a6 >= b6"
------------------------------------------------------------------------------
==============================================================================
Error: testing_ge:4:test5.

File "/Users/txy/Desktop/College Homework/Spring 2025/plt/fly/_build/default/test/parser/oUnit-testing_ge-xiang-2#01.log", line 18, characters 1-1:
Error: testing_ge:4:test5 (in the log).

Raised at OUnitAssert.assert_failure in file "src/lib/ounit2/advanced/oUnitAssert.ml", line 45, characters 2-27
Called from OUnitRunner.run_one_test.(fun) in file "src/lib/ounit2/advanced/oUnitRunner.ml", line 83, characters 13-26

expected: "LET ID(a5) WALRUS BLIT(true) SEMI LET ID(b5) WALRUS BLIT(false) SEMI LET ID(result5) WALRUS ID(a5) GEQ ID(b5) SEMI"
but got: "let a5 := Truelet b5 := Falselet result5 := a5 >= b5"
------------------------------------------------------------------------------
==============================================================================
Error: testing_ge:3:test4.

File "/Users/txy/Desktop/College Homework/Spring 2025/plt/fly/_build/default/test/parser/oUnit-testing_ge-xiang-2#02.log", line 10, characters 1-1:
Error: testing_ge:3:test4 (in the log).

Raised at OUnitAssert.assert_failure in file "src/lib/ounit2/advanced/oUnitAssert.ml", line 45, characters 2-27
Called from OUnitRunner.run_one_test.(fun) in file "src/lib/ounit2/advanced/oUnitRunner.ml", line 83, characters 13-26

expected: "LET ID(a4) WALRUS SLIT(hello) SEMI LET ID(b4) WALRUS SLIT(world) SEMI LET ID(result4) WALRUS ID(a4) GEQ ID(b4) SEMI"
but got: "let a4 := hellolet b4 := worldlet result4 := a4 >= b4"
------------------------------------------------------------------------------
==============================================================================
Error: testing_ge:2:test3.

File "/Users/txy/Desktop/College Homework/Spring 2025/plt/fly/_build/default/test/parser/oUnit-testing_ge-xiang-2#01.log", line 10, characters 1-1:
Error: testing_ge:2:test3 (in the log).

Raised at OUnitAssert.assert_failure in file "src/lib/ounit2/advanced/oUnitAssert.ml", line 45, characters 2-27
Called from OUnitRunner.run_one_test.(fun) in file "src/lib/ounit2/advanced/oUnitRunner.ml", line 83, characters 13-26

expected: "LET ID(a3) WALRUS LITERAL(5) SEMI LET ID(b3) WALRUS FLIT(3.700000) SEMI LET ID(result3) WALRUS ID(a3) GEQ ID(b3) SEMI"
but got: "let a3 := 5let b3 := 3.7let result3 := a3 >= b3"
------------------------------------------------------------------------------
==============================================================================
Error: testing_ge:1:test2.

File "/Users/txy/Desktop/College Homework/Spring 2025/plt/fly/_build/default/test/parser/oUnit-testing_ge-xiang-2#02.log", line 2, characters 1-1:
Error: testing_ge:1:test2 (in the log).

Raised at OUnitAssert.assert_failure in file "src/lib/ounit2/advanced/oUnitAssert.ml", line 45, characters 2-27
Called from OUnitRunner.run_one_test.(fun) in file "src/lib/ounit2/advanced/oUnitRunner.ml", line 83, characters 13-26

expected: "LET ID(a2) WALRUS FLIT(5.500000) SEMI LET ID(b2) WALRUS FLIT(3.300000) SEMI LET ID(result2) WALRUS ID(a2) GEQ ID(b2) SEMI"
but got: "let a2 := 5.5let b2 := 3.3let result2 := a2 >= b2"
------------------------------------------------------------------------------
==============================================================================
Error: testing_ge:0:test1.

File "/Users/txy/Desktop/College Homework/Spring 2025/plt/fly/_build/default/test/parser/oUnit-testing_ge-xiang-2#01.log", line 2, characters 1-1:
Error: testing_ge:0:test1 (in the log).

Raised at OUnitAssert.assert_failure in file "src/lib/ounit2/advanced/oUnitAssert.ml", line 45, characters 2-27
Called from OUnitRunner.run_one_test.(fun) in file "src/lib/ounit2/advanced/oUnitRunner.ml", line 83, characters 13-26

expected: "LET ID(a1) WALRUS LITERAL(5) SEMI LET ID(b1) WALRUS LITERAL(3) SEMI LET ID(result1) WALRUS ID(a1) GEQ ID(b1) SEMI"
but got: "let a1 := 5let b1 := 3let result1 := a1 >= b1"
------------------------------------------------------------------------------
Ran: 15 tests in: 0.11 seconds.
FAILED: Cases: 15 Tried: 15 Errors: 1 Failures: 14 Skip:  0 Todo: 0 Timeouts: 0.
File "test/parser/dune", line 87, characters 8-23:
87 |   (name test_plusassign)
             ^^^^^^^^^^^^^^^
FFFFFFFEFF
==============================================================================
Error: testing_plusassign:7:test8.

File "/Users/txy/Desktop/College Homework/Spring 2025/plt/fly/_build/default/test/parser/oUnit-testing_plusassign-xiang-2#02.log", line 26, characters 1-1:
Error: testing_plusassign:7:test8 (in the log).

Raised at Stdlib__Parsing.yyparse.loop in file "parsing.ml", line 139, characters 8-25
Called from Stdlib__Parsing.yyparse in file "parsing.ml", line 165, characters 4-28
Re-raised at Stdlib__Parsing.yyparse in file "parsing.ml", line 184, characters 8-17
Called from Dune__exe__Test_plusassign.tests.(fun) in file "test/parser/test_plusassign.ml", line 85, characters 24-67
Called from OUnitRunner.run_one_test.(fun) in file "src/lib/ounit2/advanced/oUnitRunner.ml", line 83, characters 13-26

Stdlib.Parsing.Parse_error
------------------------------------------------------------------------------
==============================================================================
Error: testing_plusassign:8:test9.

File "/Users/txy/Desktop/College Homework/Spring 2025/plt/fly/_build/default/test/parser/oUnit-testing_plusassign-xiang-2#02.log", line 36, characters 1-1:
Error: testing_plusassign:8:test9 (in the log).

Raised at OUnitAssert.assert_failure in file "src/lib/ounit2/advanced/oUnitAssert.ml", line 45, characters 2-27
Called from OUnitRunner.run_one_test.(fun) in file "src/lib/ounit2/advanced/oUnitRunner.ml", line 83, characters 13-26

expected: "LET MUT ID(x10) WALRUS CLIT(a) SEMI ID(x10) PLUS_ASSIGN CLIT(b) SEMI"
but got: "let mut x10 := ax10+=b"
------------------------------------------------------------------------------
==============================================================================
Error: testing_plusassign:9:test10.

File "/Users/txy/Desktop/College Homework/Spring 2025/plt/fly/_build/default/test/parser/oUnit-testing_plusassign-xiang-2#01.log", line 34, characters 1-1:
Error: testing_plusassign:9:test10 (in the log).

Raised at OUnitAssert.assert_failure in file "src/lib/ounit2/advanced/oUnitAssert.ml", line 45, characters 2-27
Called from OUnitRunner.run_one_test.(fun) in file "src/lib/ounit2/advanced/oUnitRunner.ml", line 83, characters 13-26

expected: "LET MUT ID(x11) WALRUS LPAREN LITERAL(1) COMMA LITERAL(2) RPAREN SEMI ID(x11) PLUS_ASSIGN LPAREN LITERAL(3) COMMA LITERAL(4) RPAREN SEMI"
but got: "let mut x11 := (1, 2)x11+=(3, 4)"
------------------------------------------------------------------------------
==============================================================================
Error: testing_plusassign:6:test7.

File "/Users/txy/Desktop/College Homework/Spring 2025/plt/fly/_build/default/test/parser/oUnit-testing_plusassign-xiang-2#01.log", line 26, characters 1-1:
Error: testing_plusassign:6:test7 (in the log).

Raised at OUnitAssert.assert_failure in file "src/lib/ounit2/advanced/oUnitAssert.ml", line 45, characters 2-27
Called from OUnitRunner.run_one_test.(fun) in file "src/lib/ounit2/advanced/oUnitRunner.ml", line 83, characters 13-26

expected: "LET MUT ID(x8) WALRUS LBRACKET LITERAL(1) COMMA LITERAL(2) COMMA LITERAL(3) RBRACKET SEMI ID(x8) PLUS_ASSIGN LBRACKET LITERAL(4) COMMA LITERAL(5) RBRACKET SEMI"
but got: "let mut x8 := [1, 2, 3]x8+=[4, 5]"
------------------------------------------------------------------------------
==============================================================================
Error: testing_plusassign:5:test6.

File "/Users/txy/Desktop/College Homework/Spring 2025/plt/fly/_build/default/test/parser/oUnit-testing_plusassign-xiang-2#01.log", line 18, characters 1-1:
Error: testing_plusassign:5:test6 (in the log).

Raised at OUnitAssert.assert_failure in file "src/lib/ounit2/advanced/oUnitAssert.ml", line 45, characters 2-27
Called from OUnitRunner.run_one_test.(fun) in file "src/lib/ounit2/advanced/oUnitRunner.ml", line 83, characters 13-26

expected: "LET MUT ID(x7) WALRUS SLIT(Hello) SEMI ID(x7) PLUS_ASSIGN SLIT( World) SEMI"
but got: "let mut x7 := Hellox7+= World"
------------------------------------------------------------------------------
==============================================================================
Error: testing_plusassign:4:test5.

File "/Users/txy/Desktop/College Homework/Spring 2025/plt/fly/_build/default/test/parser/oUnit-testing_plusassign-xiang-2#02.log", line 18, characters 1-1:
Error: testing_plusassign:4:test5 (in the log).

Raised at OUnitAssert.assert_failure in file "src/lib/ounit2/advanced/oUnitAssert.ml", line 45, characters 2-27
Called from OUnitRunner.run_one_test.(fun) in file "src/lib/ounit2/advanced/oUnitRunner.ml", line 83, characters 13-26

expected: "LET MUT ID(x6) WALRUS BLIT(true) SEMI ID(x6) PLUS_ASSIGN BLIT(false) SEMI"
but got: "let mut x6 := Truex6+=False"
------------------------------------------------------------------------------
==============================================================================
Error: testing_plusassign:3:test4.

File "/Users/txy/Desktop/College Homework/Spring 2025/plt/fly/_build/default/test/parser/oUnit-testing_plusassign-xiang-2#02.log", line 10, characters 1-1:
Error: testing_plusassign:3:test4 (in the log).

Raised at OUnitAssert.assert_failure in file "src/lib/ounit2/advanced/oUnitAssert.ml", line 45, characters 2-27
Called from OUnitRunner.run_one_test.(fun) in file "src/lib/ounit2/advanced/oUnitRunner.ml", line 83, characters 13-26

expected: "LET ID(x4) WALRUS FLIT(5.500000) SEMI ID(x4) PLUS_ASSIGN LITERAL(3) SEMI"
but got: "let x4 := 5.5x4+=3"
------------------------------------------------------------------------------
==============================================================================
Error: testing_plusassign:2:test3.

File "/Users/txy/Desktop/College Homework/Spring 2025/plt/fly/_build/default/test/parser/oUnit-testing_plusassign-xiang-2#01.log", line 10, characters 1-1:
Error: testing_plusassign:2:test3 (in the log).

Raised at OUnitAssert.assert_failure in file "src/lib/ounit2/advanced/oUnitAssert.ml", line 45, characters 2-27
Called from OUnitRunner.run_one_test.(fun) in file "src/lib/ounit2/advanced/oUnitRunner.ml", line 83, characters 13-26

expected: "LET MUT ID(x3) WALRUS LITERAL(5) SEMI ID(x3) PLUS_ASSIGN FLIT(3.500000) SEMI"
but got: "let mut x3 := 5x3+=3.5"
------------------------------------------------------------------------------
==============================================================================
Error: testing_plusassign:1:test2.

File "/Users/txy/Desktop/College Homework/Spring 2025/plt/fly/_build/default/test/parser/oUnit-testing_plusassign-xiang-2#02.log", line 2, characters 1-1:
Error: testing_plusassign:1:test2 (in the log).

Raised at OUnitAssert.assert_failure in file "src/lib/ounit2/advanced/oUnitAssert.ml", line 45, characters 2-27
Called from OUnitRunner.run_one_test.(fun) in file "src/lib/ounit2/advanced/oUnitRunner.ml", line 83, characters 13-26

expected: "LET MUT ID(x2) WALRUS FLIT(5.500000) SEMI ID(x2) PLUS_ASSIGN FLIT(3.500000) SEMI"
but got: "let mut x2 := 5.5x2+=3.5"
------------------------------------------------------------------------------
==============================================================================
Error: testing_plusassign:0:test1.

File "/Users/txy/Desktop/College Homework/Spring 2025/plt/fly/_build/default/test/parser/oUnit-testing_plusassign-xiang-2#01.log", line 2, characters 1-1:
Error: testing_plusassign:0:test1 (in the log).

Raised at OUnitAssert.assert_failure in file "src/lib/ounit2/advanced/oUnitAssert.ml", line 45, characters 2-27
Called from OUnitRunner.run_one_test.(fun) in file "src/lib/ounit2/advanced/oUnitRunner.ml", line 83, characters 13-26

expected: "LET MUT ID(x1) WALRUS LITERAL(5) SEMI ID(x1) PLUS_ASSIGN LITERAL(3) SEMI"
but got: "let mut x1 := 5x1+=3"
------------------------------------------------------------------------------
Ran: 10 tests in: 0.10 seconds.
FAILED: Cases: 10 Tried: 10 Errors: 1 Failures: 9 Skip:  0 Todo: 0 Timeouts: 0.
File "test/parser/dune", line 83, characters 8-15:
83 |   (name test_or)
             ^^^^^^^
FFFFFFEFF
==============================================================================
Error: testing_or:6:test7.

File "/Users/txy/Desktop/College Homework/Spring 2025/plt/fly/_build/default/test/parser/oUnit-testing_or-xiang-2#01.log", line 28, characters 1-1:
Error: testing_or:6:test7 (in the log).

Raised at Stdlib__Parsing.yyparse.loop in file "parsing.ml", line 139, characters 8-25
Called from Stdlib__Parsing.yyparse in file "parsing.ml", line 165, characters 4-28
Re-raised at Stdlib__Parsing.yyparse in file "parsing.ml", line 184, characters 8-17
Called from Dune__exe__Test_or.tests.(fun) in file "test/parser/test_or.ml", line 99, characters 24-67
Called from OUnitRunner.run_one_test.(fun) in file "src/lib/ounit2/advanced/oUnitRunner.ml", line 83, characters 13-26

Stdlib.Parsing.Parse_error
------------------------------------------------------------------------------
==============================================================================
Error: testing_or:8:test9.

File "/Users/txy/Desktop/College Homework/Spring 2025/plt/fly/_build/default/test/parser/oUnit-testing_or-xiang-2#01.log", line 38, characters 1-1:
Error: testing_or:8:test9 (in the log).

Raised at OUnitAssert.assert_failure in file "src/lib/ounit2/advanced/oUnitAssert.ml", line 45, characters 2-27
Called from OUnitRunner.run_one_test.(fun) in file "src/lib/ounit2/advanced/oUnitRunner.ml", line 83, characters 13-26

expected: "LET ID(a7) WALRUS BLIT(false) SEMI LET ID(b7) WALRUS BLIT(true) SEMI LET ID(result10) WALRUS LPAREN ID(a7) OR ID(b7) RPAREN OR BLIT(false) SEMI"
but got: "let a7 := Falselet b7 := Truelet result10 := a7 | b7 | False"
------------------------------------------------------------------------------
==============================================================================
Error: testing_or:7:test8.

File "/Users/txy/Desktop/College Homework/Spring 2025/plt/fly/_build/default/test/parser/oUnit-testing_or-xiang-2#02.log", line 28, characters 1-1:
Error: testing_or:7:test8 (in the log).

Raised at OUnitAssert.assert_failure in file "src/lib/ounit2/advanced/oUnitAssert.ml", line 45, characters 2-27
Called from OUnitRunner.run_one_test.(fun) in file "src/lib/ounit2/advanced/oUnitRunner.ml", line 83, characters 13-26

expected: "LET ID(b6) WALRUS BLIT(true) SEMI LET ID(result9) WALRUS ID(b6) OR ID(b6) SEMI"
but got: "let b6 := Truelet result9 := b6 | b6"
------------------------------------------------------------------------------
==============================================================================
Error: testing_or:5:test6.

File "/Users/txy/Desktop/College Homework/Spring 2025/plt/fly/_build/default/test/parser/oUnit-testing_or-xiang-2#01.log", line 20, characters 1-1:
Error: testing_or:5:test6 (in the log).

Raised at OUnitAssert.assert_failure in file "src/lib/ounit2/advanced/oUnitAssert.ml", line 45, characters 2-27
Called from OUnitRunner.run_one_test.(fun) in file "src/lib/ounit2/advanced/oUnitRunner.ml", line 83, characters 13-26

expected: "LET ID(a5) WALRUS LITERAL(5) SEMI LET ID(result6) WALRUS ID(a5) OR BLIT(true) SEMI"
but got: "let a5 := 5let result6 := a5 | True"
------------------------------------------------------------------------------
==============================================================================
Error: testing_or:4:test5.

File "/Users/txy/Desktop/College Homework/Spring 2025/plt/fly/_build/default/test/parser/oUnit-testing_or-xiang-2#02.log", line 20, characters 1-1:
Error: testing_or:4:test5 (in the log).

Raised at OUnitAssert.assert_failure in file "src/lib/ounit2/advanced/oUnitAssert.ml", line 45, characters 2-27
Called from OUnitRunner.run_one_test.(fun) in file "src/lib/ounit2/advanced/oUnitRunner.ml", line 83, characters 13-26

expected: "LET ID(a4) WALRUS BLIT(true) SEMI LET ID(b4) WALRUS BLIT(false) SEMI LET ID(result5) WALRUS LPAREN ID(a4) OR ID(b4) RPAREN OR BLIT(false) SEMI"
but got: "let a4 := Truelet b4 := Falselet result5 := a4 | b4 | False"
------------------------------------------------------------------------------
==============================================================================
Error: testing_or:3:test4.

File "/Users/txy/Desktop/College Homework/Spring 2025/plt/fly/_build/default/test/parser/oUnit-testing_or-xiang-2#02.log", line 10, characters 1-1:
Error: testing_or:3:test4 (in the log).

Raised at OUnitAssert.assert_failure in file "src/lib/ounit2/advanced/oUnitAssert.ml", line 45, characters 2-27
Called from OUnitRunner.run_one_test.(fun) in file "src/lib/ounit2/advanced/oUnitRunner.ml", line 83, characters 13-26

expected: "LET ID(b3) WALRUS BLIT(false) SEMI IF LPAREN ID(b3) OR BLIT(false) RPAREN LBRACE LET ID(result4) WALRUS SLIT(executed) SEMI RBRACE"
but got: "let b3 := Falseif (b3 | False) {
let result4 := executed
}"
------------------------------------------------------------------------------
==============================================================================
Error: testing_or:2:test3.

File "/Users/txy/Desktop/College Homework/Spring 2025/plt/fly/_build/default/test/parser/oUnit-testing_or-xiang-2#01.log", line 10, characters 1-1:
Error: testing_or:2:test3 (in the log).

Raised at OUnitAssert.assert_failure in file "src/lib/ounit2/advanced/oUnitAssert.ml", line 45, characters 2-27
Called from OUnitRunner.run_one_test.(fun) in file "src/lib/ounit2/advanced/oUnitRunner.ml", line 83, characters 13-26

expected: "LET ID(a3) WALRUS BLIT(true) SEMI IF LPAREN ID(a3) OR BLIT(false) RPAREN LBRACE LET ID(result3) WALRUS SLIT(executed) SEMI RBRACE"
but got: "let a3 := Trueif (a3 | False) {
let result3 := executed
}"
------------------------------------------------------------------------------
==============================================================================
Error: testing_or:1:test2.

File "/Users/txy/Desktop/College Homework/Spring 2025/plt/fly/_build/default/test/parser/oUnit-testing_or-xiang-2#02.log", line 2, characters 1-1:
Error: testing_or:1:test2 (in the log).

Raised at OUnitAssert.assert_failure in file "src/lib/ounit2/advanced/oUnitAssert.ml", line 45, characters 2-27
Called from OUnitRunner.run_one_test.(fun) in file "src/lib/ounit2/advanced/oUnitRunner.ml", line 83, characters 13-26

expected: "LET ID(a2) WALRUS BLIT(false) SEMI LET ID(b2) WALRUS BLIT(false) SEMI LET ID(result2) WALRUS ID(a2) OR ID(b2) SEMI"
but got: "let a2 := Falselet b2 := Falselet result2 := a2 | b2"
------------------------------------------------------------------------------
==============================================================================
Error: testing_or:0:test1.

File "/Users/txy/Desktop/College Homework/Spring 2025/plt/fly/_build/default/test/parser/oUnit-testing_or-xiang-2#01.log", line 2, characters 1-1:
Error: testing_or:0:test1 (in the log).

Raised at OUnitAssert.assert_failure in file "src/lib/ounit2/advanced/oUnitAssert.ml", line 45, characters 2-27
Called from OUnitRunner.run_one_test.(fun) in file "src/lib/ounit2/advanced/oUnitRunner.ml", line 83, characters 13-26

expected: "LET ID(a1) WALRUS BLIT(true) SEMI LET ID(b1) WALRUS BLIT(false) SEMI LET ID(result1) WALRUS ID(a1) OR ID(b1) SEMI"
but got: "let a1 := Truelet b1 := Falselet result1 := a1 | b1"
------------------------------------------------------------------------------
Ran: 9 tests in: 0.10 seconds.
FAILED: Cases: 9 Tried: 9 Errors: 1 Failures: 8 Skip:  0 Todo: 0 Timeouts: 0.
File "test/parser/dune", line 79, characters 8-16:
79 |   (name test_not)
             ^^^^^^^^
FFFFFFEFF
==============================================================================
Error: testing_not:6:test7.

File "/Users/txy/Desktop/College Homework/Spring 2025/plt/fly/_build/default/test/parser/oUnit-testing_not-xiang-2#02.log", line 28, characters 1-1:
Error: testing_not:6:test7 (in the log).

Raised at Stdlib__Parsing.yyparse.loop in file "parsing.ml", line 139, characters 8-25
Called from Stdlib__Parsing.yyparse in file "parsing.ml", line 165, characters 4-28
Re-raised at Stdlib__Parsing.yyparse in file "parsing.ml", line 184, characters 8-17
Called from Dune__exe__Test_not.tests.(fun) in file "test/parser/test_not.ml", line 90, characters 24-67
Called from OUnitRunner.run_one_test.(fun) in file "src/lib/ounit2/advanced/oUnitRunner.ml", line 83, characters 13-26

Stdlib.Parsing.Parse_error
------------------------------------------------------------------------------
==============================================================================
Error: testing_not:8:test9.

File "/Users/txy/Desktop/College Homework/Spring 2025/plt/fly/_build/default/test/parser/oUnit-testing_not-xiang-2#02.log", line 38, characters 1-1:
Error: testing_not:8:test9 (in the log).

Raised at OUnitAssert.assert_failure in file "src/lib/ounit2/advanced/oUnitAssert.ml", line 45, characters 2-27
Called from OUnitRunner.run_one_test.(fun) in file "src/lib/ounit2/advanced/oUnitRunner.ml", line 83, characters 13-26

expected: "LET ID(a6) WALRUS BLIT(true) SEMI LET ID(b6) WALRUS BLIT(false) SEMI LET ID(result10) WALRUS NOT LPAREN ID(a6) NEQ ID(b6) RPAREN SEMI"
but got: "let a6 := Truelet b6 := Falselet result10 := !a6 != b6"
------------------------------------------------------------------------------
==============================================================================
Error: testing_not:7:test8.

File "/Users/txy/Desktop/College Homework/Spring 2025/plt/fly/_build/default/test/parser/oUnit-testing_not-xiang-2#01.log", line 28, characters 1-1:
Error: testing_not:7:test8 (in the log).

Raised at OUnitAssert.assert_failure in file "src/lib/ounit2/advanced/oUnitAssert.ml", line 45, characters 2-27
Called from OUnitRunner.run_one_test.(fun) in file "src/lib/ounit2/advanced/oUnitRunner.ml", line 83, characters 13-26

expected: "LET ID(b5) WALRUS BLIT(true) SEMI LET ID(result8) WALRUS NOT NOT ID(b5) SEMI"
but got: "let b5 := Truelet result8 := !!b5"
------------------------------------------------------------------------------
==============================================================================
Error: testing_not:4:test5.

File "/Users/txy/Desktop/College Homework/Spring 2025/plt/fly/_build/default/test/parser/oUnit-testing_not-xiang-2#01.log", line 20, characters 1-1:
Error: testing_not:4:test5 (in the log).

Raised at OUnitAssert.assert_failure in file "src/lib/ounit2/advanced/oUnitAssert.ml", line 45, characters 2-27
Called from OUnitRunner.run_one_test.(fun) in file "src/lib/ounit2/advanced/oUnitRunner.ml", line 83, characters 13-26

expected: "LET ID(a3) WALRUS BLIT(true) SEMI LET ID(b3) WALRUS BLIT(false) SEMI LET ID(result5) WALRUS NOT LPAREN ID(a3) AND ID(b3) RPAREN SEMI"
but got: "let a3 := Truelet b3 := Falselet result5 := !a3 && b3"
------------------------------------------------------------------------------
==============================================================================
Error: testing_not:5:test6.

File "/Users/txy/Desktop/College Homework/Spring 2025/plt/fly/_build/default/test/parser/oUnit-testing_not-xiang-2#02.log", line 20, characters 1-1:
Error: testing_not:5:test6 (in the log).

Raised at OUnitAssert.assert_failure in file "src/lib/ounit2/advanced/oUnitAssert.ml", line 45, characters 2-27
Called from OUnitRunner.run_one_test.(fun) in file "src/lib/ounit2/advanced/oUnitRunner.ml", line 83, characters 13-26

expected: "LET ID(a4) WALRUS LITERAL(5) SEMI LET ID(result6) WALRUS NOT ID(a4) SEMI"
but got: "let a4 := 5let result6 := !a4"
------------------------------------------------------------------------------
==============================================================================
Error: testing_not:3:test4.

File "/Users/txy/Desktop/College Homework/Spring 2025/plt/fly/_build/default/test/parser/oUnit-testing_not-xiang-2#02.log", line 10, characters 1-1:
Error: testing_not:3:test4 (in the log).

Raised at OUnitAssert.assert_failure in file "src/lib/ounit2/advanced/oUnitAssert.ml", line 45, characters 2-27
Called from OUnitRunner.run_one_test.(fun) in file "src/lib/ounit2/advanced/oUnitRunner.ml", line 83, characters 13-26

expected: "LET ID(b2) WALRUS BLIT(false) SEMI IF LPAREN NOT ID(b2) RPAREN LBRACE LET ID(result4) WALRUS SLIT(executed) SEMI RBRACE"
but got: "let b2 := Falseif (!b2) {
let result4 := executed
}"
------------------------------------------------------------------------------
==============================================================================
Error: testing_not:2:test3.

File "/Users/txy/Desktop/College Homework/Spring 2025/plt/fly/_build/default/test/parser/oUnit-testing_not-xiang-2#01.log", line 10, characters 1-1:
Error: testing_not:2:test3 (in the log).

Raised at OUnitAssert.assert_failure in file "src/lib/ounit2/advanced/oUnitAssert.ml", line 45, characters 2-27
Called from OUnitRunner.run_one_test.(fun) in file "src/lib/ounit2/advanced/oUnitRunner.ml", line 83, characters 13-26

expected: "LET ID(a2) WALRUS BLIT(true) SEMI IF LPAREN NOT ID(a2) RPAREN LBRACE LET ID(result3) WALRUS SLIT(should not execute) SEMI RBRACE"
but got: "let a2 := Trueif (!a2) {
let result3 := should not execute
}"
------------------------------------------------------------------------------
==============================================================================
Error: testing_not:1:test2.

File "/Users/txy/Desktop/College Homework/Spring 2025/plt/fly/_build/default/test/parser/oUnit-testing_not-xiang-2#02.log", line 2, characters 1-1:
Error: testing_not:1:test2 (in the log).

Raised at OUnitAssert.assert_failure in file "src/lib/ounit2/advanced/oUnitAssert.ml", line 45, characters 2-27
Called from OUnitRunner.run_one_test.(fun) in file "src/lib/ounit2/advanced/oUnitRunner.ml", line 83, characters 13-26

expected: "LET ID(b1) WALRUS BLIT(false) SEMI LET ID(result2) WALRUS NOT ID(b1) SEMI"
but got: "let b1 := Falselet result2 := !b1"
------------------------------------------------------------------------------
==============================================================================
Error: testing_not:0:test1.

File "/Users/txy/Desktop/College Homework/Spring 2025/plt/fly/_build/default/test/parser/oUnit-testing_not-xiang-2#01.log", line 2, characters 1-1:
Error: testing_not:0:test1 (in the log).

Raised at OUnitAssert.assert_failure in file "src/lib/ounit2/advanced/oUnitAssert.ml", line 45, characters 2-27
Called from OUnitRunner.run_one_test.(fun) in file "src/lib/ounit2/advanced/oUnitRunner.ml", line 83, characters 13-26

expected: "LET ID(a1) WALRUS BLIT(true) SEMI LET ID(result1) WALRUS NOT ID(a1) SEMI"
but got: "let a1 := Truelet result1 := !a1"
------------------------------------------------------------------------------
Ran: 9 tests in: 0.11 seconds.
FAILED: Cases: 9 Tried: 9 Errors: 1 Failures: 8 Skip:  0 Todo: 0 Timeouts: 0.
File "test/parser/dune", line 99, characters 8-18:
99 |   (name test_times)
             ^^^^^^^^^^
EEEEEEEE
==============================================================================
Error: testing_times:7:test8.

File "/Users/txy/Desktop/College Homework/Spring 2025/plt/fly/_build/default/test/parser/oUnit-testing_times-xiang-2#02.log", line 32, characters 1-1:
Error: testing_times:7:test8 (in the log).

Raised at Stdlib__Parsing.yyparse.loop in file "parsing.ml", line 139, characters 8-25
Called from Stdlib__Parsing.yyparse in file "parsing.ml", line 165, characters 4-28
Re-raised at Stdlib__Parsing.yyparse in file "parsing.ml", line 184, characters 8-17
Called from Dune__exe__Test_times.tests.(fun) in file "test/parser/test_times.ml", line 95, characters 24-67
Called from OUnitRunner.run_one_test.(fun) in file "src/lib/ounit2/advanced/oUnitRunner.ml", line 83, characters 13-26

Stdlib.Parsing.Parse_error
------------------------------------------------------------------------------
==============================================================================
Error: testing_times:6:test7.

File "/Users/txy/Desktop/College Homework/Spring 2025/plt/fly/_build/default/test/parser/oUnit-testing_times-xiang-2#01.log", line 32, characters 1-1:
Error: testing_times:6:test7 (in the log).

Raised at Stdlib__Parsing.yyparse.loop in file "parsing.ml", line 139, characters 8-25
Called from Stdlib__Parsing.yyparse in file "parsing.ml", line 165, characters 4-28
Re-raised at Stdlib__Parsing.yyparse in file "parsing.ml", line 184, characters 8-17
Called from Dune__exe__Test_times.tests.(fun) in file "test/parser/test_times.ml", line 82, characters 24-67
Called from OUnitRunner.run_one_test.(fun) in file "src/lib/ounit2/advanced/oUnitRunner.ml", line 83, characters 13-26

Stdlib.Parsing.Parse_error
------------------------------------------------------------------------------
==============================================================================
Error: testing_times:5:test6.

File "/Users/txy/Desktop/College Homework/Spring 2025/plt/fly/_build/default/test/parser/oUnit-testing_times-xiang-2#02.log", line 22, characters 1-1:
Error: testing_times:5:test6 (in the log).

Raised at Stdlib__Parsing.yyparse.loop in file "parsing.ml", line 139, characters 8-25
Called from Stdlib__Parsing.yyparse in file "parsing.ml", line 165, characters 4-28
Re-raised at Stdlib__Parsing.yyparse in file "parsing.ml", line 184, characters 8-17
Called from Dune__exe__Test_times.tests.(fun) in file "test/parser/test_times.ml", line 69, characters 24-67
Called from OUnitRunner.run_one_test.(fun) in file "src/lib/ounit2/advanced/oUnitRunner.ml", line 83, characters 13-26

Stdlib.Parsing.Parse_error
------------------------------------------------------------------------------
==============================================================================
Error: testing_times:4:test5.

File "/Users/txy/Desktop/College Homework/Spring 2025/plt/fly/_build/default/test/parser/oUnit-testing_times-xiang-2#01.log", line 22, characters 1-1:
Error: testing_times:4:test5 (in the log).

Raised at Stdlib__Parsing.yyparse.loop in file "parsing.ml", line 139, characters 8-25
Called from Stdlib__Parsing.yyparse in file "parsing.ml", line 165, characters 4-28
Re-raised at Stdlib__Parsing.yyparse in file "parsing.ml", line 184, characters 8-17
Called from Dune__exe__Test_times.tests.(fun) in file "test/parser/test_times.ml", line 56, characters 24-67
Called from OUnitRunner.run_one_test.(fun) in file "src/lib/ounit2/advanced/oUnitRunner.ml", line 83, characters 13-26

Stdlib.Parsing.Parse_error
------------------------------------------------------------------------------
==============================================================================
Error: testing_times:3:test4.

File "/Users/txy/Desktop/College Homework/Spring 2025/plt/fly/_build/default/test/parser/oUnit-testing_times-xiang-2#02.log", line 12, characters 1-1:
Error: testing_times:3:test4 (in the log).

Raised at Stdlib__Parsing.yyparse.loop in file "parsing.ml", line 139, characters 8-25
Called from Stdlib__Parsing.yyparse in file "parsing.ml", line 165, characters 4-28
Re-raised at Stdlib__Parsing.yyparse in file "parsing.ml", line 184, characters 8-17
Called from Dune__exe__Test_times.tests.(fun) in file "test/parser/test_times.ml", line 45, characters 24-67
Called from OUnitRunner.run_one_test.(fun) in file "src/lib/ounit2/advanced/oUnitRunner.ml", line 83, characters 13-26

Stdlib.Parsing.Parse_error
------------------------------------------------------------------------------
==============================================================================
Error: testing_times:2:test3.

File "/Users/txy/Desktop/College Homework/Spring 2025/plt/fly/_build/default/test/parser/oUnit-testing_times-xiang-2#01.log", line 12, characters 1-1:
Error: testing_times:2:test3 (in the log).

Raised at Stdlib__Parsing.yyparse.loop in file "parsing.ml", line 139, characters 8-25
Called from Stdlib__Parsing.yyparse in file "parsing.ml", line 165, characters 4-28
Re-raised at Stdlib__Parsing.yyparse in file "parsing.ml", line 184, characters 8-17
Called from Dune__exe__Test_times.tests.(fun) in file "test/parser/test_times.ml", line 32, characters 24-67
Called from OUnitRunner.run_one_test.(fun) in file "src/lib/ounit2/advanced/oUnitRunner.ml", line 83, characters 13-26

Stdlib.Parsing.Parse_error
------------------------------------------------------------------------------
==============================================================================
Error: testing_times:1:test2.

File "/Users/txy/Desktop/College Homework/Spring 2025/plt/fly/_build/default/test/parser/oUnit-testing_times-xiang-2#02.log", line 2, characters 1-1:
Error: testing_times:1:test2 (in the log).

Raised at Stdlib__Parsing.yyparse.loop in file "parsing.ml", line 139, characters 8-25
Called from Stdlib__Parsing.yyparse in file "parsing.ml", line 165, characters 4-28
Re-raised at Stdlib__Parsing.yyparse in file "parsing.ml", line 184, characters 8-17
Called from Dune__exe__Test_times.tests.(fun) in file "test/parser/test_times.ml", line 21, characters 24-67
Called from OUnitRunner.run_one_test.(fun) in file "src/lib/ounit2/advanced/oUnitRunner.ml", line 83, characters 13-26

Stdlib.Parsing.Parse_error
------------------------------------------------------------------------------
==============================================================================
Error: testing_times:0:test1.

File "/Users/txy/Desktop/College Homework/Spring 2025/plt/fly/_build/default/test/parser/oUnit-testing_times-xiang-2#01.log", line 2, characters 1-1:
Error: testing_times:0:test1 (in the log).

Raised at Stdlib__Parsing.yyparse.loop in file "parsing.ml", line 139, characters 8-25
Called from Stdlib__Parsing.yyparse in file "parsing.ml", line 165, characters 4-28
Re-raised at Stdlib__Parsing.yyparse in file "parsing.ml", line 184, characters 8-17
Called from Dune__exe__Test_times.tests.(fun) in file "test/parser/test_times.ml", line 10, characters 24-67
Called from OUnitRunner.run_one_test.(fun) in file "src/lib/ounit2/advanced/oUnitRunner.ml", line 83, characters 13-26

Stdlib.Parsing.Parse_error
------------------------------------------------------------------------------
Ran: 8 tests in: 0.11 seconds.
FAILED: Cases: 8 Tried: 8 Errors: 8 Failures: 0 Skip:  0 Todo: 0 Timeouts: 0.
File "test/parser/dune", line 103, characters 8-18:
103 |   (name test_tuple)
              ^^^^^^^^^^
EEEEEEEE.EE
==============================================================================
Error: testing_tuple:10:test11.

File "/Users/txy/Desktop/College Homework/Spring 2025/plt/fly/_build/default/test/parser/oUnit-testing_tuple-xiang-2#02.log", line 35, characters 1-1:
Error: testing_tuple:10:test11 (in the log).

Raised at Stdlib__Parsing.yyparse.loop in file "parsing.ml", line 139, characters 8-25
Called from Stdlib__Parsing.yyparse in file "parsing.ml", line 165, characters 4-28
Re-raised at Stdlib__Parsing.yyparse in file "parsing.ml", line 184, characters 8-17
Called from Dune__exe__Test_tuple.tests.(fun) in file "test/parser/test_tuple.ml", line 128, characters 24-67
Called from OUnitRunner.run_one_test.(fun) in file "src/lib/ounit2/advanced/oUnitRunner.ml", line 83, characters 13-26

Stdlib.Parsing.Parse_error
------------------------------------------------------------------------------
==============================================================================
Error: testing_tuple:9:test10.

File "/Users/txy/Desktop/College Homework/Spring 2025/plt/fly/_build/default/test/parser/oUnit-testing_tuple-xiang-2#01.log", line 52, characters 1-1:
Error: testing_tuple:9:test10 (in the log).

Raised at Stdlib__Parsing.yyparse.loop in file "parsing.ml", line 139, characters 8-25
Called from Stdlib__Parsing.yyparse in file "parsing.ml", line 165, characters 4-28
Re-raised at Stdlib__Parsing.yyparse in file "parsing.ml", line 184, characters 8-17
Called from Dune__exe__Test_tuple.tests.(fun) in file "test/parser/test_tuple.ml", line 117, characters 24-67
Called from OUnitRunner.run_one_test.(fun) in file "src/lib/ounit2/advanced/oUnitRunner.ml", line 83, characters 13-26

Stdlib.Parsing.Parse_error
------------------------------------------------------------------------------
==============================================================================
Error: testing_tuple:8:test9.

File "/Users/txy/Desktop/College Homework/Spring 2025/plt/fly/_build/default/test/parser/oUnit-testing_tuple-xiang-2#01.log", line 42, characters 1-1:
Error: testing_tuple:8:test9 (in the log).

Raised at Stdlib__Parsing.yyparse.loop in file "parsing.ml", line 139, characters 8-25
Called from Stdlib__Parsing.yyparse in file "parsing.ml", line 165, characters 4-28
Re-raised at Stdlib__Parsing.yyparse in file "parsing.ml", line 184, characters 8-17
Called from Dune__exe__Test_tuple.tests.(fun) in file "test/parser/test_tuple.ml", line 103, characters 24-67
Called from OUnitRunner.run_one_test.(fun) in file "src/lib/ounit2/advanced/oUnitRunner.ml", line 83, characters 13-26

Stdlib.Parsing.Parse_error
------------------------------------------------------------------------------
==============================================================================
Error: testing_tuple:6:test7.

File "/Users/txy/Desktop/College Homework/Spring 2025/plt/fly/_build/default/test/parser/oUnit-testing_tuple-xiang-2#01.log", line 32, characters 1-1:
Error: testing_tuple:6:test7 (in the log).

Raised at Stdlib__Parsing.yyparse.loop in file "parsing.ml", line 139, characters 8-25
Called from Stdlib__Parsing.yyparse in file "parsing.ml", line 165, characters 4-28
Re-raised at Stdlib__Parsing.yyparse in file "parsing.ml", line 184, characters 8-17
Called from Dune__exe__Test_tuple.tests.(fun) in file "test/parser/test_tuple.ml", line 82, characters 24-67
Called from OUnitRunner.run_one_test.(fun) in file "src/lib/ounit2/advanced/oUnitRunner.ml", line 83, characters 13-26

Stdlib.Parsing.Parse_error
------------------------------------------------------------------------------
==============================================================================
Error: testing_tuple:5:test6.

File "/Users/txy/Desktop/College Homework/Spring 2025/plt/fly/_build/default/test/parser/oUnit-testing_tuple-xiang-2#02.log", line 22, characters 1-1:
Error: testing_tuple:5:test6 (in the log).

Raised at Stdlib__Parsing.yyparse.loop in file "parsing.ml", line 139, characters 8-25
Called from Stdlib__Parsing.yyparse in file "parsing.ml", line 165, characters 4-28
Re-raised at Stdlib__Parsing.yyparse in file "parsing.ml", line 184, characters 8-17
Called from Dune__exe__Test_tuple.tests.(fun) in file "test/parser/test_tuple.ml", line 70, characters 24-67
Called from OUnitRunner.run_one_test.(fun) in file "src/lib/ounit2/advanced/oUnitRunner.ml", line 83, characters 13-26

Stdlib.Parsing.Parse_error
------------------------------------------------------------------------------
==============================================================================
Error: testing_tuple:4:test5.

File "/Users/txy/Desktop/College Homework/Spring 2025/plt/fly/_build/default/test/parser/oUnit-testing_tuple-xiang-2#01.log", line 22, characters 1-1:
Error: testing_tuple:4:test5 (in the log).

Raised at Stdlib__Parsing.yyparse.loop in file "parsing.ml", line 139, characters 8-25
Called from Stdlib__Parsing.yyparse in file "parsing.ml", line 165, characters 4-28
Re-raised at Stdlib__Parsing.yyparse in file "parsing.ml", line 184, characters 8-17
Called from Dune__exe__Test_tuple.tests.(fun) in file "test/parser/test_tuple.ml", line 57, characters 24-67
Called from OUnitRunner.run_one_test.(fun) in file "src/lib/ounit2/advanced/oUnitRunner.ml", line 83, characters 13-26

Stdlib.Parsing.Parse_error
------------------------------------------------------------------------------
==============================================================================
Error: testing_tuple:3:test4.

File "/Users/txy/Desktop/College Homework/Spring 2025/plt/fly/_build/default/test/parser/oUnit-testing_tuple-xiang-2#02.log", line 12, characters 1-1:
Error: testing_tuple:3:test4 (in the log).

Raised at Stdlib__Parsing.yyparse.loop in file "parsing.ml", line 139, characters 8-25
Called from Stdlib__Parsing.yyparse in file "parsing.ml", line 165, characters 4-28
Re-raised at Stdlib__Parsing.yyparse in file "parsing.ml", line 184, characters 8-17
Called from Dune__exe__Test_tuple.tests.(fun) in file "test/parser/test_tuple.ml", line 45, characters 24-67
Called from OUnitRunner.run_one_test.(fun) in file "src/lib/ounit2/advanced/oUnitRunner.ml", line 83, characters 13-26

Stdlib.Parsing.Parse_error
------------------------------------------------------------------------------
==============================================================================
Error: testing_tuple:2:test3.

File "/Users/txy/Desktop/College Homework/Spring 2025/plt/fly/_build/default/test/parser/oUnit-testing_tuple-xiang-2#01.log", line 12, characters 1-1:
Error: testing_tuple:2:test3 (in the log).

Raised at Stdlib__Parsing.yyparse.loop in file "parsing.ml", line 139, characters 8-25
Called from Stdlib__Parsing.yyparse in file "parsing.ml", line 165, characters 4-28
Re-raised at Stdlib__Parsing.yyparse in file "parsing.ml", line 184, characters 8-17
Called from Dune__exe__Test_tuple.tests.(fun) in file "test/parser/test_tuple.ml", line 32, characters 24-67
Called from OUnitRunner.run_one_test.(fun) in file "src/lib/ounit2/advanced/oUnitRunner.ml", line 83, characters 13-26

Stdlib.Parsing.Parse_error
------------------------------------------------------------------------------
==============================================================================
Error: testing_tuple:1:test2.

File "/Users/txy/Desktop/College Homework/Spring 2025/plt/fly/_build/default/test/parser/oUnit-testing_tuple-xiang-2#02.log", line 2, characters 1-1:
Error: testing_tuple:1:test2 (in the log).

Raised at Stdlib__Parsing.yyparse.loop in file "parsing.ml", line 139, characters 8-25
Called from Stdlib__Parsing.yyparse in file "parsing.ml", line 165, characters 4-28
Re-raised at Stdlib__Parsing.yyparse in file "parsing.ml", line 184, characters 8-17
Called from Dune__exe__Test_tuple.tests.(fun) in file "test/parser/test_tuple.ml", line 21, characters 24-67
Called from OUnitRunner.run_one_test.(fun) in file "src/lib/ounit2/advanced/oUnitRunner.ml", line 83, characters 13-26

Stdlib.Parsing.Parse_error
------------------------------------------------------------------------------
==============================================================================
Error: testing_tuple:0:test1.

File "/Users/txy/Desktop/College Homework/Spring 2025/plt/fly/_build/default/test/parser/oUnit-testing_tuple-xiang-2#01.log", line 2, characters 1-1:
Error: testing_tuple:0:test1 (in the log).

Raised at Stdlib__Parsing.yyparse.loop in file "parsing.ml", line 139, characters 8-25
Called from Stdlib__Parsing.yyparse in file "parsing.ml", line 165, characters 4-28
Re-raised at Stdlib__Parsing.yyparse in file "parsing.ml", line 184, characters 8-17
Called from Dune__exe__Test_tuple.tests.(fun) in file "test/parser/test_tuple.ml", line 10, characters 24-67
Called from OUnitRunner.run_one_test.(fun) in file "src/lib/ounit2/advanced/oUnitRunner.ml", line 83, characters 13-26

Stdlib.Parsing.Parse_error
------------------------------------------------------------------------------
Ran: 11 tests in: 0.11 seconds.
FAILED: Cases: 11 Tried: 11 Errors: 10 Failures: 0 Skip:  0 Todo: 0 Timeouts: 0.
File "test/parser/dune", line 115, characters 8-25:
115 |   (name test_predecrement)
              ^^^^^^^^^^^^^^^^^
EEEEEEEE
==============================================================================
Error: testing_predecrement:7:test8.

File "/Users/txy/Desktop/College Homework/Spring 2025/plt/fly/_build/default/test/parser/oUnit-testing_predecrement-xiang-2#01.log", line 42, characters 1-1:
Error: testing_predecrement:7:test8 (in the log).

Raised at Stdlib__Parsing.yyparse.loop in file "parsing.ml", line 139, characters 8-25
Called from Stdlib__Parsing.yyparse in file "parsing.ml", line 165, characters 4-28
Re-raised at Stdlib__Parsing.yyparse in file "parsing.ml", line 184, characters 8-17
Called from Dune__exe__Test_predecrement.tests.(fun) in file "test/parser/test_predecrement.ml", line 72, characters 22-65
Called from OUnitRunner.run_one_test.(fun) in file "src/lib/ounit2/advanced/oUnitRunner.ml", line 83, characters 13-26

Stdlib.Parsing.Parse_error
------------------------------------------------------------------------------
==============================================================================
Error: testing_predecrement:6:test7.

File "/Users/txy/Desktop/College Homework/Spring 2025/plt/fly/_build/default/test/parser/oUnit-testing_predecrement-xiang-2#01.log", line 32, characters 1-1:
Error: testing_predecrement:6:test7 (in the log).

Raised at Stdlib__Parsing.yyparse.loop in file "parsing.ml", line 139, characters 8-25
Called from Stdlib__Parsing.yyparse in file "parsing.ml", line 165, characters 4-28
Re-raised at Stdlib__Parsing.yyparse in file "parsing.ml", line 184, characters 8-17
Called from Dune__exe__Test_predecrement.tests.(fun) in file "test/parser/test_predecrement.ml", line 63, characters 22-65
Called from OUnitRunner.run_one_test.(fun) in file "src/lib/ounit2/advanced/oUnitRunner.ml", line 83, characters 13-26

Stdlib.Parsing.Parse_error
------------------------------------------------------------------------------
==============================================================================
Error: testing_predecrement:5:test6.

File "/Users/txy/Desktop/College Homework/Spring 2025/plt/fly/_build/default/test/parser/oUnit-testing_predecrement-xiang-2#02.log", line 22, characters 1-1:
Error: testing_predecrement:5:test6 (in the log).

Raised at Stdlib__Parsing.yyparse.loop in file "parsing.ml", line 139, characters 8-25
Called from Stdlib__Parsing.yyparse in file "parsing.ml", line 165, characters 4-28
Re-raised at Stdlib__Parsing.yyparse in file "parsing.ml", line 184, characters 8-17
Called from Dune__exe__Test_predecrement.tests.(fun) in file "test/parser/test_predecrement.ml", line 54, characters 22-65
Called from OUnitRunner.run_one_test.(fun) in file "src/lib/ounit2/advanced/oUnitRunner.ml", line 83, characters 13-26

Stdlib.Parsing.Parse_error
------------------------------------------------------------------------------
==============================================================================
Error: testing_predecrement:4:test5.

File "/Users/txy/Desktop/College Homework/Spring 2025/plt/fly/_build/default/test/parser/oUnit-testing_predecrement-xiang-2#02.log", line 12, characters 1-1:
Error: testing_predecrement:4:test5 (in the log).

Raised at Stdlib__Parsing.yyparse.loop in file "parsing.ml", line 139, characters 8-25
Called from Stdlib__Parsing.yyparse in file "parsing.ml", line 165, characters 4-28
Re-raised at Stdlib__Parsing.yyparse in file "parsing.ml", line 184, characters 8-17
Called from Dune__exe__Test_predecrement.tests.(fun) in file "test/parser/test_predecrement.ml", line 45, characters 22-65
Called from OUnitRunner.run_one_test.(fun) in file "src/lib/ounit2/advanced/oUnitRunner.ml", line 83, characters 13-26

Stdlib.Parsing.Parse_error
------------------------------------------------------------------------------
==============================================================================
Error: testing_predecrement:3:test4.

File "/Users/txy/Desktop/College Homework/Spring 2025/plt/fly/_build/default/test/parser/oUnit-testing_predecrement-xiang-2#01.log", line 22, characters 1-1:
Error: testing_predecrement:3:test4 (in the log).

Raised at Stdlib__Parsing.yyparse.loop in file "parsing.ml", line 139, characters 8-25
Called from Stdlib__Parsing.yyparse in file "parsing.ml", line 165, characters 4-28
Re-raised at Stdlib__Parsing.yyparse in file "parsing.ml", line 184, characters 8-17
Called from Dune__exe__Test_predecrement.tests.(fun) in file "test/parser/test_predecrement.ml", line 36, characters 22-65
Called from OUnitRunner.run_one_test.(fun) in file "src/lib/ounit2/advanced/oUnitRunner.ml", line 83, characters 13-26

Stdlib.Parsing.Parse_error
------------------------------------------------------------------------------
==============================================================================
Error: testing_predecrement:2:test3.

File "/Users/txy/Desktop/College Homework/Spring 2025/plt/fly/_build/default/test/parser/oUnit-testing_predecrement-xiang-2#01.log", line 12, characters 1-1:
Error: testing_predecrement:2:test3 (in the log).

Raised at Stdlib__Parsing.yyparse.loop in file "parsing.ml", line 139, characters 8-25
Called from Stdlib__Parsing.yyparse in file "parsing.ml", line 165, characters 4-28
Re-raised at Stdlib__Parsing.yyparse in file "parsing.ml", line 184, characters 8-17
Called from Dune__exe__Test_predecrement.tests.(fun) in file "test/parser/test_predecrement.ml", line 27, characters 22-65
Called from OUnitRunner.run_one_test.(fun) in file "src/lib/ounit2/advanced/oUnitRunner.ml", line 83, characters 13-26

Stdlib.Parsing.Parse_error
------------------------------------------------------------------------------
==============================================================================
Error: testing_predecrement:1:test2.

File "/Users/txy/Desktop/College Homework/Spring 2025/plt/fly/_build/default/test/parser/oUnit-testing_predecrement-xiang-2#02.log", line 2, characters 1-1:
Error: testing_predecrement:1:test2 (in the log).

Raised at Stdlib__Parsing.yyparse.loop in file "parsing.ml", line 139, characters 8-25
Called from Stdlib__Parsing.yyparse in file "parsing.ml", line 165, characters 4-28
Re-raised at Stdlib__Parsing.yyparse in file "parsing.ml", line 184, characters 8-17
Called from Dune__exe__Test_predecrement.tests.(fun) in file "test/parser/test_predecrement.ml", line 18, characters 22-65
Called from OUnitRunner.run_one_test.(fun) in file "src/lib/ounit2/advanced/oUnitRunner.ml", line 83, characters 13-26

Stdlib.Parsing.Parse_error
------------------------------------------------------------------------------
==============================================================================
Error: testing_predecrement:0:test1.

File "/Users/txy/Desktop/College Homework/Spring 2025/plt/fly/_build/default/test/parser/oUnit-testing_predecrement-xiang-2#01.log", line 2, characters 1-1:
Error: testing_predecrement:0:test1 (in the log).

Raised at Stdlib__Parsing.yyparse.loop in file "parsing.ml", line 139, characters 8-25
Called from Stdlib__Parsing.yyparse in file "parsing.ml", line 165, characters 4-28
Re-raised at Stdlib__Parsing.yyparse in file "parsing.ml", line 184, characters 8-17
Called from Dune__exe__Test_predecrement.tests.(fun) in file "test/parser/test_predecrement.ml", line 9, characters 22-65
Called from OUnitRunner.run_one_test.(fun) in file "src/lib/ounit2/advanced/oUnitRunner.ml", line 83, characters 13-26

Stdlib.Parsing.Parse_error
------------------------------------------------------------------------------
Ran: 8 tests in: 0.11 seconds.
FAILED: Cases: 8 Tried: 8 Errors: 8 Failures: 0 Skip:  0 Todo: 0 Timeouts: 0.
File "test/parser/dune", line 111, characters 8-26:
111 |   (name test_postincrement)
              ^^^^^^^^^^^^^^^^^^
EEEEEEEEEEE
==============================================================================
Error: testing_postincrement:7:test8.

File "/Users/txy/Desktop/College Homework/Spring 2025/plt/fly/_build/default/test/parser/oUnit-testing_postincrement-xiang-2#01.log", line 42, characters 1-1:
Error: testing_postincrement:7:test8 (in the log).

Raised at Stdlib__Parsing.yyparse.loop in file "parsing.ml", line 139, characters 8-25
Called from Stdlib__Parsing.yyparse in file "parsing.ml", line 165, characters 4-28
Re-raised at Stdlib__Parsing.yyparse in file "parsing.ml", line 184, characters 8-17
Called from Dune__exe__Test_postincrement.tests.(fun) in file "test/parser/test_postincrement.ml", line 72, characters 22-65
Called from OUnitRunner.run_one_test.(fun) in file "src/lib/ounit2/advanced/oUnitRunner.ml", line 83, characters 13-26

Stdlib.Parsing.Parse_error
------------------------------------------------------------------------------
==============================================================================
Error: testing_postincrement:10:test11.

File "/Users/txy/Desktop/College Homework/Spring 2025/plt/fly/_build/default/test/parser/oUnit-testing_postincrement-xiang-2#02.log", line 52, characters 1-1:
Error: testing_postincrement:10:test11 (in the log).

Raised at Stdlib__Parsing.yyparse.loop in file "parsing.ml", line 139, characters 8-25
Called from Stdlib__Parsing.yyparse in file "parsing.ml", line 165, characters 4-28
Re-raised at Stdlib__Parsing.yyparse in file "parsing.ml", line 184, characters 8-17
Called from Dune__exe__Test_postincrement.tests.(fun) in file "test/parser/test_postincrement.ml", line 99, characters 22-65
Called from OUnitRunner.run_one_test.(fun) in file "src/lib/ounit2/advanced/oUnitRunner.ml", line 83, characters 13-26

Stdlib.Parsing.Parse_error
------------------------------------------------------------------------------
==============================================================================
Error: testing_postincrement:9:test10.

File "/Users/txy/Desktop/College Homework/Spring 2025/plt/fly/_build/default/test/parser/oUnit-testing_postincrement-xiang-2#02.log", line 42, characters 1-1:
Error: testing_postincrement:9:test10 (in the log).

Raised at Stdlib__Parsing.yyparse.loop in file "parsing.ml", line 139, characters 8-25
Called from Stdlib__Parsing.yyparse in file "parsing.ml", line 165, characters 4-28
Re-raised at Stdlib__Parsing.yyparse in file "parsing.ml", line 184, characters 8-17
Called from Dune__exe__Test_postincrement.tests.(fun) in file "test/parser/test_postincrement.ml", line 90, characters 22-65
Called from OUnitRunner.run_one_test.(fun) in file "src/lib/ounit2/advanced/oUnitRunner.ml", line 83, characters 13-26

Stdlib.Parsing.Parse_error
------------------------------------------------------------------------------
==============================================================================
Error: testing_postincrement:8:test9.

File "/Users/txy/Desktop/College Homework/Spring 2025/plt/fly/_build/default/test/parser/oUnit-testing_postincrement-xiang-2#02.log", line 32, characters 1-1:
Error: testing_postincrement:8:test9 (in the log).

Raised at Stdlib__Parsing.yyparse.loop in file "parsing.ml", line 139, characters 8-25
Called from Stdlib__Parsing.yyparse in file "parsing.ml", line 165, characters 4-28
Re-raised at Stdlib__Parsing.yyparse in file "parsing.ml", line 184, characters 8-17
Called from Dune__exe__Test_postincrement.tests.(fun) in file "test/parser/test_postincrement.ml", line 81, characters 22-65
Called from OUnitRunner.run_one_test.(fun) in file "src/lib/ounit2/advanced/oUnitRunner.ml", line 83, characters 13-26

Stdlib.Parsing.Parse_error
------------------------------------------------------------------------------
==============================================================================
Error: testing_postincrement:6:test7.

File "/Users/txy/Desktop/College Homework/Spring 2025/plt/fly/_build/default/test/parser/oUnit-testing_postincrement-xiang-2#01.log", line 32, characters 1-1:
Error: testing_postincrement:6:test7 (in the log).

Raised at Stdlib__Parsing.yyparse.loop in file "parsing.ml", line 139, characters 8-25
Called from Stdlib__Parsing.yyparse in file "parsing.ml", line 165, characters 4-28
Re-raised at Stdlib__Parsing.yyparse in file "parsing.ml", line 184, characters 8-17
Called from Dune__exe__Test_postincrement.tests.(fun) in file "test/parser/test_postincrement.ml", line 63, characters 22-65
Called from OUnitRunner.run_one_test.(fun) in file "src/lib/ounit2/advanced/oUnitRunner.ml", line 83, characters 13-26

Stdlib.Parsing.Parse_error
------------------------------------------------------------------------------
==============================================================================
Error: testing_postincrement:5:test6.

File "/Users/txy/Desktop/College Homework/Spring 2025/plt/fly/_build/default/test/parser/oUnit-testing_postincrement-xiang-2#02.log", line 22, characters 1-1:
Error: testing_postincrement:5:test6 (in the log).

Raised at Stdlib__Parsing.yyparse.loop in file "parsing.ml", line 139, characters 8-25
Called from Stdlib__Parsing.yyparse in file "parsing.ml", line 165, characters 4-28
Re-raised at Stdlib__Parsing.yyparse in file "parsing.ml", line 184, characters 8-17
Called from Dune__exe__Test_postincrement.tests.(fun) in file "test/parser/test_postincrement.ml", line 54, characters 22-65
Called from OUnitRunner.run_one_test.(fun) in file "src/lib/ounit2/advanced/oUnitRunner.ml", line 83, characters 13-26

Stdlib.Parsing.Parse_error
------------------------------------------------------------------------------
==============================================================================
Error: testing_postincrement:4:test5.

File "/Users/txy/Desktop/College Homework/Spring 2025/plt/fly/_build/default/test/parser/oUnit-testing_postincrement-xiang-2#02.log", line 12, characters 1-1:
Error: testing_postincrement:4:test5 (in the log).

Raised at Stdlib__Parsing.yyparse.loop in file "parsing.ml", line 139, characters 8-25
Called from Stdlib__Parsing.yyparse in file "parsing.ml", line 165, characters 4-28
Re-raised at Stdlib__Parsing.yyparse in file "parsing.ml", line 184, characters 8-17
Called from Dune__exe__Test_postincrement.tests.(fun) in file "test/parser/test_postincrement.ml", line 45, characters 22-65
Called from OUnitRunner.run_one_test.(fun) in file "src/lib/ounit2/advanced/oUnitRunner.ml", line 83, characters 13-26

Stdlib.Parsing.Parse_error
------------------------------------------------------------------------------
==============================================================================
Error: testing_postincrement:3:test4.

File "/Users/txy/Desktop/College Homework/Spring 2025/plt/fly/_build/default/test/parser/oUnit-testing_postincrement-xiang-2#01.log", line 22, characters 1-1:
Error: testing_postincrement:3:test4 (in the log).

Raised at Stdlib__Parsing.yyparse.loop in file "parsing.ml", line 139, characters 8-25
Called from Stdlib__Parsing.yyparse in file "parsing.ml", line 165, characters 4-28
Re-raised at Stdlib__Parsing.yyparse in file "parsing.ml", line 184, characters 8-17
Called from Dune__exe__Test_postincrement.tests.(fun) in file "test/parser/test_postincrement.ml", line 36, characters 22-65
Called from OUnitRunner.run_one_test.(fun) in file "src/lib/ounit2/advanced/oUnitRunner.ml", line 83, characters 13-26

Stdlib.Parsing.Parse_error
------------------------------------------------------------------------------
==============================================================================
Error: testing_postincrement:1:test2.

File "/Users/txy/Desktop/College Homework/Spring 2025/plt/fly/_build/default/test/parser/oUnit-testing_postincrement-xiang-2#02.log", line 2, characters 1-1:
Error: testing_postincrement:1:test2 (in the log).

Raised at Stdlib__Parsing.yyparse.loop in file "parsing.ml", line 139, characters 8-25
Called from Stdlib__Parsing.yyparse in file "parsing.ml", line 165, characters 4-28
Re-raised at Stdlib__Parsing.yyparse in file "parsing.ml", line 184, characters 8-17
Called from Dune__exe__Test_postincrement.tests.(fun) in file "test/parser/test_postincrement.ml", line 18, characters 22-65
Called from OUnitRunner.run_one_test.(fun) in file "src/lib/ounit2/advanced/oUnitRunner.ml", line 83, characters 13-26

Stdlib.Parsing.Parse_error
------------------------------------------------------------------------------
==============================================================================
Error: testing_postincrement:2:test3.

File "/Users/txy/Desktop/College Homework/Spring 2025/plt/fly/_build/default/test/parser/oUnit-testing_postincrement-xiang-2#01.log", line 12, characters 1-1:
Error: testing_postincrement:2:test3 (in the log).

Raised at Stdlib__Parsing.yyparse.loop in file "parsing.ml", line 139, characters 8-25
Called from Stdlib__Parsing.yyparse in file "parsing.ml", line 165, characters 4-28
Re-raised at Stdlib__Parsing.yyparse in file "parsing.ml", line 184, characters 8-17
Called from Dune__exe__Test_postincrement.tests.(fun) in file "test/parser/test_postincrement.ml", line 27, characters 22-65
Called from OUnitRunner.run_one_test.(fun) in file "src/lib/ounit2/advanced/oUnitRunner.ml", line 83, characters 13-26

Stdlib.Parsing.Parse_error
------------------------------------------------------------------------------
==============================================================================
Error: testing_postincrement:0:test1.

File "/Users/txy/Desktop/College Homework/Spring 2025/plt/fly/_build/default/test/parser/oUnit-testing_postincrement-xiang-2#01.log", line 2, characters 1-1:
Error: testing_postincrement:0:test1 (in the log).

Raised at Stdlib__Parsing.yyparse.loop in file "parsing.ml", line 139, characters 8-25
Called from Stdlib__Parsing.yyparse in file "parsing.ml", line 165, characters 4-28
Re-raised at Stdlib__Parsing.yyparse in file "parsing.ml", line 184, characters 8-17
Called from Dune__exe__Test_postincrement.tests.(fun) in file "test/parser/test_postincrement.ml", line 9, characters 22-65
Called from OUnitRunner.run_one_test.(fun) in file "src/lib/ounit2/advanced/oUnitRunner.ml", line 83, characters 13-26

Stdlib.Parsing.Parse_error
------------------------------------------------------------------------------
Ran: 11 tests in: 0.11 seconds.
FAILED: Cases: 11 Tried: 11 Errors: 11 Failures: 0 Skip:  0 Todo: 0 Timeouts: 0.
File "test/parser/dune", line 107, characters 8-26:
107 |   (name test_postdecrement)
              ^^^^^^^^^^^^^^^^^^
EEEEEEE.E.
==============================================================================
Error: testing_postdecrement:6:test7.

File "/Users/txy/Desktop/College Homework/Spring 2025/plt/fly/_build/default/test/parser/oUnit-testing_postdecrement-xiang-2#02.log", line 22, characters 1-1:
Error: testing_postdecrement:6:test7 (in the log).

Raised at Stdlib__Parsing.yyparse.loop in file "parsing.ml", line 139, characters 8-25
Called from Stdlib__Parsing.yyparse in file "parsing.ml", line 165, characters 4-28
Re-raised at Stdlib__Parsing.yyparse in file "parsing.ml", line 184, characters 8-17
Called from Dune__exe__Test_postdecrement.tests.(fun) in file "test/parser/test_postdecrement.ml", line 63, characters 22-65
Called from OUnitRunner.run_one_test.(fun) in file "src/lib/ounit2/advanced/oUnitRunner.ml", line 83, characters 13-26

Stdlib.Parsing.Parse_error
------------------------------------------------------------------------------
==============================================================================
Error: testing_postdecrement:7:test8.

File "/Users/txy/Desktop/College Homework/Spring 2025/plt/fly/_build/default/test/parser/oUnit-testing_postdecrement-xiang-2#01.log", line 42, characters 1-1:
Error: testing_postdecrement:7:test8 (in the log).

Raised at Stdlib__Parsing.yyparse.loop in file "parsing.ml", line 139, characters 8-25
Called from Stdlib__Parsing.yyparse in file "parsing.ml", line 165, characters 4-28
Re-raised at Stdlib__Parsing.yyparse in file "parsing.ml", line 184, characters 8-17
Called from Dune__exe__Test_postdecrement.tests.(fun) in file "test/parser/test_postdecrement.ml", line 72, characters 22-65
Called from OUnitRunner.run_one_test.(fun) in file "src/lib/ounit2/advanced/oUnitRunner.ml", line 83, characters 13-26

Stdlib.Parsing.Parse_error
------------------------------------------------------------------------------
==============================================================================
Error: testing_postdecrement:5:test6.

File "/Users/txy/Desktop/College Homework/Spring 2025/plt/fly/_build/default/test/parser/oUnit-testing_postdecrement-xiang-2#02.log", line 12, characters 1-1:
Error: testing_postdecrement:5:test6 (in the log).

Raised at Stdlib__Parsing.yyparse.loop in file "parsing.ml", line 139, characters 8-25
Called from Stdlib__Parsing.yyparse in file "parsing.ml", line 165, characters 4-28
Re-raised at Stdlib__Parsing.yyparse in file "parsing.ml", line 184, characters 8-17
Called from Dune__exe__Test_postdecrement.tests.(fun) in file "test/parser/test_postdecrement.ml", line 54, characters 22-65
Called from OUnitRunner.run_one_test.(fun) in file "src/lib/ounit2/advanced/oUnitRunner.ml", line 83, characters 13-26

Stdlib.Parsing.Parse_error
------------------------------------------------------------------------------
==============================================================================
Error: testing_postdecrement:4:test5.

File "/Users/txy/Desktop/College Homework/Spring 2025/plt/fly/_build/default/test/parser/oUnit-testing_postdecrement-xiang-2#01.log", line 32, characters 1-1:
Error: testing_postdecrement:4:test5 (in the log).

Raised at Stdlib__Parsing.yyparse.loop in file "parsing.ml", line 139, characters 8-25
Called from Stdlib__Parsing.yyparse in file "parsing.ml", line 165, characters 4-28
Re-raised at Stdlib__Parsing.yyparse in file "parsing.ml", line 184, characters 8-17
Called from Dune__exe__Test_postdecrement.tests.(fun) in file "test/parser/test_postdecrement.ml", line 45, characters 22-65
Called from OUnitRunner.run_one_test.(fun) in file "src/lib/ounit2/advanced/oUnitRunner.ml", line 83, characters 13-26

Stdlib.Parsing.Parse_error
------------------------------------------------------------------------------
==============================================================================
Error: testing_postdecrement:3:test4.

File "/Users/txy/Desktop/College Homework/Spring 2025/plt/fly/_build/default/test/parser/oUnit-testing_postdecrement-xiang-2#01.log", line 22, characters 1-1:
Error: testing_postdecrement:3:test4 (in the log).

Raised at Stdlib__Parsing.yyparse.loop in file "parsing.ml", line 139, characters 8-25
Called from Stdlib__Parsing.yyparse in file "parsing.ml", line 165, characters 4-28
Re-raised at Stdlib__Parsing.yyparse in file "parsing.ml", line 184, characters 8-17
Called from Dune__exe__Test_postdecrement.tests.(fun) in file "test/parser/test_postdecrement.ml", line 36, characters 22-65
Called from OUnitRunner.run_one_test.(fun) in file "src/lib/ounit2/advanced/oUnitRunner.ml", line 83, characters 13-26

Stdlib.Parsing.Parse_error
------------------------------------------------------------------------------
==============================================================================
Error: testing_postdecrement:1:test2.

File "/Users/txy/Desktop/College Homework/Spring 2025/plt/fly/_build/default/test/parser/oUnit-testing_postdecrement-xiang-2#02.log", line 2, characters 1-1:
Error: testing_postdecrement:1:test2 (in the log).

Raised at Stdlib__Parsing.yyparse.loop in file "parsing.ml", line 139, characters 8-25
Called from Stdlib__Parsing.yyparse in file "parsing.ml", line 165, characters 4-28
Re-raised at Stdlib__Parsing.yyparse in file "parsing.ml", line 184, characters 8-17
Called from Dune__exe__Test_postdecrement.tests.(fun) in file "test/parser/test_postdecrement.ml", line 18, characters 22-65
Called from OUnitRunner.run_one_test.(fun) in file "src/lib/ounit2/advanced/oUnitRunner.ml", line 83, characters 13-26

Stdlib.Parsing.Parse_error
------------------------------------------------------------------------------
==============================================================================
Error: testing_postdecrement:2:test3.

File "/Users/txy/Desktop/College Homework/Spring 2025/plt/fly/_build/default/test/parser/oUnit-testing_postdecrement-xiang-2#01.log", line 12, characters 1-1:
Error: testing_postdecrement:2:test3 (in the log).

Raised at Stdlib__Parsing.yyparse.loop in file "parsing.ml", line 139, characters 8-25
Called from Stdlib__Parsing.yyparse in file "parsing.ml", line 165, characters 4-28
Re-raised at Stdlib__Parsing.yyparse in file "parsing.ml", line 184, characters 8-17
Called from Dune__exe__Test_postdecrement.tests.(fun) in file "test/parser/test_postdecrement.ml", line 27, characters 22-65
Called from OUnitRunner.run_one_test.(fun) in file "src/lib/ounit2/advanced/oUnitRunner.ml", line 83, characters 13-26

Stdlib.Parsing.Parse_error
------------------------------------------------------------------------------
==============================================================================
Error: testing_postdecrement:0:test1.

File "/Users/txy/Desktop/College Homework/Spring 2025/plt/fly/_build/default/test/parser/oUnit-testing_postdecrement-xiang-2#01.log", line 2, characters 1-1:
Error: testing_postdecrement:0:test1 (in the log).

Raised at Stdlib__Parsing.yyparse.loop in file "parsing.ml", line 139, characters 8-25
Called from Stdlib__Parsing.yyparse in file "parsing.ml", line 165, characters 4-28
Re-raised at Stdlib__Parsing.yyparse in file "parsing.ml", line 184, characters 8-17
Called from Dune__exe__Test_postdecrement.tests.(fun) in file "test/parser/test_postdecrement.ml", line 9, characters 22-65
Called from OUnitRunner.run_one_test.(fun) in file "src/lib/ounit2/advanced/oUnitRunner.ml", line 83, characters 13-26

Stdlib.Parsing.Parse_error
------------------------------------------------------------------------------
Ran: 10 tests in: 0.11 seconds.
FAILED: Cases: 10 Tried: 10 Errors: 8 Failures: 0 Skip:  0 Todo: 0 Timeouts: 0.
File "test/parser/dune", line 119, characters 8-25:
119 |   (name test_preincrement)
              ^^^^^^^^^^^^^^^^^
EEEEEEEE.
==============================================================================
Error: testing_preincrement:7:test8.

File "/Users/txy/Desktop/College Homework/Spring 2025/plt/fly/_build/default/test/parser/oUnit-testing_preincrement-xiang-2#01.log", line 42, characters 1-1:
Error: testing_preincrement:7:test8 (in the log).

Raised at Stdlib__Parsing.yyparse.loop in file "parsing.ml", line 139, characters 8-25
Called from Stdlib__Parsing.yyparse in file "parsing.ml", line 165, characters 4-28
Re-raised at Stdlib__Parsing.yyparse in file "parsing.ml", line 184, characters 8-17
Called from Dune__exe__Test_preincrement.tests.(fun) in file "test/parser/test_preincrement.ml", line 72, characters 22-65
Called from OUnitRunner.run_one_test.(fun) in file "src/lib/ounit2/advanced/oUnitRunner.ml", line 83, characters 13-26

Stdlib.Parsing.Parse_error
------------------------------------------------------------------------------
==============================================================================
Error: testing_preincrement:6:test7.

File "/Users/txy/Desktop/College Homework/Spring 2025/plt/fly/_build/default/test/parser/oUnit-testing_preincrement-xiang-2#02.log", line 22, characters 1-1:
Error: testing_preincrement:6:test7 (in the log).

Raised at Stdlib__Parsing.yyparse.loop in file "parsing.ml", line 139, characters 8-25
Called from Stdlib__Parsing.yyparse in file "parsing.ml", line 165, characters 4-28
Re-raised at Stdlib__Parsing.yyparse in file "parsing.ml", line 184, characters 8-17
Called from Dune__exe__Test_preincrement.tests.(fun) in file "test/parser/test_preincrement.ml", line 63, characters 22-65
Called from OUnitRunner.run_one_test.(fun) in file "src/lib/ounit2/advanced/oUnitRunner.ml", line 83, characters 13-26

Stdlib.Parsing.Parse_error
------------------------------------------------------------------------------
==============================================================================
Error: testing_preincrement:5:test6.

File "/Users/txy/Desktop/College Homework/Spring 2025/plt/fly/_build/default/test/parser/oUnit-testing_preincrement-xiang-2#01.log", line 32, characters 1-1:
Error: testing_preincrement:5:test6 (in the log).

Raised at Stdlib__Parsing.yyparse.loop in file "parsing.ml", line 139, characters 8-25
Called from Stdlib__Parsing.yyparse in file "parsing.ml", line 165, characters 4-28
Re-raised at Stdlib__Parsing.yyparse in file "parsing.ml", line 184, characters 8-17
Called from Dune__exe__Test_preincrement.tests.(fun) in file "test/parser/test_preincrement.ml", line 54, characters 22-65
Called from OUnitRunner.run_one_test.(fun) in file "src/lib/ounit2/advanced/oUnitRunner.ml", line 83, characters 13-26

Stdlib.Parsing.Parse_error
------------------------------------------------------------------------------
==============================================================================
Error: testing_preincrement:4:test5.

File "/Users/txy/Desktop/College Homework/Spring 2025/plt/fly/_build/default/test/parser/oUnit-testing_preincrement-xiang-2#02.log", line 12, characters 1-1:
Error: testing_preincrement:4:test5 (in the log).

Raised at Stdlib__Parsing.yyparse.loop in file "parsing.ml", line 139, characters 8-25
Called from Stdlib__Parsing.yyparse in file "parsing.ml", line 165, characters 4-28
Re-raised at Stdlib__Parsing.yyparse in file "parsing.ml", line 184, characters 8-17
Called from Dune__exe__Test_preincrement.tests.(fun) in file "test/parser/test_preincrement.ml", line 45, characters 22-65
Called from OUnitRunner.run_one_test.(fun) in file "src/lib/ounit2/advanced/oUnitRunner.ml", line 83, characters 13-26

Stdlib.Parsing.Parse_error
------------------------------------------------------------------------------
==============================================================================
Error: testing_preincrement:3:test4.

File "/Users/txy/Desktop/College Homework/Spring 2025/plt/fly/_build/default/test/parser/oUnit-testing_preincrement-xiang-2#01.log", line 22, characters 1-1:
Error: testing_preincrement:3:test4 (in the log).

Raised at Stdlib__Parsing.yyparse.loop in file "parsing.ml", line 139, characters 8-25
Called from Stdlib__Parsing.yyparse in file "parsing.ml", line 165, characters 4-28
Re-raised at Stdlib__Parsing.yyparse in file "parsing.ml", line 184, characters 8-17
Called from Dune__exe__Test_preincrement.tests.(fun) in file "test/parser/test_preincrement.ml", line 36, characters 22-65
Called from OUnitRunner.run_one_test.(fun) in file "src/lib/ounit2/advanced/oUnitRunner.ml", line 83, characters 13-26

Stdlib.Parsing.Parse_error
------------------------------------------------------------------------------
==============================================================================
Error: testing_preincrement:1:test2.

File "/Users/txy/Desktop/College Homework/Spring 2025/plt/fly/_build/default/test/parser/oUnit-testing_preincrement-xiang-2#02.log", line 2, characters 1-1:
Error: testing_preincrement:1:test2 (in the log).

Raised at Stdlib__Parsing.yyparse.loop in file "parsing.ml", line 139, characters 8-25
Called from Stdlib__Parsing.yyparse in file "parsing.ml", line 165, characters 4-28
Re-raised at Stdlib__Parsing.yyparse in file "parsing.ml", line 184, characters 8-17
Called from Dune__exe__Test_preincrement.tests.(fun) in file "test/parser/test_preincrement.ml", line 18, characters 22-65
Called from OUnitRunner.run_one_test.(fun) in file "src/lib/ounit2/advanced/oUnitRunner.ml", line 83, characters 13-26

Stdlib.Parsing.Parse_error
------------------------------------------------------------------------------
==============================================================================
Error: testing_preincrement:2:test3.

File "/Users/txy/Desktop/College Homework/Spring 2025/plt/fly/_build/default/test/parser/oUnit-testing_preincrement-xiang-2#01.log", line 12, characters 1-1:
Error: testing_preincrement:2:test3 (in the log).

Raised at Stdlib__Parsing.yyparse.loop in file "parsing.ml", line 139, characters 8-25
Called from Stdlib__Parsing.yyparse in file "parsing.ml", line 165, characters 4-28
Re-raised at Stdlib__Parsing.yyparse in file "parsing.ml", line 184, characters 8-17
Called from Dune__exe__Test_preincrement.tests.(fun) in file "test/parser/test_preincrement.ml", line 27, characters 22-65
Called from OUnitRunner.run_one_test.(fun) in file "src/lib/ounit2/advanced/oUnitRunner.ml", line 83, characters 13-26

Stdlib.Parsing.Parse_error
------------------------------------------------------------------------------
==============================================================================
Error: testing_preincrement:0:test1.

File "/Users/txy/Desktop/College Homework/Spring 2025/plt/fly/_build/default/test/parser/oUnit-testing_preincrement-xiang-2#01.log", line 2, characters 1-1:
Error: testing_preincrement:0:test1 (in the log).

Raised at Stdlib__Parsing.yyparse.loop in file "parsing.ml", line 139, characters 8-25
Called from Stdlib__Parsing.yyparse in file "parsing.ml", line 165, characters 4-28
Re-raised at Stdlib__Parsing.yyparse in file "parsing.ml", line 184, characters 8-17
Called from Dune__exe__Test_preincrement.tests.(fun) in file "test/parser/test_preincrement.ml", line 9, characters 22-65
Called from OUnitRunner.run_one_test.(fun) in file "src/lib/ounit2/advanced/oUnitRunner.ml", line 83, characters 13-26

Stdlib.Parsing.Parse_error
------------------------------------------------------------------------------
Ran: 9 tests in: 0.11 seconds.
FAILED: Cases: 9 Tried: 9 Errors: 8 Failures: 0 Skip:  0 Todo: 0 Timeouts: 0.
